begin ~ P0 increment
increment 0 P1 rewind
increment 1 P0,L increment
increment ~ P1 rewind
rewind 0 R rewind
rewind 1 R rewind
rewind ~ L increment

ops : P0
head: v (increment)
tape: 0
ops : P1
head: v (rewind)
tape: 1
ops : R
head:  v (rewind)
tape: 1~
ops : L
head: v (increment)
tape: 1
ops : P0,L
head: v (increment)
tape: ~0
ops : P1
head: v (rewind)
tape: 10
ops : R
head:  v (rewind)
tape: 10
ops : R
head:   v (rewind)
tape: 10~
ops : L
head:  v (increment)
tape: 10
ops : P1
head:  v (rewind)
tape: 11
ops : R
head:   v (rewind)
tape: 11~
ops : L
head:  v (increment)
tape: 11
ops : P0,L
head: v (increment)
tape: 10
ops : P0,L
head: v (increment)
tape: ~00
ops : P1
head: v (rewind)
tape: 100
ops : R
head:  v (rewind)
tape: 100
ops : R
head:   v (rewind)
tape: 100
ops : R
head:    v (rewind)
tape: 100~
ops : L
head:   v (increment)
tape: 100
ops : P1
head:   v (rewind)
tape: 101
ops : R
head:    v (rewind)
tape: 101~
ops : L
head:   v (increment)
tape: 101
ops : P0,L
head:  v (increment)
tape: 100
ops : P1
head:  v (rewind)
tape: 110
ops : R
head:   v (rewind)
tape: 110
ops : R
head:    v (rewind)
tape: 110~
ops : L
head:   v (increment)
tape: 110
ops : P1
head:   v (rewind)
tape: 111
ops : R
head:    v (rewind)
tape: 111~
ops : L
head:   v (increment)
tape: 111
ops : P0,L
head:  v (increment)
tape: 110
ops : P0,L
head: v (increment)
tape: 100
ops : P0,L
head: v (increment)
tape: ~000
ops : P1
head: v (rewind)
tape: 1000
ops : R
head:  v (rewind)
tape: 1000
ops : R
head:   v (rewind)
tape: 1000
ops : R
head:    v (rewind)
tape: 1000
ops : R
head:     v (rewind)
tape: 1000~
ops : L
head:    v (increment)
tape: 1000
ops : P1
head:    v (rewind)
tape: 1001
ops : R
head:     v (rewind)
tape: 1001~
ops : L
head:    v (increment)
tape: 1001
ops : P0,L
head:   v (increment)
tape: 1000
ops : P1
head:   v (rewind)
tape: 1010
ops : R
head:    v (rewind)
tape: 1010
ops : R
head:     v (rewind)
tape: 1010~
ops : L
head:    v (increment)
tape: 1010
ops : P1
head:    v (rewind)
tape: 1011
ops : R
head:     v (rewind)
tape: 1011~
ops : L
head:    v (increment)
tape: 1011
ops : P0,L
head:   v (increment)
tape: 1010
ops : P0,L
head:  v (increment)
tape: 1000
ops : P1
head:  v (rewind)
tape: 1100
ops : R
head:   v (rewind)
tape: 1100
ops : R
head:    v (rewind)
tape: 1100
ops : R
head:     v (rewind)
tape: 1100~
ops : L
head:    v (increment)
tape: 1100
ops : P1
head:    v (rewind)
tape: 1101
ops : R
head:     v (rewind)
tape: 1101~
ops : L
head:    v (increment)
tape: 1101
ops : P0,L
head:   v (increment)
tape: 1100
ops : P1
head:   v (rewind)
tape: 1110
ops : R
head:    v (rewind)
tape: 1110
ops : R
head:     v (rewind)
tape: 1110~
ops : L
head:    v (increment)
tape: 1110
ops : P1
head:    v (rewind)
tape: 1111
ops : R
head:     v (rewind)
tape: 1111~
ops : L
head:    v (increment)
tape: 1111
ops : P0,L
head:   v (increment)
tape: 1110
ops : P0,L
head:  v (increment)
tape: 1100
ops : P0,L
head: v (increment)
tape: 1000
ops : P0,L
head: v (increment)
tape: ~0000
ops : P1
head: v (rewind)
tape: 10000
ops : R
head:  v (rewind)
tape: 10000
ops : R
head:   v (rewind)
tape: 10000
ops : R
head:    v (rewind)
tape: 10000
ops : R
head:     v (rewind)
tape: 10000
ops : R
head:      v (rewind)
tape: 10000~
ops : L
head:     v (increment)
tape: 10000
ops : P1
head:     v (rewind)
tape: 10001
ops : R
head:      v (rewind)
tape: 10001~
ops : L
head:     v (increment)
tape: 10001
ops : P0,L
head:    v (increment)
tape: 10000
ops : P1
head:    v (rewind)
tape: 10010
ops : R
head:     v (rewind)
tape: 10010
ops : R
head:      v (rewind)
tape: 10010~
ops : L
head:     v (increment)
tape: 10010
ops : P1
head:     v (rewind)
tape: 10011
ops : R
head:      v (rewind)
tape: 10011~
ops : L
head:     v (increment)
tape: 10011
ops : P0,L
head:    v (increment)
tape: 10010
ops : P0,L
head:   v (increment)
tape: 10000
ops : P1
head:   v (rewind)
tape: 10100
ops : R
head:    v (rewind)
tape: 10100
ops : R
head:     v (rewind)
tape: 10100
ops : R
head:      v (rewind)
tape: 10100~
ops : L
head:     v (increment)
tape: 10100
ops : P1
head:     v (rewind)
tape: 10101
ops : R
head:      v (rewind)
tape: 10101~
ops : L
head:     v (increment)
tape: 10101
ops : P0,L
head:    v (increment)
tape: 10100
ops : P1
head:    v (rewind)
tape: 10110
ops : R
head:     v (rewind)
tape: 10110
ops : R
head:      v (rewind)
tape: 10110~
ops : L
head:     v (increment)
tape: 10110
ops : P1
head:     v (rewind)
tape: 10111
ops : R
head:      v (rewind)
tape: 10111~
ops : L
head:     v (increment)
tape: 10111
ops : P0,L
head:    v (increment)
tape: 10110
ops : P0,L
head:   v (increment)
tape: 10100
ops : P0,L
head:  v (increment)
tape: 10000
ops : P1
head:  v (rewind)
tape: 11000
ops : R
head:   v (rewind)
tape: 11000
ops : R
head:    v (rewind)
tape: 11000
ops : R
head:     v (rewind)
tape: 11000
ops : R
head:      v (rewind)
tape: 11000~
ops : L
head:     v (increment)
tape: 11000
ops : P1
head:     v (rewind)
tape: 11001
ops : R
head:      v (rewind)
tape: 11001~
ops : L
head:     v (increment)
tape: 11001
ops : P0,L
head:    v (increment)
tape: 11000
ops : P1
head:    v (rewind)
tape: 11010
ops : R
head:     v (rewind)
tape: 11010
ops : R
head:      v (rewind)
tape: 11010~
ops : L
head:     v (increment)
tape: 11010
ops : P1
head:     v (rewind)
tape: 11011
ops : R
head:      v (rewind)
tape: 11011~
ops : L
head:     v (increment)
tape: 11011
ops : P0,L
head:    v (increment)
tape: 11010
ops : P0,L
head:   v (increment)
tape: 11000
ops : P1
head:   v (rewind)
tape: 11100
ops : R
head:    v (rewind)
tape: 11100
ops : R
head:     v (rewind)
tape: 11100
ops : R
head:      v (rewind)
tape: 11100~
ops : L
head:     v (increment)
tape: 11100
ops : P1
head:     v (rewind)
tape: 11101
ops : R
head:      v (rewind)
tape: 11101~
ops : L
head:     v (increment)
tape: 11101
ops : P0,L
head:    v (increment)
tape: 11100
ops : P1
head:    v (rewind)
tape: 11110
ops : R
head:     v (rewind)
tape: 11110
ops : R
head:      v (rewind)
tape: 11110~
ops : L
head:     v (increment)
tape: 11110
ops : P1
head:     v (rewind)
tape: 11111
ops : R
head:      v (rewind)
tape: 11111~
ops : L
head:     v (increment)
tape: 11111
ops : P0,L
head:    v (increment)
tape: 11110
ops : P0,L
head:   v (increment)
tape: 11100
ops : P0,L
head:  v (increment)
tape: 11000
ops : P0,L
head: v (increment)
tape: 10000
ops : P0,L
head: v (increment)
tape: ~00000
ops : P1
head: v (rewind)
tape: 100000
ops : R
head:  v (rewind)
tape: 100000
ops : R
head:   v (rewind)
tape: 100000
ops : R
head:    v (rewind)
tape: 100000
ops : R
head:     v (rewind)
tape: 100000
ops : R
head:      v (rewind)
tape: 100000
ops : R
head:       v (rewind)
tape: 100000~
ops : L
head:      v (increment)
tape: 100000
ops : P1
head:      v (rewind)
tape: 100001
ops : R
head:       v (rewind)
tape: 100001~
ops : L
head:      v (increment)
tape: 100001
ops : P0,L
head:     v (increment)
tape: 100000
ops : P1
head:     v (rewind)
tape: 100010
ops : R
head:      v (rewind)
tape: 100010
ops : R
head:       v (rewind)
tape: 100010~
ops : L
head:      v (increment)
tape: 100010
ops : P1
head:      v (rewind)
tape: 100011
ops : R
head:       v (rewind)
tape: 100011~
ops : L
head:      v (increment)
tape: 100011
ops : P0,L
head:     v (increment)
tape: 100010
ops : P0,L
head:    v (increment)
tape: 100000
ops : P1
head:    v (rewind)
tape: 100100
ops : R
head:     v (rewind)
tape: 100100
ops : R
head:      v (rewind)
tape: 100100
ops : R
head:       v (rewind)
tape: 100100~
ops : L
head:      v (increment)
tape: 100100
ops : P1
head:      v (rewind)
tape: 100101
ops : R
head:       v (rewind)
tape: 100101~
ops : L
head:      v (increment)
tape: 100101
ops : P0,L
head:     v (increment)
tape: 100100
ops : P1
head:     v (rewind)
tape: 100110
ops : R
head:      v (rewind)
tape: 100110
ops : R
head:       v (rewind)
tape: 100110~
ops : L
head:      v (increment)
tape: 100110
ops : P1
head:      v (rewind)
tape: 100111
ops : R
head:       v (rewind)
tape: 100111~
ops : L
head:      v (increment)
tape: 100111
ops : P0,L
head:     v (increment)
tape: 100110
ops : P0,L
head:    v (increment)
tape: 100100
ops : P0,L
head:   v (increment)
tape: 100000
ops : P1
head:   v (rewind)
tape: 101000
ops : R
head:    v (rewind)
tape: 101000
ops : R
head:     v (rewind)
tape: 101000
ops : R
head:      v (rewind)
tape: 101000
ops : R
head:       v (rewind)
tape: 101000~
ops : L
head:      v (increment)
tape: 101000
ops : P1
head:      v (rewind)
tape: 101001
ops : R
head:       v (rewind)
tape: 101001~
ops : L
head:      v (increment)
tape: 101001
ops : P0,L
head:     v (increment)
tape: 101000
ops : P1
head:     v (rewind)
tape: 101010
ops : R
head:      v (rewind)
tape: 101010
ops : R
head:       v (rewind)
tape: 101010~
ops : L
head:      v (increment)
tape: 101010
ops : P1
head:      v (rewind)
tape: 101011
ops : R
head:       v (rewind)
tape: 101011~
ops : L
head:      v (increment)
tape: 101011
ops : P0,L
head:     v (increment)
tape: 101010
ops : P0,L
head:    v (increment)
tape: 101000
ops : P1
head:    v (rewind)
tape: 101100
ops : R
head:     v (rewind)
tape: 101100
ops : R
head:      v (rewind)
tape: 101100
ops : R
head:       v (rewind)
tape: 101100~
ops : L
head:      v (increment)
tape: 101100
ops : P1
head:      v (rewind)
tape: 101101
ops : R
head:       v (rewind)
tape: 101101~
ops : L
head:      v (increment)
tape: 101101
ops : P0,L
head:     v (increment)
tape: 101100
ops : P1
head:     v (rewind)
tape: 101110
ops : R
head:      v (rewind)
tape: 101110
ops : R
head:       v (rewind)
tape: 101110~
ops : L
head:      v (increment)
tape: 101110
ops : P1
head:      v (rewind)
tape: 101111
ops : R
head:       v (rewind)
tape: 101111~
ops : L
head:      v (increment)
tape: 101111
ops : P0,L
head:     v (increment)
tape: 101110
ops : P0,L
head:    v (increment)
tape: 101100
ops : P0,L
head:   v (increment)
tape: 101000
ops : P0,L
head:  v (increment)
tape: 100000
ops : P1
head:  v (rewind)
tape: 110000
ops : R
head:   v (rewind)
tape: 110000
ops : R
head:    v (rewind)
tape: 110000
ops : R
head:     v (rewind)
tape: 110000
ops : R
head:      v (rewind)
tape: 110000
ops : R
head:       v (rewind)
tape: 110000~
ops : L
head:      v (increment)
tape: 110000
ops : P1
head:      v (rewind)
tape: 110001
ops : R
head:       v (rewind)
tape: 110001~
ops : L
head:      v (increment)
tape: 110001
ops : P0,L
head:     v (increment)
tape: 110000
ops : P1
head:     v (rewind)
tape: 110010
ops : R
head:      v (rewind)
tape: 110010
ops : R
head:       v (rewind)
tape: 110010~
ops : L
head:      v (increment)
tape: 110010
ops : P1
head:      v (rewind)
tape: 110011
ops : R
head:       v (rewind)
tape: 110011~
ops : L
head:      v (increment)
tape: 110011
ops : P0,L
head:     v (increment)
tape: 110010
ops : P0,L
head:    v (increment)
tape: 110000
ops : P1
head:    v (rewind)
tape: 110100
ops : R
head:     v (rewind)
tape: 110100
ops : R
head:      v (rewind)
tape: 110100
ops : R
head:       v (rewind)
tape: 110100~
ops : L
head:      v (increment)
tape: 110100
ops : P1
head:      v (rewind)
tape: 110101
ops : R
head:       v (rewind)
tape: 110101~
ops : L
head:      v (increment)
tape: 110101
ops : P0,L
head:     v (increment)
tape: 110100
ops : P1
head:     v (rewind)
tape: 110110
ops : R
head:      v (rewind)
tape: 110110
ops : R
head:       v (rewind)
tape: 110110~
ops : L
head:      v (increment)
tape: 110110
ops : P1
head:      v (rewind)
tape: 110111
ops : R
head:       v (rewind)
tape: 110111~
ops : L
head:      v (increment)
tape: 110111
ops : P0,L
head:     v (increment)
tape: 110110
ops : P0,L
head:    v (increment)
tape: 110100
ops : P0,L
head:   v (increment)
tape: 110000
ops : P1
head:   v (rewind)
tape: 111000
ops : R
head:    v (rewind)
tape: 111000
ops : R
head:     v (rewind)
tape: 111000
ops : R
head:      v (rewind)
tape: 111000
ops : R
head:       v (rewind)
tape: 111000~
ops : L
head:      v (increment)
tape: 111000
ops : P1
head:      v (rewind)
tape: 111001
ops : R
head:       v (rewind)
tape: 111001~
ops : L
head:      v (increment)
tape: 111001
ops : P0,L
head:     v (increment)
tape: 111000
ops : P1
head:     v (rewind)
tape: 111010
ops : R
head:      v (rewind)
tape: 111010
ops : R
head:       v (rewind)
tape: 111010~
ops : L
head:      v (increment)
tape: 111010
ops : P1
head:      v (rewind)
tape: 111011
ops : R
head:       v (rewind)
tape: 111011~
ops : L
head:      v (increment)
tape: 111011
ops : P0,L
head:     v (increment)
tape: 111010
ops : P0,L
head:    v (increment)
tape: 111000
ops : P1
head:    v (rewind)
tape: 111100
ops : R
head:     v (rewind)
tape: 111100
ops : R
head:      v (rewind)
tape: 111100
ops : R
head:       v (rewind)
tape: 111100~
ops : L
head:      v (increment)
tape: 111100
ops : P1
head:      v (rewind)
tape: 111101
ops : R
head:       v (rewind)
tape: 111101~
ops : L
head:      v (increment)
tape: 111101
ops : P0,L
head:     v (increment)
tape: 111100
ops : P1
head:     v (rewind)
tape: 111110
ops : R
head:      v (rewind)
tape: 111110
ops : R
head:       v (rewind)
tape: 111110~
ops : L
head:      v (increment)
tape: 111110
ops : P1
head:      v (rewind)
tape: 111111
ops : R
head:       v (rewind)
tape: 111111~
ops : L
head:      v (increment)
tape: 111111
ops : P0,L
head:     v (increment)
tape: 111110
ops : P0,L
head:    v (increment)
tape: 111100
ops : P0,L
head:   v (increment)
tape: 111000
ops : P0,L
head:  v (increment)
tape: 110000
ops : P0,L
head: v (increment)
tape: 100000
ops : P0,L
head: v (increment)
tape: ~000000
ops : P1
head: v (rewind)
tape: 1000000
ops : R
head:  v (rewind)
tape: 1000000
ops : R
head:   v (rewind)
tape: 1000000
ops : R
head:    v (rewind)
tape: 1000000
ops : R
head:     v (rewind)
tape: 1000000
ops : R
head:      v (rewind)
tape: 1000000
ops : R
head:       v (rewind)
tape: 1000000
ops : R
head:        v (rewind)
tape: 1000000~
ops : L
head:       v (increment)
tape: 1000000
ops : P1
head:       v (rewind)
tape: 1000001
ops : R
head:        v (rewind)
tape: 1000001~
ops : L
head:       v (increment)
tape: 1000001
ops : P0,L
head:      v (increment)
tape: 1000000
ops : P1
head:      v (rewind)
tape: 1000010
ops : R
head:       v (rewind)
tape: 1000010
ops : R
head:        v (rewind)
tape: 1000010~
ops : L
head:       v (increment)
tape: 1000010
ops : P1
head:       v (rewind)
tape: 1000011
ops : R
head:        v (rewind)
tape: 1000011~
ops : L
head:       v (increment)
tape: 1000011
ops : P0,L
head:      v (increment)
tape: 1000010
ops : P0,L
head:     v (increment)
tape: 1000000
ops : P1
head:     v (rewind)
tape: 1000100
ops : R
head:      v (rewind)
tape: 1000100
ops : R
head:       v (rewind)
tape: 1000100
ops : R
head:        v (rewind)
tape: 1000100~
ops : L
head:       v (increment)
tape: 1000100
ops : P1
head:       v (rewind)
tape: 1000101
ops : R
head:        v (rewind)
tape: 1000101~
ops : L
head:       v (increment)
tape: 1000101
ops : P0,L
head:      v (increment)
tape: 1000100
ops : P1
head:      v (rewind)
tape: 1000110
ops : R
head:       v (rewind)
tape: 1000110
ops : R
head:        v (rewind)
tape: 1000110~
ops : L
head:       v (increment)
tape: 1000110
ops : P1
head:       v (rewind)
tape: 1000111
ops : R
head:        v (rewind)
tape: 1000111~
ops : L
head:       v (increment)
tape: 1000111
ops : P0,L
head:      v (increment)
tape: 1000110
ops : P0,L
head:     v (increment)
tape: 1000100
ops : P0,L
head:    v (increment)
tape: 1000000
ops : P1
head:    v (rewind)
tape: 1001000
ops : R
head:     v (rewind)
tape: 1001000
ops : R
head:      v (rewind)
tape: 1001000
ops : R
head:       v (rewind)
tape: 1001000
ops : R
head:        v (rewind)
tape: 1001000~
ops : L
head:       v (increment)
tape: 1001000
ops : P1
head:       v (rewind)
tape: 1001001
ops : R
head:        v (rewind)
tape: 1001001~
ops : L
head:       v (increment)
tape: 1001001
ops : P0,L
head:      v (increment)
tape: 1001000
ops : P1
head:      v (rewind)
tape: 1001010
ops : R
head:       v (rewind)
tape: 1001010
ops : R
head:        v (rewind)
tape: 1001010~
ops : L
head:       v (increment)
tape: 1001010
ops : P1
head:       v (rewind)
tape: 1001011
ops : R
head:        v (rewind)
tape: 1001011~
ops : L
head:       v (increment)
tape: 1001011
ops : P0,L
head:      v (increment)
tape: 1001010
ops : P0,L
head:     v (increment)
tape: 1001000
ops : P1
head:     v (rewind)
tape: 1001100
ops : R
head:      v (rewind)
tape: 1001100
ops : R
head:       v (rewind)
tape: 1001100
ops : R
head:        v (rewind)
tape: 1001100~
ops : L
head:       v (increment)
tape: 1001100
ops : P1
head:       v (rewind)
tape: 1001101
ops : R
head:        v (rewind)
tape: 1001101~
ops : L
head:       v (increment)
tape: 1001101
ops : P0,L
head:      v (increment)
tape: 1001100
ops : P1
head:      v (rewind)
tape: 1001110
ops : R
head:       v (rewind)
tape: 1001110
ops : R
head:        v (rewind)
tape: 1001110~
ops : L
head:       v (increment)
tape: 1001110
ops : P1
head:       v (rewind)
tape: 1001111
ops : R
head:        v (rewind)
tape: 1001111~
ops : L
head:       v (increment)
tape: 1001111
ops : P0,L
head:      v (increment)
tape: 1001110
ops : P0,L
head:     v (increment)
tape: 1001100
ops : P0,L
head:    v (increment)
tape: 1001000
ops : P0,L
head:   v (increment)
tape: 1000000
ops : P1
head:   v (rewind)
tape: 1010000
ops : R
head:    v (rewind)
tape: 1010000
ops : R
head:     v (rewind)
tape: 1010000
ops : R
head:      v (rewind)
tape: 1010000
ops : R
head:       v (rewind)
tape: 1010000
ops : R
head:        v (rewind)
tape: 1010000~
ops : L
head:       v (increment)
tape: 1010000
ops : P1
head:       v (rewind)
tape: 1010001
ops : R
head:        v (rewind)
tape: 1010001~
ops : L
head:       v (increment)
tape: 1010001
ops : P0,L
head:      v (increment)
tape: 1010000
ops : P1
head:      v (rewind)
tape: 1010010
ops : R
head:       v (rewind)
tape: 1010010
ops : R
head:        v (rewind)
tape: 1010010~
ops : L
head:       v (increment)
tape: 1010010
ops : P1
head:       v (rewind)
tape: 1010011
ops : R
head:        v (rewind)
tape: 1010011~
ops : L
head:       v (increment)
tape: 1010011
ops : P0,L
head:      v (increment)
tape: 1010010
ops : P0,L
head:     v (increment)
tape: 1010000
ops : P1
head:     v (rewind)
tape: 1010100
ops : R
head:      v (rewind)
tape: 1010100
ops : R
head:       v (rewind)
tape: 1010100
ops : R
head:        v (rewind)
tape: 1010100~
ops : L
head:       v (increment)
tape: 1010100
ops : P1
head:       v (rewind)
tape: 1010101
ops : R
head:        v (rewind)
tape: 1010101~
ops : L
head:       v (increment)
tape: 1010101
ops : P0,L
head:      v (increment)
tape: 1010100
ops : P1
head:      v (rewind)
tape: 1010110
ops : R
head:       v (rewind)
tape: 1010110
ops : R
head:        v (rewind)
tape: 1010110~
ops : L
head:       v (increment)
tape: 1010110
ops : P1
head:       v (rewind)
tape: 1010111
ops : R
head:        v (rewind)
tape: 1010111~
ops : L
head:       v (increment)
tape: 1010111
ops : P0,L
head:      v (increment)
tape: 1010110
ops : P0,L
head:     v (increment)
tape: 1010100
ops : P0,L
head:    v (increment)
tape: 1010000
ops : P1
head:    v (rewind)
tape: 1011000
ops : R
head:     v (rewind)
tape: 1011000
ops : R
head:      v (rewind)
tape: 1011000
ops : R
head:       v (rewind)
tape: 1011000
ops : R
head:        v (rewind)
tape: 1011000~
ops : L
head:       v (increment)
tape: 1011000
ops : P1
head:       v (rewind)
tape: 1011001
ops : R
head:        v (rewind)
tape: 1011001~
ops : L
head:       v (increment)
tape: 1011001
ops : P0,L
head:      v (increment)
tape: 1011000
ops : P1
head:      v (rewind)
tape: 1011010
ops : R
head:       v (rewind)
tape: 1011010
ops : R
head:        v (rewind)
tape: 1011010~
ops : L
head:       v (increment)
tape: 1011010
ops : P1
head:       v (rewind)
tape: 1011011
ops : R
head:        v (rewind)
tape: 1011011~
ops : L
head:       v (increment)
tape: 1011011
ops : P0,L
head:      v (increment)
tape: 1011010
ops : P0,L
head:     v (increment)
tape: 1011000
ops : P1
head:     v (rewind)
tape: 1011100
ops : R
head:      v (rewind)
tape: 1011100
ops : R
head:       v (rewind)
tape: 1011100
ops : R
head:        v (rewind)
tape: 1011100~
ops : L
head:       v (increment)
tape: 1011100
ops : P1
head:       v (rewind)
tape: 1011101
ops : R
head:        v (rewind)
tape: 1011101~
ops : L
head:       v (increment)
tape: 1011101
ops : P0,L
head:      v (increment)
tape: 1011100
ops : P1
head:      v (rewind)
tape: 1011110
ops : R
head:       v (rewind)
tape: 1011110
ops : R
head:        v (rewind)
tape: 1011110~
ops : L
head:       v (increment)
tape: 1011110
ops : P1
head:       v (rewind)
tape: 1011111
ops : R
head:        v (rewind)
tape: 1011111~
ops : L
head:       v (increment)
tape: 1011111
ops : P0,L
head:      v (increment)
tape: 1011110
ops : P0,L
head:     v (increment)
tape: 1011100
ops : P0,L
head:    v (increment)
tape: 1011000
ops : P0,L
head:   v (increment)
tape: 1010000
ops : P0,L
head:  v (increment)
tape: 1000000
ops : P1
head:  v (rewind)
tape: 1100000
ops : R
head:   v (rewind)
tape: 1100000
ops : R
head:    v (rewind)
tape: 1100000
ops : R
head:     v (rewind)
tape: 1100000
ops : R
head:      v (rewind)
tape: 1100000
ops : R
head:       v (rewind)
tape: 1100000
ops : R
head:        v (rewind)
tape: 1100000~
ops : L
head:       v (increment)
tape: 1100000
ops : P1
head:       v (rewind)
tape: 1100001
ops : R
head:        v (rewind)
tape: 1100001~
ops : L
head:       v (increment)
tape: 1100001
ops : P0,L
head:      v (increment)
tape: 1100000
ops : P1
head:      v (rewind)
tape: 1100010
ops : R
head:       v (rewind)
tape: 1100010
ops : R
head:        v (rewind)
tape: 1100010~
ops : L
head:       v (increment)
tape: 1100010
ops : P1
head:       v (rewind)
tape: 1100011
ops : R
head:        v (rewind)
tape: 1100011~
ops : L
head:       v (increment)
tape: 1100011
ops : P0,L
head:      v (increment)
tape: 1100010
ops : P0,L
head:     v (increment)
tape: 1100000
ops : P1
head:     v (rewind)
tape: 1100100
ops : R
head:      v (rewind)
tape: 1100100
ops : R
head:       v (rewind)
tape: 1100100
ops : R
head:        v (rewind)
tape: 1100100~
ops : L
head:       v (increment)
tape: 1100100
ops : P1
head:       v (rewind)
tape: 1100101
ops : R
head:        v (rewind)
tape: 1100101~
ops : L
head:       v (increment)
tape: 1100101
ops : P0,L
head:      v (increment)
tape: 1100100
ops : P1
head:      v (rewind)
tape: 1100110
ops : R
head:       v (rewind)
tape: 1100110
ops : R
head:        v (rewind)
tape: 1100110~
ops : L
head:       v (increment)
tape: 1100110
ops : P1
head:       v (rewind)
tape: 1100111
ops : R
head:        v (rewind)
tape: 1100111~
ops : L
head:       v (increment)
tape: 1100111
ops : P0,L
head:      v (increment)
tape: 1100110
ops : P0,L
head:     v (increment)
tape: 1100100
ops : P0,L
head:    v (increment)
tape: 1100000
ops : P1
head:    v (rewind)
tape: 1101000
ops : R
head:     v (rewind)
tape: 1101000
ops : R
head:      v (rewind)
tape: 1101000
ops : R
head:       v (rewind)
tape: 1101000
ops : R
head:        v (rewind)
tape: 1101000~
ops : L
head:       v (increment)
tape: 1101000
ops : P1
head:       v (rewind)
tape: 1101001
ops : R
head:        v (rewind)
tape: 1101001~
ops : L
head:       v (increment)
tape: 1101001
ops : P0,L
head:      v (increment)
tape: 1101000
ops : P1
head:      v (rewind)
tape: 1101010
ops : R
head:       v (rewind)
tape: 1101010
ops : R
head:        v (rewind)
tape: 1101010~
ops : L
head:       v (increment)
tape: 1101010
ops : P1
head:       v (rewind)
tape: 1101011
ops : R
head:        v (rewind)
tape: 1101011~
ops : L
head:       v (increment)
tape: 1101011
ops : P0,L
head:      v (increment)
tape: 1101010
ops : P0,L
head:     v (increment)
tape: 1101000
ops : P1
head:     v (rewind)
tape: 1101100
ops : R
head:      v (rewind)
tape: 1101100
ops : R
head:       v (rewind)
tape: 1101100
ops : R
head:        v (rewind)
tape: 1101100~
ops : L
head:       v (increment)
tape: 1101100
ops : P1
head:       v (rewind)
tape: 1101101
ops : R
head:        v (rewind)
tape: 1101101~
ops : L
head:       v (increment)
tape: 1101101
ops : P0,L
head:      v (increment)
tape: 1101100
ops : P1
head:      v (rewind)
tape: 1101110
ops : R
head:       v (rewind)
tape: 1101110
ops : R
head:        v (rewind)
tape: 1101110~
ops : L
head:       v (increment)
tape: 1101110
ops : P1
head:       v (rewind)
tape: 1101111
ops : R
head:        v (rewind)
tape: 1101111~
ops : L
head:       v (increment)
tape: 1101111
ops : P0,L
head:      v (increment)
tape: 1101110
ops : P0,L
head:     v (increment)
tape: 1101100
ops : P0,L
head:    v (increment)
tape: 1101000
ops : P0,L
head:   v (increment)
tape: 1100000
ops : P1
head:   v (rewind)
tape: 1110000
ops : R
head:    v (rewind)
tape: 1110000
ops : R
head:     v (rewind)
tape: 1110000
ops : R
head:      v (rewind)
tape: 1110000
ops : R
head:       v (rewind)
tape: 1110000
ops : R
head:        v (rewind)
tape: 1110000~
ops : L
head:       v (increment)
tape: 1110000
ops : P1
head:       v (rewind)
tape: 1110001
ops : R
head:        v (rewind)
tape: 1110001~
ops : L
head:       v (increment)
tape: 1110001
ops : P0,L
head:      v (increment)
tape: 1110000
ops : P1
head:      v (rewind)
tape: 1110010
ops : R
head:       v (rewind)
tape: 1110010
ops : R
head:        v (rewind)
tape: 1110010~
ops : L
head:       v (increment)
tape: 1110010
ops : P1
head:       v (rewind)
tape: 1110011
ops : R
head:        v (rewind)
tape: 1110011~
ops : L
head:       v (increment)
tape: 1110011
ops : P0,L
head:      v (increment)
tape: 1110010
ops : P0,L
head:     v (increment)
tape: 1110000
ops : P1
head:     v (rewind)
tape: 1110100
ops : R
head:      v (rewind)
tape: 1110100
ops : R
head:       v (rewind)
tape: 1110100
ops : R
head:        v (rewind)
tape: 1110100~
ops : L
head:       v (increment)
tape: 1110100
ops : P1
head:       v (rewind)
tape: 1110101
ops : R
head:        v (rewind)
tape: 1110101~
ops : L
head:       v (increment)
tape: 1110101
ops : P0,L
head:      v (increment)
tape: 1110100
ops : P1
head:      v (rewind)
tape: 1110110
ops : R
head:       v (rewind)
tape: 1110110
ops : R
head:        v (rewind)
tape: 1110110~
ops : L
head:       v (increment)
tape: 1110110
ops : P1
head:       v (rewind)
tape: 1110111
ops : R
head:        v (rewind)
tape: 1110111~
ops : L
head:       v (increment)
tape: 1110111
ops : P0,L
head:      v (increment)
tape: 1110110
ops : P0,L
head:     v (increment)
tape: 1110100
ops : P0,L
head:    v (increment)
tape: 1110000
ops : P1
head:    v (rewind)
tape: 1111000
ops : R
head:     v (rewind)
tape: 1111000
ops : R
head:      v (rewind)
tape: 1111000
ops : R
head:       v (rewind)
tape: 1111000
ops : R
head:        v (rewind)
tape: 1111000~
ops : L
head:       v (increment)
tape: 1111000
ops : P1
head:       v (rewind)
tape: 1111001
ops : R
head:        v (rewind)
tape: 1111001~
ops : L
head:       v (increment)
tape: 1111001
ops : P0,L
head:      v (increment)
tape: 1111000
ops : P1
head:      v (rewind)
tape: 1111010
ops : R
head:       v (rewind)
tape: 1111010
ops : R
head:        v (rewind)
tape: 1111010~
ops : L
head:       v (increment)
tape: 1111010
ops : P1
head:       v (rewind)
tape: 1111011
ops : R
head:        v (rewind)
tape: 1111011~
ops : L
head:       v (increment)
tape: 1111011
ops : P0,L
head:      v (increment)
tape: 1111010
ops : P0,L
head:     v (increment)
tape: 1111000
ops : P1
head:     v (rewind)
tape: 1111100
ops : R
head:      v (rewind)
tape: 1111100
ops : R
head:       v (rewind)
tape: 1111100
ops : R
head:        v (rewind)
tape: 1111100~
ops : L
head:       v (increment)
tape: 1111100
ops : P1
head:       v (rewind)
tape: 1111101
ops : R
head:        v (rewind)
tape: 1111101~
ops : L
head:       v (increment)
tape: 1111101
ops : P0,L
head:      v (increment)
tape: 1111100
ops : P1
head:      v (rewind)
tape: 1111110
ops : R
head:       v (rewind)
tape: 1111110
ops : R
head:        v (rewind)
tape: 1111110~
ops : L
head:       v (increment)
tape: 1111110
ops : P1
head:       v (rewind)
tape: 1111111
ops : R
head:        v (rewind)
tape: 1111111~
ops : L
head:       v (increment)
tape: 1111111
ops : P0,L
head:      v (increment)
tape: 1111110
ops : P0,L
head:     v (increment)
tape: 1111100
ops : P0,L
head:    v (increment)
tape: 1111000
ops : P0,L
head:   v (increment)
tape: 1110000
ops : P0,L
head:  v (increment)
tape: 1100000
ops : P0,L
head: v (increment)
tape: 1000000
ops : P0,L
head: v (increment)
tape: ~0000000
ops : P1
head: v (rewind)
tape: 10000000
ops : R
head:  v (rewind)
tape: 10000000
ops : R
head:   v (rewind)
tape: 10000000
ops : R
head:    v (rewind)
tape: 10000000
ops : R
head:     v (rewind)
tape: 10000000
ops : R
head:      v (rewind)
tape: 10000000
ops : R
head:       v (rewind)
tape: 10000000
ops : R
head:        v (rewind)
tape: 10000000
ops : R
head:         v (rewind)
tape: 10000000~
ops : L
head:        v (increment)
tape: 10000000
ops : P1
head:        v (rewind)
tape: 10000001
ops : R
head:         v (rewind)
tape: 10000001~
ops : L
head:        v (increment)
tape: 10000001
ops : P0,L
head:       v (increment)
tape: 10000000
ops : P1
head:       v (rewind)
tape: 10000010
ops : R
head:        v (rewind)
tape: 10000010
ops : R
head:         v (rewind)
tape: 10000010~
ops : L
head:        v (increment)
tape: 10000010
ops : P1
head:        v (rewind)
tape: 10000011
ops : R
head:         v (rewind)
tape: 10000011~
ops : L
head:        v (increment)
tape: 10000011
ops : P0,L
head:       v (increment)
tape: 10000010
ops : P0,L
head:      v (increment)
tape: 10000000
ops : P1
head:      v (rewind)
tape: 10000100
ops : R
head:       v (rewind)
tape: 10000100
ops : R
head:        v (rewind)
tape: 10000100
ops : R
head:         v (rewind)
tape: 10000100~
ops : L
head:        v (increment)
tape: 10000100
ops : P1
head:        v (rewind)
tape: 10000101
ops : R
head:         v (rewind)
tape: 10000101~
ops : L
head:        v (increment)
tape: 10000101
ops : P0,L
head:       v (increment)
tape: 10000100
ops : P1
head:       v (rewind)
tape: 10000110
ops : R
head:        v (rewind)
tape: 10000110
ops : R
head:         v (rewind)
tape: 10000110~
ops : L
head:        v (increment)
tape: 10000110
ops : P1
head:        v (rewind)
tape: 10000111
ops : R
head:         v (rewind)
tape: 10000111~
ops : L
head:        v (increment)
tape: 10000111
ops : P0,L
head:       v (increment)
tape: 10000110
ops : P0,L
head:      v (increment)
tape: 10000100
ops : P0,L
head:     v (increment)
tape: 10000000
ops : P1
head:     v (rewind)
tape: 10001000
ops : R
head:      v (rewind)
tape: 10001000
ops : R
head:       v (rewind)
tape: 10001000
ops : R
head:        v (rewind)
tape: 10001000
ops : R
head:         v (rewind)
tape: 10001000~
ops : L
head:        v (increment)
tape: 10001000
ops : P1
head:        v (rewind)
tape: 10001001
ops : R
head:         v (rewind)
tape: 10001001~
ops : L
head:        v (increment)
tape: 10001001
ops : P0,L
head:       v (increment)
tape: 10001000
ops : P1
head:       v (rewind)
tape: 10001010
ops : R
head:        v (rewind)
tape: 10001010
ops : R
head:         v (rewind)
tape: 10001010~
ops : L
head:        v (increment)
tape: 10001010
ops : P1
head:        v (rewind)
tape: 10001011
ops : R
head:         v (rewind)
tape: 10001011~
ops : L
head:        v (increment)
tape: 10001011
ops : P0,L
head:       v (increment)
tape: 10001010
ops : P0,L
head:      v (increment)
tape: 10001000
ops : P1
head:      v (rewind)
tape: 10001100
ops : R
head:       v (rewind)
tape: 10001100
ops : R
head:        v (rewind)
tape: 10001100
ops : R
head:         v (rewind)
tape: 10001100~
ops : L
head:        v (increment)
tape: 10001100
ops : P1
head:        v (rewind)
tape: 10001101
ops : R
head:         v (rewind)
tape: 10001101~
ops : L
head:        v (increment)
tape: 10001101
ops : P0,L
head:       v (increment)
tape: 10001100
ops : P1
head:       v (rewind)
tape: 10001110
ops : R
head:        v (rewind)
tape: 10001110
ops : R
head:         v (rewind)
tape: 10001110~
ops : L
head:        v (increment)
tape: 10001110
ops : P1
head:        v (rewind)
tape: 10001111
ops : R
head:         v (rewind)
tape: 10001111~
ops : L
head:        v (increment)
tape: 10001111
ops : P0,L
head:       v (increment)
tape: 10001110
ops : P0,L
head:      v (increment)
tape: 10001100
ops : P0,L
head:     v (increment)
tape: 10001000
ops : P0,L
head:    v (increment)
tape: 10000000
ops : P1
head:    v (rewind)
tape: 10010000
ops : R
head:     v (rewind)
tape: 10010000
ops : R
head:      v (rewind)
tape: 10010000
ops : R
head:       v (rewind)
tape: 10010000
ops : R
head:        v (rewind)
tape: 10010000
ops : R
head:         v (rewind)
tape: 10010000~
ops : L
head:        v (increment)
tape: 10010000
ops : P1
head:        v (rewind)
tape: 10010001
ops : R
head:         v (rewind)
tape: 10010001~
ops : L
head:        v (increment)
tape: 10010001
ops : P0,L
head:       v (increment)
tape: 10010000
ops : P1
head:       v (rewind)
tape: 10010010
ops : R
head:        v (rewind)
tape: 10010010
ops : R
head:         v (rewind)
tape: 10010010~
ops : L
head:        v (increment)
tape: 10010010
ops : P1
head:        v (rewind)
tape: 10010011
ops : R
head:         v (rewind)
tape: 10010011~
ops : L
head:        v (increment)
tape: 10010011
ops : P0,L
head:       v (increment)
tape: 10010010
ops : P0,L
head:      v (increment)
tape: 10010000
ops : P1
head:      v (rewind)
tape: 10010100
ops : R
head:       v (rewind)
tape: 10010100
ops : R
head:        v (rewind)
tape: 10010100
ops : R
head:         v (rewind)
tape: 10010100~
ops : L
head:        v (increment)
tape: 10010100
ops : P1
head:        v (rewind)
tape: 10010101
ops : R
head:         v (rewind)
tape: 10010101~
ops : L
head:        v (increment)
tape: 10010101
ops : P0,L
head:       v (increment)
tape: 10010100
ops : P1
head:       v (rewind)
tape: 10010110
ops : R
head:        v (rewind)
tape: 10010110
ops : R
head:         v (rewind)
tape: 10010110~
ops : L
head:        v (increment)
tape: 10010110
ops : P1
head:        v (rewind)
tape: 10010111
ops : R
head:         v (rewind)
tape: 10010111~
ops : L
head:        v (increment)
tape: 10010111
ops : P0,L
head:       v (increment)
tape: 10010110
ops : P0,L
head:      v (increment)
tape: 10010100
ops : P0,L
head:     v (increment)
tape: 10010000
ops : P1
head:     v (rewind)
tape: 10011000
ops : R
head:      v (rewind)
tape: 10011000
ops : R
head:       v (rewind)
tape: 10011000
ops : R
head:        v (rewind)
tape: 10011000
ops : R
head:         v (rewind)
tape: 10011000~
ops : L
head:        v (increment)
tape: 10011000
ops : P1
head:        v (rewind)
tape: 10011001
ops : R
head:         v (rewind)
tape: 10011001~
ops : L
head:        v (increment)
tape: 10011001
ops : P0,L
head:       v (increment)
tape: 10011000
ops : P1
head:       v (rewind)
tape: 10011010
ops : R
head:        v (rewind)
tape: 10011010
ops : R
head:         v (rewind)
tape: 10011010~
ops : L
head:        v (increment)
tape: 10011010
ops : P1
head:        v (rewind)
tape: 10011011
ops : R
head:         v (rewind)
tape: 10011011~
ops : L
head:        v (increment)
tape: 10011011
ops : P0,L
head:       v (increment)
tape: 10011010
ops : P0,L
head:      v (increment)
tape: 10011000
ops : P1
head:      v (rewind)
tape: 10011100
ops : R
head:       v (rewind)
tape: 10011100
ops : R
head:        v (rewind)
tape: 10011100
ops : R
head:         v (rewind)
tape: 10011100~
ops : L
head:        v (increment)
tape: 10011100
ops : P1
head:        v (rewind)
tape: 10011101
ops : R
head:         v (rewind)
tape: 10011101~
ops : L
head:        v (increment)
tape: 10011101
ops : P0,L
head:       v (increment)
tape: 10011100
ops : P1
head:       v (rewind)
tape: 10011110
ops : R
head:        v (rewind)
tape: 10011110
ops : R
head:         v (rewind)
tape: 10011110~
ops : L
head:        v (increment)
tape: 10011110
ops : P1
head:        v (rewind)
tape: 10011111
ops : R
head:         v (rewind)
tape: 10011111~
ops : L
head:        v (increment)
tape: 10011111
ops : P0,L
head:       v (increment)
tape: 10011110
ops : P0,L
head:      v (increment)
tape: 10011100
ops : P0,L
head:     v (increment)
tape: 10011000
ops : P0,L
head:    v (increment)
tape: 10010000
ops : P0,L
head:   v (increment)
tape: 10000000
ops : P1
head:   v (rewind)
tape: 10100000
ops : R
head:    v (rewind)
tape: 10100000
ops : R
head:     v (rewind)
tape: 10100000
ops : R
head:      v (rewind)
tape: 10100000
ops : R
head:       v (rewind)
tape: 10100000
ops : R
head:        v (rewind)
tape: 10100000
ops : R
head:         v (rewind)
tape: 10100000~
ops : L
head:        v (increment)
tape: 10100000
ops : P1
head:        v (rewind)
tape: 10100001
ops : R
head:         v (rewind)
tape: 10100001~
ops : L
head:        v (increment)
tape: 10100001
ops : P0,L
head:       v (increment)
tape: 10100000
ops : P1
head:       v (rewind)
tape: 10100010
ops : R
head:        v (rewind)
tape: 10100010
ops : R
head:         v (rewind)
tape: 10100010~
ops : L
head:        v (increment)
tape: 10100010
ops : P1
head:        v (rewind)
tape: 10100011
ops : R
head:         v (rewind)
tape: 10100011~
ops : L
head:        v (increment)
tape: 10100011
ops : P0,L
head:       v (increment)
tape: 10100010
ops : P0,L
head:      v (increment)
tape: 10100000
ops : P1
head:      v (rewind)
tape: 10100100
ops : R
head:       v (rewind)
tape: 10100100
ops : R
head:        v (rewind)
tape: 10100100
ops : R
head:         v (rewind)
tape: 10100100~
ops : L
head:        v (increment)
tape: 10100100
ops : P1
head:        v (rewind)
tape: 10100101
ops : R
head:         v (rewind)
tape: 10100101~
ops : L
head:        v (increment)
tape: 10100101
ops : P0,L
head:       v (increment)
tape: 10100100
ops : P1
head:       v (rewind)
tape: 10100110
ops : R
head:        v (rewind)
tape: 10100110
ops : R
head:         v (rewind)
tape: 10100110~
ops : L
head:        v (increment)
tape: 10100110
ops : P1
head:        v (rewind)
tape: 10100111
ops : R
head:         v (rewind)
tape: 10100111~
ops : L
head:        v (increment)
tape: 10100111
ops : P0,L
head:       v (increment)
tape: 10100110
ops : P0,L
head:      v (increment)
tape: 10100100
ops : P0,L
head:     v (increment)
tape: 10100000
ops : P1
head:     v (rewind)
tape: 10101000
ops : R
head:      v (rewind)
tape: 10101000
ops : R
head:       v (rewind)
tape: 10101000
ops : R
head:        v (rewind)
tape: 10101000
ops : R
head:         v (rewind)
tape: 10101000~
ops : L
head:        v (increment)
tape: 10101000
ops : P1
head:        v (rewind)
tape: 10101001
ops : R
head:         v (rewind)
tape: 10101001~
ops : L
head:        v (increment)
tape: 10101001
ops : P0,L
head:       v (increment)
tape: 10101000
ops : P1
head:       v (rewind)
tape: 10101010
ops : R
head:        v (rewind)
tape: 10101010
ops : R
head:         v (rewind)
tape: 10101010~
ops : L
head:        v (increment)
tape: 10101010
ops : P1
head:        v (rewind)
tape: 10101011
ops : R
head:         v (rewind)
tape: 10101011~
ops : L
head:        v (increment)
tape: 10101011
ops : P0,L
head:       v (increment)
tape: 10101010
ops : P0,L
head:      v (increment)
tape: 10101000
ops : P1
head:      v (rewind)
tape: 10101100
ops : R
head:       v (rewind)
tape: 10101100
ops : R
head:        v (rewind)
tape: 10101100
ops : R
head:         v (rewind)
tape: 10101100~
ops : L
head:        v (increment)
tape: 10101100
ops : P1
head:        v (rewind)
tape: 10101101
ops : R
head:         v (rewind)
tape: 10101101~
ops : L
head:        v (increment)
tape: 10101101
ops : P0,L
head:       v (increment)
tape: 10101100
ops : P1
head:       v (rewind)
tape: 10101110
ops : R
head:        v (rewind)
tape: 10101110
ops : R
head:         v (rewind)
tape: 10101110~
ops : L
head:        v (increment)
tape: 10101110
ops : P1
head:        v (rewind)
tape: 10101111
ops : R
head:         v (rewind)
tape: 10101111~
ops : L
head:        v (increment)
tape: 10101111
ops : P0,L
head:       v (increment)
tape: 10101110
ops : P0,L
head:      v (increment)
tape: 10101100
ops : P0,L
head:     v (increment)
tape: 10101000
ops : P0,L
head:    v (increment)
tape: 10100000
ops : P1
head:    v (rewind)
tape: 10110000
ops : R
head:     v (rewind)
tape: 10110000
ops : R
head:      v (rewind)
tape: 10110000
ops : R
head:       v (rewind)
tape: 10110000
ops : R
head:        v (rewind)
tape: 10110000
ops : R
head:         v (rewind)
tape: 10110000~
ops : L
head:        v (increment)
tape: 10110000
ops : P1
head:        v (rewind)
tape: 10110001
ops : R
head:         v (rewind)
tape: 10110001~
ops : L
head:        v (increment)
tape: 10110001
ops : P0,L
head:       v (increment)
tape: 10110000
ops : P1
head:       v (rewind)
tape: 10110010
ops : R
head:        v (rewind)
tape: 10110010
ops : R
head:         v (rewind)
tape: 10110010~
ops : L
head:        v (increment)
tape: 10110010
ops : P1
head:        v (rewind)
tape: 10110011
ops : R
head:         v (rewind)
tape: 10110011~
ops : L
head:        v (increment)
tape: 10110011
ops : P0,L
head:       v (increment)
tape: 10110010
ops : P0,L
head:      v (increment)
tape: 10110000
ops : P1
head:      v (rewind)
tape: 10110100
ops : R
head:       v (rewind)
tape: 10110100
ops : R
head:        v (rewind)
tape: 10110100
ops : R
head:         v (rewind)
tape: 10110100~
ops : L
head:        v (increment)
tape: 10110100
ops : P1
head:        v (rewind)
tape: 10110101
ops : R
head:         v (rewind)
tape: 10110101~
ops : L
head:        v (increment)
tape: 10110101
ops : P0,L
head:       v (increment)
tape: 10110100
ops : P1
head:       v (rewind)
tape: 10110110
ops : R
head:        v (rewind)
tape: 10110110
ops : R
head:         v (rewind)
tape: 10110110~
ops : L
head:        v (increment)
tape: 10110110
ops : P1
head:        v (rewind)
tape: 10110111
ops : R
head:         v (rewind)
tape: 10110111~
ops : L
head:        v (increment)
tape: 10110111
ops : P0,L
head:       v (increment)
tape: 10110110
ops : P0,L
head:      v (increment)
tape: 10110100
ops : P0,L
head:     v (increment)
tape: 10110000
ops : P1
head:     v (rewind)
tape: 10111000
ops : R
head:      v (rewind)
tape: 10111000
ops : R
head:       v (rewind)
tape: 10111000
ops : R
head:        v (rewind)
tape: 10111000
ops : R
head:         v (rewind)
tape: 10111000~
ops : L
head:        v (increment)
tape: 10111000
ops : P1
head:        v (rewind)
tape: 10111001
ops : R
head:         v (rewind)
tape: 10111001~
ops : L
head:        v (increment)
tape: 10111001
ops : P0,L
head:       v (increment)
tape: 10111000
ops : P1
head:       v (rewind)
tape: 10111010
ops : R
head:        v (rewind)
tape: 10111010
ops : R
head:         v (rewind)
tape: 10111010~
ops : L
head:        v (increment)
tape: 10111010
ops : P1
head:        v (rewind)
tape: 10111011
ops : R
head:         v (rewind)
tape: 10111011~
ops : L
head:        v (increment)
tape: 10111011
ops : P0,L
head:       v (increment)
tape: 10111010
ops : P0,L
head:      v (increment)
tape: 10111000
ops : P1
head:      v (rewind)
tape: 10111100
ops : R
head:       v (rewind)
tape: 10111100
ops : R
head:        v (rewind)
tape: 10111100
ops : R
head:         v (rewind)
tape: 10111100~
ops : L
head:        v (increment)
tape: 10111100
ops : P1
head:        v (rewind)
tape: 10111101
ops : R
head:         v (rewind)
tape: 10111101~
ops : L
head:        v (increment)
tape: 10111101
ops : P0,L
head:       v (increment)
tape: 10111100
ops : P1
head:       v (rewind)
tape: 10111110
ops : R
head:        v (rewind)
tape: 10111110
ops : R
head:         v (rewind)
tape: 10111110~
ops : L
head:        v (increment)
tape: 10111110
ops : P1
head:        v (rewind)
tape: 10111111
ops : R
head:         v (rewind)
tape: 10111111~
ops : L
head:        v (increment)
tape: 10111111
ops : P0,L
head:       v (increment)
tape: 10111110
ops : P0,L
head:      v (increment)
tape: 10111100
ops : P0,L
head:     v (increment)
tape: 10111000
ops : P0,L
head:    v (increment)
tape: 10110000
ops : P0,L
head:   v (increment)
tape: 10100000
ops : P0,L
head:  v (increment)
tape: 10000000
ops : P1
head:  v (rewind)
tape: 11000000
ops : R
head:   v (rewind)
tape: 11000000
ops : R
head:    v (rewind)
tape: 11000000
ops : R
head:     v (rewind)
tape: 11000000
ops : R
head:      v (rewind)
tape: 11000000
ops : R
head:       v (rewind)
tape: 11000000
ops : R
head:        v (rewind)
tape: 11000000
ops : R
head:         v (rewind)
tape: 11000000~
ops : L
head:        v (increment)
tape: 11000000
ops : P1
head:        v (rewind)
tape: 11000001
ops : R
head:         v (rewind)
tape: 11000001~
ops : L
head:        v (increment)
tape: 11000001
ops : P0,L
head:       v (increment)
tape: 11000000
ops : P1
head:       v (rewind)
tape: 11000010
ops : R
head:        v (rewind)
tape: 11000010
ops : R
head:         v (rewind)
tape: 11000010~
ops : L
head:        v (increment)
tape: 11000010
ops : P1
head:        v (rewind)
tape: 11000011
ops : R
head:         v (rewind)
tape: 11000011~
ops : L
head:        v (increment)
tape: 11000011
ops : P0,L
head:       v (increment)
tape: 11000010
ops : P0,L
head:      v (increment)
tape: 11000000
ops : P1
head:      v (rewind)
tape: 11000100
ops : R
head:       v (rewind)
tape: 11000100
ops : R
head:        v (rewind)
tape: 11000100
ops : R
head:         v (rewind)
tape: 11000100~
ops : L
head:        v (increment)
tape: 11000100
ops : P1
head:        v (rewind)
tape: 11000101
ops : R
head:         v (rewind)
tape: 11000101~
ops : L
head:        v (increment)
tape: 11000101
ops : P0,L
head:       v (increment)
tape: 11000100
ops : P1
head:       v (rewind)
tape: 11000110
ops : R
head:        v (rewind)
tape: 11000110
ops : R
head:         v (rewind)
tape: 11000110~
ops : L
head:        v (increment)
tape: 11000110
ops : P1
head:        v (rewind)
tape: 11000111
ops : R
head:         v (rewind)
tape: 11000111~
ops : L
head:        v (increment)
tape: 11000111
ops : P0,L
head:       v (increment)
tape: 11000110
ops : P0,L
head:      v (increment)
tape: 11000100
ops : P0,L
head:     v (increment)
tape: 11000000
ops : P1
head:     v (rewind)
tape: 11001000
ops : R
head:      v (rewind)
tape: 11001000
ops : R
head:       v (rewind)
tape: 11001000
ops : R
head:        v (rewind)
tape: 11001000
ops : R
head:         v (rewind)
tape: 11001000~
ops : L
head:        v (increment)
tape: 11001000
ops : P1
head:        v (rewind)
tape: 11001001
ops : R
head:         v (rewind)
tape: 11001001~
ops : L
head:        v (increment)
tape: 11001001
ops : P0,L
head:       v (increment)
tape: 11001000
ops : P1
head:       v (rewind)
tape: 11001010
