b ~ Pe,R,Pe,R,P0,R,R,P0,L,L o
f * R,R f
f ~ P0,L,L o
o 0 , q
o 1 R,Px,L,L,L o
p e R f
p x E,R q
p ~ L,L p
q * R,R q
q ~ P1,L p
conf: b ~
tape: ee00
conf: o 0
tape: ee00
conf: q *
tape: ee00
conf: q *
tape: ee00
conf: q ~
tape: ee001
conf: p ~
tape: ee001
conf: p ~
tape: ee001
conf: p e
tape: ee001
conf: f *
tape: ee001
conf: f *
tape: ee001
conf: f *
tape: ee001
conf: f ~
tape: ee0010
conf: o 1
tape: ee001x0
conf: o 0
tape: ee001x0
conf: q *
tape: ee001x0
conf: q *
tape: ee001x0
conf: q *
tape: ee001x0
conf: q ~
tape: ee001x01
conf: p ~
tape: ee001x01
conf: p x
tape: ee001~01
conf: q *
tape: ee001~01
conf: q *
tape: ee001~01
conf: q ~
tape: ee001~011
conf: p ~
tape: ee001~011
conf: p ~
tape: ee001~011
conf: p ~
tape: ee001~011
conf: p ~
tape: ee001~011
conf: p ~
tape: ee001~011
conf: p e
tape: ee001~011
conf: f *
tape: ee001~011
conf: f *
tape: ee001~011
conf: f *
tape: ee001~011
conf: f *
tape: ee001~011
conf: f *
tape: ee001~011
conf: f *
tape: ee001~011
conf: f ~
tape: ee001~0110
conf: o 1
tape: ee001~011x0
conf: o 1
tape: ee001~01x1x0
conf: o 0
tape: ee001~01x1x0
conf: q *
tape: ee001~01x1x0
conf: q *
tape: ee001~01x1x0
conf: q *
tape: ee001~01x1x0
conf: q *
tape: ee001~01x1x0
conf: q ~
tape: ee001~01x1x01
conf: p ~
tape: ee001~01x1x01
conf: p x
tape: ee001~01x1~01
conf: q *
tape: ee001~01x1~01
conf: q *
tape: ee001~01x1~01
conf: q ~
tape: ee001~01x1~011
conf: p ~
tape: ee001~01x1~011
conf: p ~
tape: ee001~01x1~011
conf: p ~
tape: ee001~01x1~011
conf: p x
tape: ee001~01~1~011
conf: q *
tape: ee001~01~1~011
conf: q *
tape: ee001~01~1~011
conf: q *
tape: ee001~01~1~011
conf: q *
tape: ee001~01~1~011
conf: q ~
tape: ee001~01~1~0111
conf: p ~
tape: ee001~01~1~0111
conf: p ~
tape: ee001~01~1~0111
conf: p ~
tape: ee001~01~1~0111
conf: p ~
tape: ee001~01~1~0111
conf: p ~
tape: ee001~01~1~0111
conf: p ~
tape: ee001~01~1~0111
conf: p ~
tape: ee001~01~1~0111
conf: p ~
tape: ee001~01~1~0111
conf: p ~
tape: ee001~01~1~0111
conf: p e
tape: ee001~01~1~0111
conf: f *
tape: ee001~01~1~0111
conf: f *
tape: ee001~01~1~0111
conf: f *
tape: ee001~01~1~0111
conf: f *
tape: ee001~01~1~0111
conf: f *
tape: ee001~01~1~0111
conf: f *
tape: ee001~01~1~0111
conf: f *
tape: ee001~01~1~0111
conf: f *
tape: ee001~01~1~0111
conf: f *
tape: ee001~01~1~0111
conf: f *
tape: ee001~01~1~0111
conf: f ~
tape: ee001~01~1~01110
conf: o 1
tape: ee001~01~1~0111x0
conf: o 1
tape: ee001~01~1~011x1x0
conf: o 1
tape: ee001~01~1~01x1x1x0
conf: o 0
tape: ee001~01~1~01x1x1x0
conf: q *
tape: ee001~01~1~01x1x1x0
conf: q *
tape: ee001~01~1~01x1x1x0
conf: q *
tape: ee001~01~1~01x1x1x0
conf: q *
tape: ee001~01~1~01x1x1x0
conf: q *
tape: ee001~01~1~01x1x1x0
conf: q ~
tape: ee001~01~1~01x1x1x01
conf: p ~
tape: ee001~01~1~01x1x1x01
conf: p x
tape: ee001~01~1~01x1x1~01
conf: q *
tape: ee001~01~1~01x1x1~01
conf: q *
tape: ee001~01~1~01x1x1~01
conf: q ~
tape: ee001~01~1~01x1x1~011
conf: p ~
tape: ee001~01~1~01x1x1~011
conf: p ~
tape: ee001~01~1~01x1x1~011
conf: p ~
tape: ee001~01~1~01x1x1~011
conf: p x
tape: ee001~01~1~01x1~1~011
conf: q *
tape: ee001~01~1~01x1~1~011
conf: q *
tape: ee001~01~1~01x1~1~011
conf: q *
tape: ee001~01~1~01x1~1~011
conf: q *
tape: ee001~01~1~01x1~1~011
conf: q ~
tape: ee001~01~1~01x1~1~0111
conf: p ~
tape: ee001~01~1~01x1~1~0111
conf: p ~
tape: ee001~01~1~01x1~1~0111
conf: p ~
tape: ee001~01~1~01x1~1~0111
conf: p ~
tape: ee001~01~1~01x1~1~0111
conf: p ~
tape: ee001~01~1~01x1~1~0111
conf: p x
tape: ee001~01~1~01~1~1~0111
conf: q *
tape: ee001~01~1~01~1~1~0111
conf: q *
tape: ee001~01~1~01~1~1~0111
conf: q *
tape: ee001~01~1~01~1~1~0111
conf: q *
tape: ee001~01~1~01~1~1~0111
conf: q *
tape: ee001~01~1~01~1~1~0111
conf: q *
tape: ee001~01~1~01~1~1~0111
conf: q ~
tape: ee001~01~1~01~1~1~01111
conf: p ~
tape: ee001~01~1~01~1~1~01111
conf: p ~
tape: ee001~01~1~01~1~1~01111
conf: p ~
tape: ee001~01~1~01~1~1~01111
conf: p ~
tape: ee001~01~1~01~1~1~01111
conf: p ~
tape: ee001~01~1~01~1~1~01111
conf: p ~
tape: ee001~01~1~01~1~1~01111
conf: p ~
tape: ee001~01~1~01~1~1~01111
conf: p ~
tape: ee001~01~1~01~1~1~01111
conf: p ~
tape: ee001~01~1~01~1~1~01111
conf: p ~
tape: ee001~01~1~01~1~1~01111
conf: p ~
tape: ee001~01~1~01~1~1~01111
conf: p ~
tape: ee001~01~1~01~1~1~01111
conf: p ~
tape: ee001~01~1~01~1~1~01111
conf: p ~
tape: ee001~01~1~01~1~1~01111
conf: p e
tape: ee001~01~1~01~1~1~01111
conf: f *
tape: ee001~01~1~01~1~1~01111
conf: f *
tape: ee001~01~1~01~1~1~01111
conf: f *
tape: ee001~01~1~01~1~1~01111
conf: f *
tape: ee001~01~1~01~1~1~01111
conf: f *
tape: ee001~01~1~01~1~1~01111
conf: f *
tape: ee001~01~1~01~1~1~01111
conf: f *
tape: ee001~01~1~01~1~1~01111
conf: f *
tape: ee001~01~1~01~1~1~01111
conf: f *
tape: ee001~01~1~01~1~1~01111
conf: f *
tape: ee001~01~1~01~1~1~01111
conf: f *
tape: ee001~01~1~01~1~1~01111
conf: f *
tape: ee001~01~1~01~1~1~01111
conf: f *
tape: ee001~01~1~01~1~1~01111
conf: f *
tape: ee001~01~1~01~1~1~01111
conf: f *
tape: ee001~01~1~01~1~1~01111
conf: f ~
tape: ee001~01~1~01~1~1~011110
conf: o 1
tape: ee001~01~1~01~1~1~01111x0
conf: o 1
tape: ee001~01~1~01~1~1~0111x1x0
conf: o 1
tape: ee001~01~1~01~1~1~011x1x1x0
conf: o 1
tape: ee001~01~1~01~1~1~01x1x1x1x0
conf: o 0
tape: ee001~01~1~01~1~1~01x1x1x1x0
conf: q *
tape: ee001~01~1~01~1~1~01x1x1x1x0
conf: q *
tape: ee001~01~1~01~1~1~01x1x1x1x0
conf: q *
tape: ee001~01~1~01~1~1~01x1x1x1x0
conf: q *
tape: ee001~01~1~01~1~1~01x1x1x1x0
conf: q *
tape: ee001~01~1~01~1~1~01x1x1x1x0
conf: q *
tape: ee001~01~1~01~1~1~01x1x1x1x0
conf: q ~
tape: ee001~01~1~01~1~1~01x1x1x1x01
conf: p ~
tape: ee001~01~1~01~1~1~01x1x1x1x01
conf: p x
tape: ee001~01~1~01~1~1~01x1x1x1~01
conf: q *
tape: ee001~01~1~01~1~1~01x1x1x1~01
conf: q *
tape: ee001~01~1~01~1~1~01x1x1x1~01
conf: q ~
tape: ee001~01~1~01~1~1~01x1x1x1~011
conf: p ~
tape: ee001~01~1~01~1~1~01x1x1x1~011
conf: p ~
tape: ee001~01~1~01~1~1~01x1x1x1~011
conf: p ~
tape: ee001~01~1~01~1~1~01x1x1x1~011
conf: p x
tape: ee001~01~1~01~1~1~01x1x1~1~011
conf: q *
tape: ee001~01~1~01~1~1~01x1x1~1~011
conf: q *
tape: ee001~01~1~01~1~1~01x1x1~1~011
conf: q *
tape: ee001~01~1~01~1~1~01x1x1~1~011
conf: q *
tape: ee001~01~1~01~1~1~01x1x1~1~011
conf: q ~
tape: ee001~01~1~01~1~1~01x1x1~1~0111
conf: p ~
tape: ee001~01~1~01~1~1~01x1x1~1~0111
conf: p ~
tape: ee001~01~1~01~1~1~01x1x1~1~0111
conf: p ~
tape: ee001~01~1~01~1~1~01x1x1~1~0111
conf: p ~
tape: ee001~01~1~01~1~1~01x1x1~1~0111
conf: p ~
tape: ee001~01~1~01~1~1~01x1x1~1~0111
conf: p x
tape: ee001~01~1~01~1~1~01x1~1~1~0111
conf: q *
tape: ee001~01~1~01~1~1~01x1~1~1~0111
conf: q *
tape: ee001~01~1~01~1~1~01x1~1~1~0111
conf: q *
tape: ee001~01~1~01~1~1~01x1~1~1~0111
conf: q *
tape: ee001~01~1~01~1~1~01x1~1~1~0111
conf: q *
tape: ee001~01~1~01~1~1~01x1~1~1~0111
conf: q *
tape: ee001~01~1~01~1~1~01x1~1~1~0111
conf: q ~
tape: ee001~01~1~01~1~1~01x1~1~1~01111
conf: p ~
tape: ee001~01~1~01~1~1~01x1~1~1~01111
conf: p ~
tape: ee001~01~1~01~1~1~01x1~1~1~01111
conf: p ~
tape: ee001~01~1~01~1~1~01x1~1~1~01111
conf: p ~
tape: ee001~01~1~01~1~1~01x1~1~1~01111
conf: p ~
tape: ee001~01~1~01~1~1~01x1~1~1~01111
conf: p ~
tape: ee001~01~1~01~1~1~01x1~1~1~01111
conf: p ~
tape: ee001~01~1~01~1~1~01x1~1~1~01111
conf: p x
tape: ee001~01~1~01~1~1~01~1~1~1~01111
conf: q *
tape: ee001~01~1~01~1~1~01~1~1~1~01111
conf: q *
tape: ee001~01~1~01~1~1~01~1~1~1~01111
conf: q *
tape: ee001~01~1~01~1~1~01~1~1~1~01111
conf: q *
tape: ee001~01~1~01~1~1~01~1~1~1~01111
conf: q *
tape: ee001~01~1~01~1~1~01~1~1~1~01111
conf: q *
tape: ee001~01~1~01~1~1~01~1~1~1~01111
conf: q *
tape: ee001~01~1~01~1~1~01~1~1~1~01111
conf: q *
tape: ee001~01~1~01~1~1~01~1~1~1~01111
conf: q ~
tape: ee001~01~1~01~1~1~01~1~1~1~011111
conf: p ~
tape: ee001~01~1~01~1~1~01~1~1~1~011111
conf: p ~
tape: ee001~01~1~01~1~1~01~1~1~1~011111
conf: p ~
tape: ee001~01~1~01~1~1~01~1~1~1~011111
conf: p ~
tape: ee001~01~1~01~1~1~01~1~1~1~011111
conf: p ~
tape: ee001~01~1~01~1~1~01~1~1~1~011111
conf: p ~
tape: ee001~01~1~01~1~1~01~1~1~1~011111
conf: p ~
tape: ee001~01~1~01~1~1~01~1~1~1~011111
conf: p ~
tape: ee001~01~1~01~1~1~01~1~1~1~011111
conf: p ~
tape: ee001~01~1~01~1~1~01~1~1~1~011111
conf: p ~
tape: ee001~01~1~01~1~1~01~1~1~1~011111
conf: p ~
tape: ee001~01~1~01~1~1~01~1~1~1~011111
conf: p ~
tape: ee001~01~1~01~1~1~01~1~1~1~011111
conf: p ~
tape: ee001~01~1~01~1~1~01~1~1~1~011111
conf: p ~
tape: ee001~01~1~01~1~1~01~1~1~1~011111
conf: p ~
tape: ee001~01~1~01~1~1~01~1~1~1~011111
conf: p ~
tape: ee001~01~1~01~1~1~01~1~1~1~011111
conf: p ~
tape: ee001~01~1~01~1~1~01~1~1~1~011111
conf: p ~
tape: ee001~01~1~01~1~1~01~1~1~1~011111
conf: p ~
tape: ee001~01~1~01~1~1~01~1~1~1~011111
conf: p ~
tape: ee001~01~1~01~1~1~01~1~1~1~011111
conf: p e
tape: ee001~01~1~01~1~1~01~1~1~1~011111
conf: f *
tape: ee001~01~1~01~1~1~01~1~1~1~011111
conf: f *
tape: ee001~01~1~01~1~1~01~1~1~1~011111
conf: f *
tape: ee001~01~1~01~1~1~01~1~1~1~011111
conf: f *
tape: ee001~01~1~01~1~1~01~1~1~1~011111
conf: f *
tape: ee001~01~1~01~1~1~01~1~1~1~011111
conf: f *
tape: ee001~01~1~01~1~1~01~1~1~1~011111
conf: f *
tape: ee001~01~1~01~1~1~01~1~1~1~011111
conf: f *
tape: ee001~01~1~01~1~1~01~1~1~1~011111
conf: f *
tape: ee001~01~1~01~1~1~01~1~1~1~011111
conf: f *
tape: ee001~01~1~01~1~1~01~1~1~1~011111
conf: f *
tape: ee001~01~1~01~1~1~01~1~1~1~011111
conf: f *
tape: ee001~01~1~01~1~1~01~1~1~1~011111
conf: f *
tape: ee001~01~1~01~1~1~01~1~1~1~011111
conf: f *
tape: ee001~01~1~01~1~1~01~1~1~1~011111
conf: f *
tape: ee001~01~1~01~1~1~01~1~1~1~011111
conf: f *
tape: ee001~01~1~01~1~1~01~1~1~1~011111
conf: f *
tape: ee001~01~1~01~1~1~01~1~1~1~011111
conf: f *
tape: ee001~01~1~01~1~1~01~1~1~1~011111
conf: f *
tape: ee001~01~1~01~1~1~01~1~1~1~011111
conf: f *
tape: ee001~01~1~01~1~1~01~1~1~1~011111
conf: f *
tape: ee001~01~1~01~1~1~01~1~1~1~011111
conf: f ~
tape: ee001~01~1~01~1~1~01~1~1~1~0111110
conf: o 1
tape: ee001~01~1~01~1~1~01~1~1~1~011111x0
conf: o 1
tape: ee001~01~1~01~1~1~01~1~1~1~01111x1x0
conf: o 1
tape: ee001~01~1~01~1~1~01~1~1~1~0111x1x1x0
conf: o 1
tape: ee001~01~1~01~1~1~01~1~1~1~011x1x1x1x0
conf: o 1
tape: ee001~01~1~01~1~1~01~1~1~1~01x1x1x1x1x0
conf: o 0
tape: ee001~01~1~01~1~1~01~1~1~1~01x1x1x1x1x0
conf: q *
tape: ee001~01~1~01~1~1~01~1~1~1~01x1x1x1x1x0
conf: q *
tape: ee001~01~1~01~1~1~01~1~1~1~01x1x1x1x1x0
conf: q *
tape: ee001~01~1~01~1~1~01~1~1~1~01x1x1x1x1x0
conf: q *
tape: ee001~01~1~01~1~1~01~1~1~1~01x1x1x1x1x0
conf: q *
tape: ee001~01~1~01~1~1~01~1~1~1~01x1x1x1x1x0
conf: q *
tape: ee001~01~1~01~1~1~01~1~1~1~01x1x1x1x1x0
conf: q *
tape: ee001~01~1~01~1~1~01~1~1~1~01x1x1x1x1x0
conf: q ~
tape: ee001~01~1~01~1~1~01~1~1~1~01x1x1x1x1x01
conf: p ~
tape: ee001~01~1~01~1~1~01~1~1~1~01x1x1x1x1x01
conf: p x
tape: ee001~01~1~01~1~1~01~1~1~1~01x1x1x1x1~01
conf: q *
tape: ee001~01~1~01~1~1~01~1~1~1~01x1x1x1x1~01
conf: q *
tape: ee001~01~1~01~1~1~01~1~1~1~01x1x1x1x1~01
conf: q ~
tape: ee001~01~1~01~1~1~01~1~1~1~01x1x1x1x1~011
conf: p ~
tape: ee001~01~1~01~1~1~01~1~1~1~01x1x1x1x1~011
conf: p ~
tape: ee001~01~1~01~1~1~01~1~1~1~01x1x1x1x1~011
conf: p ~
tape: ee001~01~1~01~1~1~01~1~1~1~01x1x1x1x1~011
conf: p x
tape: ee001~01~1~01~1~1~01~1~1~1~01x1x1x1~1~011
conf: q *
tape: ee001~01~1~01~1~1~01~1~1~1~01x1x1x1~1~011
conf: q *
tape: ee001~01~1~01~1~1~01~1~1~1~01x1x1x1~1~011
conf: q *
tape: ee001~01~1~01~1~1~01~1~1~1~01x1x1x1~1~011
conf: q *
tape: ee001~01~1~01~1~1~01~1~1~1~01x1x1x1~1~011
conf: q ~
tape: ee001~01~1~01~1~1~01~1~1~1~01x1x1x1~1~0111
conf: p ~
tape: ee001~01~1~01~1~1~01~1~1~1~01x1x1x1~1~0111
conf: p ~
tape: ee001~01~1~01~1~1~01~1~1~1~01x1x1x1~1~0111
conf: p ~
tape: ee001~01~1~01~1~1~01~1~1~1~01x1x1x1~1~0111
conf: p ~
tape: ee001~01~1~01~1~1~01~1~1~1~01x1x1x1~1~0111
conf: p ~
tape: ee001~01~1~01~1~1~01~1~1~1~01x1x1x1~1~0111
conf: p x
tape: ee001~01~1~01~1~1~01~1~1~1~01x1x1~1~1~0111
conf: q *
tape: ee001~01~1~01~1~1~01~1~1~1~01x1x1~1~1~0111
conf: q *
tape: ee001~01~1~01~1~1~01~1~1~1~01x1x1~1~1~0111
conf: q *
tape: ee001~01~1~01~1~1~01~1~1~1~01x1x1~1~1~0111
conf: q *
tape: ee001~01~1~01~1~1~01~1~1~1~01x1x1~1~1~0111
conf: q *
tape: ee001~01~1~01~1~1~01~1~1~1~01x1x1~1~1~0111
conf: q *
tape: ee001~01~1~01~1~1~01~1~1~1~01x1x1~1~1~0111
conf: q ~
tape: ee001~01~1~01~1~1~01~1~1~1~01x1x1~1~1~01111
conf: p ~
tape: ee001~01~1~01~1~1~01~1~1~1~01x1x1~1~1~01111
conf: p ~
tape: ee001~01~1~01~1~1~01~1~1~1~01x1x1~1~1~01111
conf: p ~
tape: ee001~01~1~01~1~1~01~1~1~1~01x1x1~1~1~01111
conf: p ~
tape: ee001~01~1~01~1~1~01~1~1~1~01x1x1~1~1~01111
conf: p ~
tape: ee001~01~1~01~1~1~01~1~1~1~01x1x1~1~1~01111
conf: p ~
tape: ee001~01~1~01~1~1~01~1~1~1~01x1x1~1~1~01111
conf: p ~
tape: ee001~01~1~01~1~1~01~1~1~1~01x1x1~1~1~01111
conf: p x
tape: ee001~01~1~01~1~1~01~1~1~1~01x1~1~1~1~01111
conf: q *
tape: ee001~01~1~01~1~1~01~1~1~1~01x1~1~1~1~01111
conf: q *
tape: ee001~01~1~01~1~1~01~1~1~1~01x1~1~1~1~01111
conf: q *
tape: ee001~01~1~01~1~1~01~1~1~1~01x1~1~1~1~01111
conf: q *
tape: ee001~01~1~01~1~1~01~1~1~1~01x1~1~1~1~01111
conf: q *
tape: ee001~01~1~01~1~1~01~1~1~1~01x1~1~1~1~01111
conf: q *
tape: ee001~01~1~01~1~1~01~1~1~1~01x1~1~1~1~01111
conf: q *
tape: ee001~01~1~01~1~1~01~1~1~1~01x1~1~1~1~01111
conf: q *
tape: ee001~01~1~01~1~1~01~1~1~1~01x1~1~1~1~01111
conf: q ~
tape: ee001~01~1~01~1~1~01~1~1~1~01x1~1~1~1~011111
conf: p ~
tape: ee001~01~1~01~1~1~01~1~1~1~01x1~1~1~1~011111
conf: p ~
tape: ee001~01~1~01~1~1~01~1~1~1~01x1~1~1~1~011111
conf: p ~
tape: ee001~01~1~01~1~1~01~1~1~1~01x1~1~1~1~011111
conf: p ~
tape: ee001~01~1~01~1~1~01~1~1~1~01x1~1~1~1~011111
conf: p ~
tape: ee001~01~1~01~1~1~01~1~1~1~01x1~1~1~1~011111
conf: p ~
tape: ee001~01~1~01~1~1~01~1~1~1~01x1~1~1~1~011111
conf: p ~
tape: ee001~01~1~01~1~1~01~1~1~1~01x1~1~1~1~011111
conf: p ~
tape: ee001~01~1~01~1~1~01~1~1~1~01x1~1~1~1~011111
conf: p ~
tape: ee001~01~1~01~1~1~01~1~1~1~01x1~1~1~1~011111
conf: p x
tape: ee001~01~1~01~1~1~01~1~1~1~01~1~1~1~1~011111
conf: q *
tape: ee001~01~1~01~1~1~01~1~1~1~01~1~1~1~1~011111
conf: q *
tape: ee001~01~1~01~1~1~01~1~1~1~01~1~1~1~1~011111
conf: q *
tape: ee001~01~1~01~1~1~01~1~1~1~01~1~1~1~1~011111
conf: q *
tape: ee001~01~1~01~1~1~01~1~1~1~01~1~1~1~1~011111
conf: q *
tape: ee001~01~1~01~1~1~01~1~1~1~01~1~1~1~1~011111
conf: q *
tape: ee001~01~1~01~1~1~01~1~1~1~01~1~1~1~1~011111
conf: q *
tape: ee001~01~1~01~1~1~01~1~1~1~01~1~1~1~1~011111
conf: q *
tape: ee001~01~1~01~1~1~01~1~1~1~01~1~1~1~1~011111
conf: q *
tape: ee001~01~1~01~1~1~01~1~1~1~01~1~1~1~1~011111
conf: q *
tape: ee001~01~1~01~1~1~01~1~1~1~01~1~1~1~1~011111
conf: q ~
tape: ee001~01~1~01~1~1~01~1~1~1~01~1~1~1~1~0111111
conf: p ~
tape: ee001~01~1~01~1~1~01~1~1~1~01~1~1~1~1~0111111
conf: p ~
tape: ee001~01~1~01~1~1~01~1~1~1~01~1~1~1~1~0111111
conf: p ~
tape: ee001~01~1~01~1~1~01~1~1~1~01~1~1~1~1~0111111
conf: p ~
tape: ee001~01~1~01~1~1~01~1~1~1~01~1~1~1~1~0111111
conf: p ~
tape: ee001~01~1~01~1~1~01~1~1~1~01~1~1~1~1~0111111
conf: p ~
tape: ee001~01~1~01~1~1~01~1~1~1~01~1~1~1~1~0111111
conf: p ~
tape: ee001~01~1~01~1~1~01~1~1~1~01~1~1~1~1~0111111
conf: p ~
tape: ee001~01~1~01~1~1~01~1~1~1~01~1~1~1~1~0111111
conf: p ~
tape: ee001~01~1~01~1~1~01~1~1~1~01~1~1~1~1~0111111
conf: p ~
tape: ee001~01~1~01~1~1~01~1~1~1~01~1~1~1~1~0111111
conf: p ~
tape: ee001~01~1~01~1~1~01~1~1~1~01~1~1~1~1~0111111
conf: p ~
tape: ee001~01~1~01~1~1~01~1~1~1~01~1~1~1~1~0111111
conf: p ~
tape: ee001~01~1~01~1~1~01~1~1~1~01~1~1~1~1~0111111
conf: p ~
tape: ee001~01~1~01~1~1~01~1~1~1~01~1~1~1~1~0111111
conf: p ~
tape: ee001~01~1~01~1~1~01~1~1~1~01~1~1~1~1~0111111
conf: p ~
tape: ee001~01~1~01~1~1~01~1~1~1~01~1~1~1~1~0111111
conf: p ~
tape: ee001~01~1~01~1~1~01~1~1~1~01~1~1~1~1~0111111
conf: p ~
tape: ee001~01~1~01~1~1~01~1~1~1~01~1~1~1~1~0111111
conf: p ~
tape: ee001~01~1~01~1~1~01~1~1~1~01~1~1~1~1~0111111
conf: p ~
tape: ee001~01~1~01~1~1~01~1~1~1~01~1~1~1~1~0111111
conf: p ~
tape: ee001~01~1~01~1~1~01~1~1~1~01~1~1~1~1~0111111
conf: p ~
tape: ee001~01~1~01~1~1~01~1~1~1~01~1~1~1~1~0111111
conf: p ~
tape: ee001~01~1~01~1~1~01~1~1~1~01~1~1~1~1~0111111
conf: p ~
tape: ee001~01~1~01~1~1~01~1~1~1~01~1~1~1~1~0111111
conf: p ~
tape: ee001~01~1~01~1~1~01~1~1~1~01~1~1~1~1~0111111
conf: p ~
tape: ee001~01~1~01~1~1~01~1~1~1~01~1~1~1~1~0111111
conf: p ~
tape: ee001~01~1~01~1~1~01~1~1~1~01~1~1~1~1~0111111
conf: p e
tape: ee001~01~1~01~1~1~01~1~1~1~01~1~1~1~1~0111111
conf: f *
tape: ee001~01~1~01~1~1~01~1~1~1~01~1~1~1~1~0111111
conf: f *
tape: ee001~01~1~01~1~1~01~1~1~1~01~1~1~1~1~0111111
conf: f *
tape: ee001~01~1~01~1~1~01~1~1~1~01~1~1~1~1~0111111
conf: f *
tape: ee001~01~1~01~1~1~01~1~1~1~01~1~1~1~1~0111111
conf: f *
tape: ee001~01~1~01~1~1~01~1~1~1~01~1~1~1~1~0111111
conf: f *
tape: ee001~01~1~01~1~1~01~1~1~1~01~1~1~1~1~0111111
conf: f *
tape: ee001~01~1~01~1~1~01~1~1~1~01~1~1~1~1~0111111
conf: f *
tape: ee001~01~1~01~1~1~01~1~1~1~01~1~1~1~1~0111111
conf: f *
tape: ee001~01~1~01~1~1~01~1~1~1~01~1~1~1~1~0111111
conf: f *
tape: ee001~01~1~01~1~1~01~1~1~1~01~1~1~1~1~0111111
conf: f *
tape: ee001~01~1~01~1~1~01~1~1~1~01~1~1~1~1~0111111
conf: f *
tape: ee001~01~1~01~1~1~01~1~1~1~01~1~1~1~1~0111111
conf: f *
tape: ee001~01~1~01~1~1~01~1~1~1~01~1~1~1~1~0111111
conf: f *
tape: ee001~01~1~01~1~1~01~1~1~1~01~1~1~1~1~0111111
conf: f *
tape: ee001~01~1~01~1~1~01~1~1~1~01~1~1~1~1~0111111
conf: f *
tape: ee001~01~1~01~1~1~01~1~1~1~01~1~1~1~1~0111111
conf: f *
tape: ee001~01~1~01~1~1~01~1~1~1~01~1~1~1~1~0111111
conf: f *
tape: ee001~01~1~01~1~1~01~1~1~1~01~1~1~1~1~0111111
conf: f *
tape: ee001~01~1~01~1~1~01~1~1~1~01~1~1~1~1~0111111
conf: f *
tape: ee001~01~1~01~1~1~01~1~1~1~01~1~1~1~1~0111111
conf: f *
tape: ee001~01~1~01~1~1~01~1~1~1~01~1~1~1~1~0111111
conf: f *
tape: ee001~01~1~01~1~1~01~1~1~1~01~1~1~1~1~0111111
conf: f *
tape: ee001~01~1~01~1~1~01~1~1~1~01~1~1~1~1~0111111
conf: f *
tape: ee001~01~1~01~1~1~01~1~1~1~01~1~1~1~1~0111111
conf: f *
tape: ee001~01~1~01~1~1~01~1~1~1~01~1~1~1~1~0111111
conf: f *
tape: ee001~01~1~01~1~1~01~1~1~1~01~1~1~1~1~0111111
conf: f *
tape: ee001~01~1~01~1~1~01~1~1~1~01~1~1~1~1~0111111
conf: f *
tape: ee001~01~1~01~1~1~01~1~1~1~01~1~1~1~1~0111111
conf: f ~
tape: ee001~01~1~01~1~1~01~1~1~1~01~1~1~1~1~01111110
conf: o 1
tape: ee001~01~1~01~1~1~01~1~1~1~01~1~1~1~1~0111111x0
conf: o 1
tape: ee001~01~1~01~1~1~01~1~1~1~01~1~1~1~1~011111x1x0
conf: o 1
tape: ee001~01~1~01~1~1~01~1~1~1~01~1~1~1~1~01111x1x1x0
conf: o 1
tape: ee001~01~1~01~1~1~01~1~1~1~01~1~1~1~1~0111x1x1x1x0
conf: o 1
tape: ee001~01~1~01~1~1~01~1~1~1~01~1~1~1~1~011x1x1x1x1x0
conf: o 1
tape: ee001~01~1~01~1~1~01~1~1~1~01~1~1~1~1~01x1x1x1x1x1x0
conf: o 0
tape: ee001~01~1~01~1~1~01~1~1~1~01~1~1~1~1~01x1x1x1x1x1x0
conf: q *
tape: ee001~01~1~01~1~1~01~1~1~1~01~1~1~1~1~01x1x1x1x1x1x0
conf: q *
tape: ee001~01~1~01~1~1~01~1~1~1~01~1~1~1~1~01x1x1x1x1x1x0
conf: q *
tape: ee001~01~1~01~1~1~01~1~1~1~01~1~1~1~1~01x1x1x1x1x1x0
conf: q *
tape: ee001~01~1~01~1~1~01~1~1~1~01~1~1~1~1~01x1x1x1x1x1x0
conf: q *
tape: ee001~01~1~01~1~1~01~1~1~1~01~1~1~1~1~01x1x1x1x1x1x0
conf: q *
tape: ee001~01~1~01~1~1~01~1~1~1~01~1~1~1~1~01x1x1x1x1x1x0
conf: q *
tape: ee001~01~1~01~1~1~01~1~1~1~01~1~1~1~1~01x1x1x1x1x1x0
conf: q *
tape: ee001~01~1~01~1~1~01~1~1~1~01~1~1~1~1~01x1x1x1x1x1x0
conf: q ~
tape: ee001~01~1~01~1~1~01~1~1~1~01~1~1~1~1~01x1x1x1x1x1x01
conf: p ~
tape: ee001~01~1~01~1~1~01~1~1~1~01~1~1~1~1~01x1x1x1x1x1x01
conf: p x
tape: ee001~01~1~01~1~1~01~1~1~1~01~1~1~1~1~01x1x1x1x1x1~01
conf: q *
tape: ee001~01~1~01~1~1~01~1~1~1~01~1~1~1~1~01x1x1x1x1x1~01
conf: q *
tape: ee001~01~1~01~1~1~01~1~1~1~01~1~1~1~1~01x1x1x1x1x1~01
conf: q ~
tape: ee001~01~1~01~1~1~01~1~1~1~01~1~1~1~1~01x1x1x1x1x1~011
conf: p ~
tape: ee001~01~1~01~1~1~01~1~1~1~01~1~1~1~1~01x1x1x1x1x1~011
conf: p ~
tape: ee001~01~1~01~1~1~01~1~1~1~01~1~1~1~1~01x1x1x1x1x1~011
conf: p ~
tape: ee001~01~1~01~1~1~01~1~1~1~01~1~1~1~1~01x1x1x1x1x1~011
conf: p x
tape: ee001~01~1~01~1~1~01~1~1~1~01~1~1~1~1~01x1x1x1x1~1~011
conf: q *
tape: ee001~01~1~01~1~1~01~1~1~1~01~1~1~1~1~01x1x1x1x1~1~011
conf: q *
tape: ee001~01~1~01~1~1~01~1~1~1~01~1~1~1~1~01x1x1x1x1~1~011
conf: q *
tape: ee001~01~1~01~1~1~01~1~1~1~01~1~1~1~1~01x1x1x1x1~1~011
conf: q *
tape: ee001~01~1~01~1~1~01~1~1~1~01~1~1~1~1~01x1x1x1x1~1~011
conf: q ~
tape: ee001~01~1~01~1~1~01~1~1~1~01~1~1~1~1~01x1x1x1x1~1~0111
conf: p ~
tape: ee001~01~1~01~1~1~01~1~1~1~01~1~1~1~1~01x1x1x1x1~1~0111
conf: p ~
tape: ee001~01~1~01~1~1~01~1~1~1~01~1~1~1~1~01x1x1x1x1~1~0111
conf: p ~
tape: ee001~01~1~01~1~1~01~1~1~1~01~1~1~1~1~01x1x1x1x1~1~0111
conf: p ~
tape: ee001~01~1~01~1~1~01~1~1~1~01~1~1~1~1~01x1x1x1x1~1~0111
conf: p ~
tape: ee001~01~1~01~1~1~01~1~1~1~01~1~1~1~1~01x1x1x1x1~1~0111
conf: p x
tape: ee001~01~1~01~1~1~01~1~1~1~01~1~1~1~1~01x1x1x1~1~1~0111
conf: q *
tape: ee001~01~1~01~1~1~01~1~1~1~01~1~1~1~1~01x1x1x1~1~1~0111
conf: q *
tape: ee001~01~1~01~1~1~01~1~1~1~01~1~1~1~1~01x1x1x1~1~1~0111
conf: q *
tape: ee001~01~1~01~1~1~01~1~1~1~01~1~1~1~1~01x1x1x1~1~1~0111
conf: q *
tape: ee001~01~1~01~1~1~01~1~1~1~01~1~1~1~1~01x1x1x1~1~1~0111
conf: q *
tape: ee001~01~1~01~1~1~01~1~1~1~01~1~1~1~1~01x1x1x1~1~1~0111
conf: q *
tape: ee001~01~1~01~1~1~01~1~1~1~01~1~1~1~1~01x1x1x1~1~1~0111
conf: q ~
tape: ee001~01~1~01~1~1~01~1~1~1~01~1~1~1~1~01x1x1x1~1~1~01111
conf: p ~
tape: ee001~01~1~01~1~1~01~1~1~1~01~1~1~1~1~01x1x1x1~1~1~01111
conf: p ~
tape: ee001~01~1~01~1~1~01~1~1~1~01~1~1~1~1~01x1x1x1~1~1~01111
conf: p ~
tape: ee001~01~1~01~1~1~01~1~1~1~01~1~1~1~1~01x1x1x1~1~1~01111
conf: p ~
tape: ee001~01~1~01~1~1~01~1~1~1~01~1~1~1~1~01x1x1x1~1~1~01111
conf: p ~
tape: ee001~01~1~01~1~1~01~1~1~1~01~1~1~1~1~01x1x1x1~1~1~01111
conf: p ~
tape: ee001~01~1~01~1~1~01~1~1~1~01~1~1~1~1~01x1x1x1~1~1~01111
conf: p ~
tape: ee001~01~1~01~1~1~01~1~1~1~01~1~1~1~1~01x1x1x1~1~1~01111
conf: p x
tape: ee001~01~1~01~1~1~01~1~1~1~01~1~1~1~1~01x1x1~1~1~1~01111
conf: q *
tape: ee001~01~1~01~1~1~01~1~1~1~01~1~1~1~1~01x1x1~1~1~1~01111
conf: q *
tape: ee001~01~1~01~1~1~01~1~1~1~01~1~1~1~1~01x1x1~1~1~1~01111
conf: q *
tape: ee001~01~1~01~1~1~01~1~1~1~01~1~1~1~1~01x1x1~1~1~1~01111
conf: q *
tape: ee001~01~1~01~1~1~01~1~1~1~01~1~1~1~1~01x1x1~1~1~1~01111
conf: q *
tape: ee001~01~1~01~1~1~01~1~1~1~01~1~1~1~1~01x1x1~1~1~1~01111
conf: q *
tape: ee001~01~1~01~1~1~01~1~1~1~01~1~1~1~1~01x1x1~1~1~1~01111
conf: q *
tape: ee001~01~1~01~1~1~01~1~1~1~01~1~1~1~1~01x1x1~1~1~1~01111
conf: q *
tape: ee001~01~1~01~1~1~01~1~1~1~01~1~1~1~1~01x1x1~1~1~1~01111
conf: q ~
tape: ee001~01~1~01~1~1~01~1~1~1~01~1~1~1~1~01x1x1~1~1~1~011111
conf: p ~
tape: ee001~01~1~01~1~1~01~1~1~1~01~1~1~1~1~01x1x1~1~1~1~011111
conf: p ~
tape: ee001~01~1~01~1~1~01~1~1~1~01~1~1~1~1~01x1x1~1~1~1~011111
conf: p ~
tape: ee001~01~1~01~1~1~01~1~1~1~01~1~1~1~1~01x1x1~1~1~1~011111
conf: p ~
tape: ee001~01~1~01~1~1~01~1~1~1~01~1~1~1~1~01x1x1~1~1~1~011111
conf: p ~
tape: ee001~01~1~01~1~1~01~1~1~1~01~1~1~1~1~01x1x1~1~1~1~011111
conf: p ~
tape: ee001~01~1~01~1~1~01~1~1~1~01~1~1~1~1~01x1x1~1~1~1~011111
conf: p ~
tape: ee001~01~1~01~1~1~01~1~1~1~01~1~1~1~1~01x1x1~1~1~1~011111
conf: p ~
tape: ee001~01~1~01~1~1~01~1~1~1~01~1~1~1~1~01x1x1~1~1~1~011111
conf: p ~
tape: ee001~01~1~01~1~1~01~1~1~1~01~1~1~1~1~01x1x1~1~1~1~011111
conf: p x
tape: ee001~01~1~01~1~1~01~1~1~1~01~1~1~1~1~01x1~1~1~1~1~011111
conf: q *
tape: ee001~01~1~01~1~1~01~1~1~1~01~1~1~1~1~01x1~1~1~1~1~011111
conf: q *
tape: ee001~01~1~01~1~1~01~1~1~1~01~1~1~1~1~01x1~1~1~1~1~011111
conf: q *
tape: ee001~01~1~01~1~1~01~1~1~1~01~1~1~1~1~01x1~1~1~1~1~011111
conf: q *
tape: ee001~01~1~01~1~1~01~1~1~1~01~1~1~1~1~01x1~1~1~1~1~011111
conf: q *
tape: ee001~01~1~01~1~1~01~1~1~1~01~1~1~1~1~01x1~1~1~1~1~011111
conf: q *
tape: ee001~01~1~01~1~1~01~1~1~1~01~1~1~1~1~01x1~1~1~1~1~011111
conf: q *
tape: ee001~01~1~01~1~1~01~1~1~1~01~1~1~1~1~01x1~1~1~1~1~011111
conf: q *
tape: ee001~01~1~01~1~1~01~1~1~1~01~1~1~1~1~01x1~1~1~1~1~011111
conf: q *
tape: ee001~01~1~01~1~1~01~1~1~1~01~1~1~1~1~01x1~1~1~1~1~011111
conf: q *
tape: ee001~01~1~01~1~1~01~1~1~1~01~1~1~1~1~01x1~1~1~1~1~011111
conf: q ~
tape: ee001~01~1~01~1~1~01~1~1~1~01~1~1~1~1~01x1~1~1~1~1~0111111
conf: p ~
tape: ee001~01~1~01~1~1~01~1~1~1~01~1~1~1~1~01x1~1~1~1~1~0111111
conf: p ~
tape: ee001~01~1~01~1~1~01~1~1~1~01~1~1~1~1~01x1~1~1~1~1~0111111
conf: p ~
tape: ee001~01~1~01~1~1~01~1~1~1~01~1~1~1~1~01x1~1~1~1~1~0111111
conf: p ~
tape: ee001~01~1~01~1~1~01~1~1~1~01~1~1~1~1~01x1~1~1~1~1~0111111
conf: p ~
tape: ee001~01~1~01~1~1~01~1~1~1~01~1~1~1~1~01x1~1~1~1~1~0111111
conf: p ~
tape: ee001~01~1~01~1~1~01~1~1~1~01~1~1~1~1~01x1~1~1~1~1~0111111
conf: p ~
tape: ee001~01~1~01~1~1~01~1~1~1~01~1~1~1~1~01x1~1~1~1~1~0111111
conf: p ~
tape: ee001~01~1~01~1~1~01~1~1~1~01~1~1~1~1~01x1~1~1~1~1~0111111
conf: p ~
tape: ee001~01~1~01~1~1~01~1~1~1~01~1~1~1~1~01x1~1~1~1~1~0111111
conf: p ~
tape: ee001~01~1~01~1~1~01~1~1~1~01~1~1~1~1~01x1~1~1~1~1~0111111
conf: p ~
tape: ee001~01~1~01~1~1~01~1~1~1~01~1~1~1~1~01x1~1~1~1~1~0111111
conf: p x
tape: ee001~01~1~01~1~1~01~1~1~1~01~1~1~1~1~01~1~1~1~1~1~0111111
conf: q *
tape: ee001~01~1~01~1~1~01~1~1~1~01~1~1~1~1~01~1~1~1~1~1~0111111
conf: q *
tape: ee001~01~1~01~1~1~01~1~1~1~01~1~1~1~1~01~1~1~1~1~1~0111111
conf: q *
tape: ee001~01~1~01~1~1~01~1~1~1~01~1~1~1~1~01~1~1~1~1~1~0111111
conf: q *
tape: ee001~01~1~01~1~1~01~1~1~1~01~1~1~1~1~01~1~1~1~1~1~0111111
conf: q *
tape: ee001~01~1~01~1~1~01~1~1~1~01~1~1~1~1~01~1~1~1~1~1~0111111
conf: q *
tape: ee001~01~1~01~1~1~01~1~1~1~01~1~1~1~1~01~1~1~1~1~1~0111111
conf: q *
tape: ee001~01~1~01~1~1~01~1~1~1~01~1~1~1~1~01~1~1~1~1~1~0111111
conf: q *
tape: ee001~01~1~01~1~1~01~1~1~1~01~1~1~1~1~01~1~1~1~1~1~0111111
conf: q *
tape: ee001~01~1~01~1~1~01~1~1~1~01~1~1~1~1~01~1~1~1~1~1~0111111
conf: q *
tape: ee001~01~1~01~1~1~01~1~1~1~01~1~1~1~1~01~1~1~1~1~1~0111111
conf: q *
tape: ee001~01~1~01~1~1~01~1~1~1~01~1~1~1~1~01~1~1~1~1~1~0111111
conf: q *
tape: ee001~01~1~01~1~1~01~1~1~1~01~1~1~1~1~01~1~1~1~1~1~0111111
conf: q ~
tape: ee001~01~1~01~1~1~01~1~1~1~01~1~1~1~1~01~1~1~1~1~1~01111111
conf: p ~
tape: ee001~01~1~01~1~1~01~1~1~1~01~1~1~1~1~01~1~1~1~1~1~01111111
conf: p ~
tape: ee001~01~1~01~1~1~01~1~1~1~01~1~1~1~1~01~1~1~1~1~1~01111111
conf: p ~
tape: ee001~01~1~01~1~1~01~1~1~1~01~1~1~1~1~01~1~1~1~1~1~01111111
conf: p ~
tape: ee001~01~1~01~1~1~01~1~1~1~01~1~1~1~1~01~1~1~1~1~1~01111111
conf: p ~
tape: ee001~01~1~01~1~1~01~1~1~1~01~1~1~1~1~01~1~1~1~1~1~01111111
conf: p ~
tape: ee001~01~1~01~1~1~01~1~1~1~01~1~1~1~1~01~1~1~1~1~1~01111111
conf: p ~
tape: ee001~01~1~01~1~1~01~1~1~1~01~1~1~1~1~01~1~1~1~1~1~01111111
conf: p ~
tape: ee001~01~1~01~1~1~01~1~1~1~01~1~1~1~1~01~1~1~1~1~1~01111111
conf: p ~
tape: ee001~01~1~01~1~1~01~1~1~1~01~1~1~1~1~01~1~1~1~1~1~01111111
conf: p ~
tape: ee001~01~1~01~1~1~01~1~1~1~01~1~1~1~1~01~1~1~1~1~1~01111111
conf: p ~
tape: ee001~01~1~01~1~1~01~1~1~1~01~1~1~1~1~01~1~1~1~1~1~01111111
conf: p ~
tape: ee001~01~1~01~1~1~01~1~1~1~01~1~1~1~1~01~1~1~1~1~1~01111111
conf: p ~
tape: ee001~01~1~01~1~1~01~1~1~1~01~1~1~1~1~01~1~1~1~1~1~01111111
conf: p ~
tape: ee001~01~1~01~1~1~01~1~1~1~01~1~1~1~1~01~1~1~1~1~1~01111111
conf: p ~
tape: ee001~01~1~01~1~1~01~1~1~1~01~1~1~1~1~01~1~1~1~1~1~01111111
conf: p ~
tape: ee001~01~1~01~1~1~01~1~1~1~01~1~1~1~1~01~1~1~1~1~1~01111111
conf: p ~
tape: ee001~01~1~01~1~1~01~1~1~1~01~1~1~1~1~01~1~1~1~1~1~01111111
conf: p ~
tape: ee001~01~1~01~1~1~01~1~1~1~01~1~1~1~1~01~1~1~1~1~1~01111111
conf: p ~
tape: ee001~01~1~01~1~1~01~1~1~1~01~1~1~1~1~01~1~1~1~1~1~01111111
conf: p ~
tape: ee001~01~1~01~1~1~01~1~1~1~01~1~1~1~1~01~1~1~1~1~1~01111111
conf: p ~
tape: ee001~01~1~01~1~1~01~1~1~1~01~1~1~1~1~01~1~1~1~1~1~01111111
conf: p ~
tape: ee001~01~1~01~1~1~01~1~1~1~01~1~1~1~1~01~1~1~1~1~1~01111111
conf: p ~
tape: ee001~01~1~01~1~1~01~1~1~1~01~1~1~1~1~01~1~1~1~1~1~01111111
conf: p ~
tape: ee001~01~1~01~1~1~01~1~1~1~01~1~1~1~1~01~1~1~1~1~1~01111111
conf: p ~
tape: ee001~01~1~01~1~1~01~1~1~1~01~1~1~1~1~01~1~1~1~1~1~01111111
conf: p ~
tape: ee001~01~1~01~1~1~01~1~1~1~01~1~1~1~1~01~1~1~1~1~1~01111111
conf: p ~
tape: ee001~01~1~01~1~1~01~1~1~1~01~1~1~1~1~01~1~1~1~1~1~01111111
conf: p ~
tape: ee001~01~1~01~1~1~01~1~1~1~01~1~1~1~1~01~1~1~1~1~1~01111111
conf: p ~
tape: ee001~01~1~01~1~1~01~1~1~1~01~1~1~1~1~01~1~1~1~1~1~01111111
conf: p ~
tape: ee001~01~1~01~1~1~01~1~1~1~01~1~1~1~1~01~1~1~1~1~1~01111111
conf: p ~
tape: ee001~01~1~01~1~1~01~1~1~1~01~1~1~1~1~01~1~1~1~1~1~01111111
conf: p ~
tape: ee001~01~1~01~1~1~01~1~1~1~01~1~1~1~1~01~1~1~1~1~1~01111111
conf: p ~
tape: ee001~01~1~01~1~1~01~1~1~1~01~1~1~1~1~01~1~1~1~1~1~01111111
conf: p ~
tape: ee001~01~1~01~1~1~01~1~1~1~01~1~1~1~1~01~1~1~1~1~1~01111111
conf: p ~
tape: ee001~01~1~01~1~1~01~1~1~1~01~1~1~1~1~01~1~1~1~1~1~01111111
conf: p e
tape: ee001~01~1~01~1~1~01~1~1~1~01~1~1~1~1~01~1~1~1~1~1~01111111
conf: f *
tape: ee001~01~1~01~1~1~01~1~1~1~01~1~1~1~1~01~1~1~1~1~1~01111111
conf: f *
tape: ee001~01~1~01~1~1~01~1~1~1~01~1~1~1~1~01~1~1~1~1~1~01111111
conf: f *
tape: ee001~01~1~01~1~1~01~1~1~1~01~1~1~1~1~01~1~1~1~1~1~01111111
conf: f *
tape: ee001~01~1~01~1~1~01~1~1~1~01~1~1~1~1~01~1~1~1~1~1~01111111
conf: f *
tape: ee001~01~1~01~1~1~01~1~1~1~01~1~1~1~1~01~1~1~1~1~1~01111111
conf: f *
tape: ee001~01~1~01~1~1~01~1~1~1~01~1~1~1~1~01~1~1~1~1~1~01111111
conf: f *
tape: ee001~01~1~01~1~1~01~1~1~1~01~1~1~1~1~01~1~1~1~1~1~01111111
conf: f *
tape: ee001~01~1~01~1~1~01~1~1~1~01~1~1~1~1~01~1~1~1~1~1~01111111
conf: f *
tape: ee001~01~1~01~1~1~01~1~1~1~01~1~1~1~1~01~1~1~1~1~1~01111111
conf: f *
tape: ee001~01~1~01~1~1~01~1~1~1~01~1~1~1~1~01~1~1~1~1~1~01111111
conf: f *
tape: ee001~01~1~01~1~1~01~1~1~1~01~1~1~1~1~01~1~1~1~1~1~01111111
conf: f *
tape: ee001~01~1~01~1~1~01~1~1~1~01~1~1~1~1~01~1~1~1~1~1~01111111
conf: f *
tape: ee001~01~1~01~1~1~01~1~1~1~01~1~1~1~1~01~1~1~1~1~1~01111111
conf: f *
tape: ee001~01~1~01~1~1~01~1~1~1~01~1~1~1~1~01~1~1~1~1~1~01111111
conf: f *
tape: ee001~01~1~01~1~1~01~1~1~1~01~1~1~1~1~01~1~1~1~1~1~01111111
conf: f *
tape: ee001~01~1~01~1~1~01~1~1~1~01~1~1~1~1~01~1~1~1~1~1~01111111
conf: f *
tape: ee001~01~1~01~1~1~01~1~1~1~01~1~1~1~1~01~1~1~1~1~1~01111111
conf: f *
tape: ee001~01~1~01~1~1~01~1~1~1~01~1~1~1~1~01~1~1~1~1~1~01111111
conf: f *
tape: ee001~01~1~01~1~1~01~1~1~1~01~1~1~1~1~01~1~1~1~1~1~01111111
conf: f *
tape: ee001~01~1~01~1~1~01~1~1~1~01~1~1~1~1~01~1~1~1~1~1~01111111
conf: f *
tape: ee001~01~1~01~1~1~01~1~1~1~01~1~1~1~1~01~1~1~1~1~1~01111111
conf: f *
tape: ee001~01~1~01~1~1~01~1~1~1~01~1~1~1~1~01~1~1~1~1~1~01111111
conf: f *
tape: ee001~01~1~01~1~1~01~1~1~1~01~1~1~1~1~01~1~1~1~1~1~01111111
conf: f *
tape: ee001~01~1~01~1~1~01~1~1~1~01~1~1~1~1~01~1~1~1~1~1~01111111
conf: f *
tape: ee001~01~1~01~1~1~01~1~1~1~01~1~1~1~1~01~1~1~1~1~1~01111111
conf: f *
tape: ee001~01~1~01~1~1~01~1~1~1~01~1~1~1~1~01~1~1~1~1~1~01111111
conf: f *
tape: ee001~01~1~01~1~1~01~1~1~1~01~1~1~1~1~01~1~1~1~1~1~01111111
conf: f *
tape: ee001~01~1~01~1~1~01~1~1~1~01~1~1~1~1~01~1~1~1~1~1~01111111
conf: f *
tape: ee001~01~1~01~1~1~01~1~1~1~01~1~1~1~1~01~1~1~1~1~1~01111111
conf: f *
tape: ee001~01~1~01~1~1~01~1~1~1~01~1~1~1~1~01~1~1~1~1~1~01111111
conf: f *
tape: ee001~01~1~01~1~1~01~1~1~1~01~1~1~1~1~01~1~1~1~1~1~01111111
conf: f *
tape: ee001~01~1~01~1~1~01~1~1~1~01~1~1~1~1~01~1~1~1~1~1~01111111
conf: f *
tape: ee001~01~1~01~1~1~01~1~1~1~01~1~1~1~1~01~1~1~1~1~1~01111111
conf: f *
tape: ee001~01~1~01~1~1~01~1~1~1~01~1~1~1~1~01~1~1~1~1~1~01111111
conf: f *
tape: ee001~01~1~01~1~1~01~1~1~1~01~1~1~1~1~01~1~1~1~1~1~01111111
conf: f *
tape: ee001~01~1~01~1~1~01~1~1~1~01~1~1~1~1~01~1~1~1~1~1~01111111
conf: f ~
tape: ee001~01~1~01~1~1~01~1~1~1~01~1~1~1~1~01~1~1~1~1~1~011111110
conf: o 1
tape: ee001~01~1~01~1~1~01~1~1~1~01~1~1~1~1~01~1~1~1~1~1~01111111x0
conf: o 1
tape: ee001~01~1~01~1~1~01~1~1~1~01~1~1~1~1~01~1~1~1~1~1~0111111x1x0
conf: o 1
tape: ee001~01~1~01~1~1~01~1~1~1~01~1~1~1~1~01~1~1~1~1~1~011111x1x1x0
conf: o 1
tape: ee001~01~1~01~1~1~01~1~1~1~01~1~1~1~1~01~1~1~1~1~1~01111x1x1x1x0
conf: o 1
tape: ee001~01~1~01~1~1~01~1~1~1~01~1~1~1~1~01~1~1~1~1~1~0111x1x1x1x1x0
conf: o 1
tape: ee001~01~1~01~1~1~01~1~1~1~01~1~1~1~1~01~1~1~1~1~1~011x1x1x1x1x1x0
conf: o 1
tape: ee001~01~1~01~1~1~01~1~1~1~01~1~1~1~1~01~1~1~1~1~1~01x1x1x1x1x1x1x0
conf: o 0
tape: ee001~01~1~01~1~1~01~1~1~1~01~1~1~1~1~01~1~1~1~1~1~01x1x1x1x1x1x1x0
conf: q *
tape: ee001~01~1~01~1~1~01~1~1~1~01~1~1~1~1~01~1~1~1~1~1~01x1x1x1x1x1x1x0
conf: q *
tape: ee001~01~1~01~1~1~01~1~1~1~01~1~1~1~1~01~1~1~1~1~1~01x1x1x1x1x1x1x0
conf: q *
tape: ee001~01~1~01~1~1~01~1~1~1~01~1~1~1~1~01~1~1~1~1~1~01x1x1x1x1x1x1x0
conf: q *
tape: ee001~01~1~01~1~1~01~1~1~1~01~1~1~1~1~01~1~1~1~1~1~01x1x1x1x1x1x1x0
conf: q *
tape: ee001~01~1~01~1~1~01~1~1~1~01~1~1~1~1~01~1~1~1~1~1~01x1x1x1x1x1x1x0
conf: q *
tape: ee001~01~1~01~1~1~01~1~1~1~01~1~1~1~1~01~1~1~1~1~1~01x1x1x1x1x1x1x0
conf: q *
tape: ee001~01~1~01~1~1~01~1~1~1~01~1~1~1~1~01~1~1~1~1~1~01x1x1x1x1x1x1x0
conf: q *
tape: ee001~01~1~01~1~1~01~1~1~1~01~1~1~1~1~01~1~1~1~1~1~01x1x1x1x1x1x1x0
conf: q *
tape: ee001~01~1~01~1~1~01~1~1~1~01~1~1~1~1~01~1~1~1~1~1~01x1x1x1x1x1x1x0
conf: q ~
tape: ee001~01~1~01~1~1~01~1~1~1~01~1~1~1~1~01~1~1~1~1~1~01x1x1x1x1x1x1x01
conf: p ~
tape: ee001~01~1~01~1~1~01~1~1~1~01~1~1~1~1~01~1~1~1~1~1~01x1x1x1x1x1x1x01
conf: p x
tape: ee001~01~1~01~1~1~01~1~1~1~01~1~1~1~1~01~1~1~1~1~1~01x1x1x1x1x1x1~01
conf: q *
tape: ee001~01~1~01~1~1~01~1~1~1~01~1~1~1~1~01~1~1~1~1~1~01x1x1x1x1x1x1~01
conf: q *
tape: ee001~01~1~01~1~1~01~1~1~1~01~1~1~1~1~01~1~1~1~1~1~01x1x1x1x1x1x1~01
conf: q ~
tape: ee001~01~1~01~1~1~01~1~1~1~01~1~1~1~1~01~1~1~1~1~1~01x1x1x1x1x1x1~011
conf: p ~
tape: ee001~01~1~01~1~1~01~1~1~1~01~1~1~1~1~01~1~1~1~1~1~01x1x1x1x1x1x1~011
conf: p ~
tape: ee001~01~1~01~1~1~01~1~1~1~01~1~1~1~1~01~1~1~1~1~1~01x1x1x1x1x1x1~011
conf: p ~
tape: ee001~01~1~01~1~1~01~1~1~1~01~1~1~1~1~01~1~1~1~1~1~01x1x1x1x1x1x1~011
conf: p x
tape: ee001~01~1~01~1~1~01~1~1~1~01~1~1~1~1~01~1~1~1~1~1~01x1x1x1x1x1~1~011
conf: q *
tape: ee001~01~1~01~1~1~01~1~1~1~01~1~1~1~1~01~1~1~1~1~1~01x1x1x1x1x1~1~011
conf: q *
tape: ee001~01~1~01~1~1~01~1~1~1~01~1~1~1~1~01~1~1~1~1~1~01x1x1x1x1x1~1~011
conf: q *
tape: ee001~01~1~01~1~1~01~1~1~1~01~1~1~1~1~01~1~1~1~1~1~01x1x1x1x1x1~1~011
conf: q *
tape: ee001~01~1~01~1~1~01~1~1~1~01~1~1~1~1~01~1~1~1~1~1~01x1x1x1x1x1~1~011
conf: q ~
tape: ee001~01~1~01~1~1~01~1~1~1~01~1~1~1~1~01~1~1~1~1~1~01x1x1x1x1x1~1~0111
conf: p ~
tape: ee001~01~1~01~1~1~01~1~1~1~01~1~1~1~1~01~1~1~1~1~1~01x1x1x1x1x1~1~0111
conf: p ~
tape: ee001~01~1~01~1~1~01~1~1~1~01~1~1~1~1~01~1~1~1~1~1~01x1x1x1x1x1~1~0111
conf: p ~
tape: ee001~01~1~01~1~1~01~1~1~1~01~1~1~1~1~01~1~1~1~1~1~01x1x1x1x1x1~1~0111
conf: p ~
tape: ee001~01~1~01~1~1~01~1~1~1~01~1~1~1~1~01~1~1~1~1~1~01x1x1x1x1x1~1~0111
conf: p ~
tape: ee001~01~1~01~1~1~01~1~1~1~01~1~1~1~1~01~1~1~1~1~1~01x1x1x1x1x1~1~0111
conf: p x
tape: ee001~01~1~01~1~1~01~1~1~1~01~1~1~1~1~01~1~1~1~1~1~01x1x1x1x1~1~1~0111
conf: q *
tape: ee001~01~1~01~1~1~01~1~1~1~01~1~1~1~1~01~1~1~1~1~1~01x1x1x1x1~1~1~0111
conf: q *
tape: ee001~01~1~01~1~1~01~1~1~1~01~1~1~1~1~01~1~1~1~1~1~01x1x1x1x1~1~1~0111
conf: q *
tape: ee001~01~1~01~1~1~01~1~1~1~01~1~1~1~1~01~1~1~1~1~1~01x1x1x1x1~1~1~0111
conf: q *
tape: ee001~01~1~01~1~1~01~1~1~1~01~1~1~1~1~01~1~1~1~1~1~01x1x1x1x1~1~1~0111
conf: q *
tape: ee001~01~1~01~1~1~01~1~1~1~01~1~1~1~1~01~1~1~1~1~1~01x1x1x1x1~1~1~0111
conf: q *
tape: ee001~01~1~01~1~1~01~1~1~1~01~1~1~1~1~01~1~1~1~1~1~01x1x1x1x1~1~1~0111
conf: q ~
tape: ee001~01~1~01~1~1~01~1~1~1~01~1~1~1~1~01~1~1~1~1~1~01x1x1x1x1~1~1~01111
conf: p ~
tape: ee001~01~1~01~1~1~01~1~1~1~01~1~1~1~1~01~1~1~1~1~1~01x1x1x1x1~1~1~01111
conf: p ~
tape: ee001~01~1~01~1~1~01~1~1~1~01~1~1~1~1~01~1~1~1~1~1~01x1x1x1x1~1~1~01111
conf: p ~
tape: ee001~01~1~01~1~1~01~1~1~1~01~1~1~1~1~01~1~1~1~1~1~01x1x1x1x1~1~1~01111
conf: p ~
tape: ee001~01~1~01~1~1~01~1~1~1~01~1~1~1~1~01~1~1~1~1~1~01x1x1x1x1~1~1~01111
conf: p ~
tape: ee001~01~1~01~1~1~01~1~1~1~01~1~1~1~1~01~1~1~1~1~1~01x1x1x1x1~1~1~01111
conf: p ~
tape: ee001~01~1~01~1~1~01~1~1~1~01~1~1~1~1~01~1~1~1~1~1~01x1x1x1x1~1~1~01111
conf: p ~
tape: ee001~01~1~01~1~1~01~1~1~1~01~1~1~1~1~01~1~1~1~1~1~01x1x1x1x1~1~1~01111
conf: p x
tape: ee001~01~1~01~1~1~01~1~1~1~01~1~1~1~1~01~1~1~1~1~1~01x1x1x1~1~1~1~01111
conf: q *
tape: ee001~01~1~01~1~1~01~1~1~1~01~1~1~1~1~01~1~1~1~1~1~01x1x1x1~1~1~1~01111
conf: q *
tape: ee001~01~1~01~1~1~01~1~1~1~01~1~1~1~1~01~1~1~1~1~1~01x1x1x1~1~1~1~01111
conf: q *
tape: ee001~01~1~01~1~1~01~1~1~1~01~1~1~1~1~01~1~1~1~1~1~01x1x1x1~1~1~1~01111
conf: q *
tape: ee001~01~1~01~1~1~01~1~1~1~01~1~1~1~1~01~1~1~1~1~1~01x1x1x1~1~1~1~01111
conf: q *
tape: ee001~01~1~01~1~1~01~1~1~1~01~1~1~1~1~01~1~1~1~1~1~01x1x1x1~1~1~1~01111
conf: q *
tape: ee001~01~1~01~1~1~01~1~1~1~01~1~1~1~1~01~1~1~1~1~1~01x1x1x1~1~1~1~01111
conf: q *
tape: ee001~01~1~01~1~1~01~1~1~1~01~1~1~1~1~01~1~1~1~1~1~01x1x1x1~1~1~1~01111
conf: q *
tape: ee001~01~1~01~1~1~01~1~1~1~01~1~1~1~1~01~1~1~1~1~1~01x1x1x1~1~1~1~01111
conf: q ~
tape: ee001~01~1~01~1~1~01~1~1~1~01~1~1~1~1~01~1~1~1~1~1~01x1x1x1~1~1~1~011111
conf: p ~
tape: ee001~01~1~01~1~1~01~1~1~1~01~1~1~1~1~01~1~1~1~1~1~01x1x1x1~1~1~1~011111
conf: p ~
tape: ee001~01~1~01~1~1~01~1~1~1~01~1~1~1~1~01~1~1~1~1~1~01x1x1x1~1~1~1~011111
conf: p ~
tape: ee001~01~1~01~1~1~01~1~1~1~01~1~1~1~1~01~1~1~1~1~1~01x1x1x1~1~1~1~011111
conf: p ~
tape: ee001~01~1~01~1~1~01~1~1~1~01~1~1~1~1~01~1~1~1~1~1~01x1x1x1~1~1~1~011111
conf: p ~
tape: ee001~01~1~01~1~1~01~1~1~1~01~1~1~1~1~01~1~1~1~1~1~01x1x1x1~1~1~1~011111
conf: p ~
tape: ee001~01~1~01~1~1~01~1~1~1~01~1~1~1~1~01~1~1~1~1~1~01x1x1x1~1~1~1~011111
conf: p ~
tape: ee001~01~1~01~1~1~01~1~1~1~01~1~1~1~1~01~1~1~1~1~1~01x1x1x1~1~1~1~011111
conf: p ~
tape: ee001~01~1~01~1~1~01~1~1~1~01~1~1~1~1~01~1~1~1~1~1~01x1x1x1~1~1~1~011111
conf: p ~
tape: ee001~01~1~01~1~1~01~1~1~1~01~1~1~1~1~01~1~1~1~1~1~01x1x1x1~1~1~1~011111
conf: p x
tape: ee001~01~1~01~1~1~01~1~1~1~01~1~1~1~1~01~1~1~1~1~1~01x1x1~1~1~1~1~011111
conf: q *
tape: ee001~01~1~01~1~1~01~1~1~1~01~1~1~1~1~01~1~1~1~1~1~01x1x1~1~1~1~1~011111
conf: q *
tape: ee001~01~1~01~1~1~01~1~1~1~01~1~1~1~1~01~1~1~1~1~1~01x1x1~1~1~1~1~011111
conf: q *
tape: ee001~01~1~01~1~1~01~1~1~1~01~1~1~1~1~01~1~1~1~1~1~01x1x1~1~1~1~1~011111
conf: q *
tape: ee001~01~1~01~1~1~01~1~1~1~01~1~1~1~1~01~1~1~1~1~1~01x1x1~1~1~1~1~011111
conf: q *
tape: ee001~01~1~01~1~1~01~1~1~1~01~1~1~1~1~01~1~1~1~1~1~01x1x1~1~1~1~1~011111
conf: q *
tape: ee001~01~1~01~1~1~01~1~1~1~01~1~1~1~1~01~1~1~1~1~1~01x1x1~1~1~1~1~011111
conf: q *
tape: ee001~01~1~01~1~1~01~1~1~1~01~1~1~1~1~01~1~1~1~1~1~01x1x1~1~1~1~1~011111
conf: q *
tape: ee001~01~1~01~1~1~01~1~1~1~01~1~1~1~1~01~1~1~1~1~1~01x1x1~1~1~1~1~011111
conf: q *
tape: ee001~01~1~01~1~1~01~1~1~1~01~1~1~1~1~01~1~1~1~1~1~01x1x1~1~1~1~1~011111
conf: q *
tape: ee001~01~1~01~1~1~01~1~1~1~01~1~1~1~1~01~1~1~1~1~1~01x1x1~1~1~1~1~011111
conf: q ~
tape: ee001~01~1~01~1~1~01~1~1~1~01~1~1~1~1~01~1~1~1~1~1~01x1x1~1~1~1~1~0111111
conf: p ~
tape: ee001~01~1~01~1~1~01~1~1~1~01~1~1~1~1~01~1~1~1~1~1~01x1x1~1~1~1~1~0111111
conf: p ~
tape: ee001~01~1~01~1~1~01~1~1~1~01~1~1~1~1~01~1~1~1~1~1~01x1x1~1~1~1~1~0111111
conf: p ~
tape: ee001~01~1~01~1~1~01~1~1~1~01~1~1~1~1~01~1~1~1~1~1~01x1x1~1~1~1~1~0111111
conf: p ~
tape: ee001~01~1~01~1~1~01~1~1~1~01~1~1~1~1~01~1~1~1~1~1~01x1x1~1~1~1~1~0111111
conf: p ~
tape: ee001~01~1~01~1~1~01~1~1~1~01~1~1~1~1~01~1~1~1~1~1~01x1x1~1~1~1~1~0111111
conf: p ~
tape: ee001~01~1~01~1~1~01~1~1~1~01~1~1~1~1~01~1~1~1~1~1~01x1x1~1~1~1~1~0111111
conf: p ~
tape: ee001~01~1~01~1~1~01~1~1~1~01~1~1~1~1~01~1~1~1~1~1~01x1x1~1~1~1~1~0111111
conf: p ~
tape: ee001~01~1~01~1~1~01~1~1~1~01~1~1~1~1~01~1~1~1~1~1~01x1x1~1~1~1~1~0111111
conf: p ~
tape: ee001~01~1~01~1~1~01~1~1~1~01~1~1~1~1~01~1~1~1~1~1~01x1x1~1~1~1~1~0111111
conf: p ~
tape: ee001~01~1~01~1~1~01~1~1~1~01~1~1~1~1~01~1~1~1~1~1~01x1x1~1~1~1~1~0111111
conf: p ~
tape: ee001~01~1~01~1~1~01~1~1~1~01~1~1~1~1~01~1~1~1~1~1~01x1x1~1~1~1~1~0111111
conf: p x
tape: ee001~01~1~01~1~1~01~1~1~1~01~1~1~1~1~01~1~1~1~1~1~01x1~1~1~1~1~1~0111111
conf: q *
tape: ee001~01~1~01~1~1~01~1~1~1~01~1~1~1~1~01~1~1~1~1~1~01x1~1~1~1~1~1~0111111
conf: q *
tape: ee001~01~1~01~1~1~01~1~1~1~01~1~1~1~1~01~1~1~1~1~1~01x1~1~1~1~1~1~0111111
conf: q *
tape: ee001~01~1~01~1~1~01~1~1~1~01~1~1~1~1~01~1~1~1~1~1~01x1~1~1~1~1~1~0111111
conf: q *
tape: ee001~01~1~01~1~1~01~1~1~1~01~1~1~1~1~01~1~1~1~1~1~01x1~1~1~1~1~1~0111111
conf: q *
tape: ee001~01~1~01~1~1~01~1~1~1~01~1~1~1~1~01~1~1~1~1~1~01x1~1~1~1~1~1~0111111
conf: q *
tape: ee001~01~1~01~1~1~01~1~1~1~01~1~1~1~1~01~1~1~1~1~1~01x1~1~1~1~1~1~0111111
conf: q *
tape: ee001~01~1~01~1~1~01~1~1~1~01~1~1~1~1~01~1~1~1~1~1~01x1~1~1~1~1~1~0111111
conf: q *
tape: ee001~01~1~01~1~1~01~1~1~1~01~1~1~1~1~01~1~1~1~1~1~01x1~1~1~1~1~1~0111111
conf: q *
tape: ee001~01~1~01~1~1~01~1~1~1~01~1~1~1~1~01~1~1~1~1~1~01x1~1~1~1~1~1~0111111
conf: q *
tape: ee001~01~1~01~1~1~01~1~1~1~01~1~1~1~1~01~1~1~1~1~1~01x1~1~1~1~1~1~0111111
conf: q *
tape: ee001~01~1~01~1~1~01~1~1~1~01~1~1~1~1~01~1~1~1~1~1~01x1~1~1~1~1~1~0111111
conf: q *
tape: ee001~01~1~01~1~1~01~1~1~1~01~1~1~1~1~01~1~1~1~1~1~01x1~1~1~1~1~1~0111111
conf: q ~
tape: ee001~01~1~01~1~1~01~1~1~1~01~1~1~1~1~01~1~1~1~1~1~01x1~1~1~1~1~1~01111111
conf: p ~
tape: ee001~01~1~01~1~1~01~1~1~1~01~1~1~1~1~01~1~1~1~1~1~01x1~1~1~1~1~1~01111111
conf: p ~
tape: ee001~01~1~01~1~1~01~1~1~1~01~1~1~1~1~01~1~1~1~1~1~01x1~1~1~1~1~1~01111111
conf: p ~
tape: ee001~01~1~01~1~1~01~1~1~1~01~1~1~1~1~01~1~1~1~1~1~01x1~1~1~1~1~1~01111111
conf: p ~
tape: ee001~01~1~01~1~1~01~1~1~1~01~1~1~1~1~01~1~1~1~1~1~01x1~1~1~1~1~1~01111111
conf: p ~
tape: ee001~01~1~01~1~1~01~1~1~1~01~1~1~1~1~01~1~1~1~1~1~01x1~1~1~1~1~1~01111111
conf: p ~
tape: ee001~01~1~01~1~1~01~1~1~1~01~1~1~1~1~01~1~1~1~1~1~01x1~1~1~1~1~1~01111111
conf: p ~
tape: ee001~01~1~01~1~1~01~1~1~1~01~1~1~1~1~01~1~1~1~1~1~01x1~1~1~1~1~1~01111111
conf: p ~
tape: ee001~01~1~01~1~1~01~1~1~1~01~1~1~1~1~01~1~1~1~1~1~01x1~1~1~1~1~1~01111111
conf: p ~
tape: ee001~01~1~01~1~1~01~1~1~1~01~1~1~1~1~01~1~1~1~1~1~01x1~1~1~1~1~1~01111111
conf: p ~
tape: ee001~01~1~01~1~1~01~1~1~1~01~1~1~1~1~01~1~1~1~1~1~01x1~1~1~1~1~1~01111111
conf: p ~
tape: ee001~01~1~01~1~1~01~1~1~1~01~1~1~1~1~01~1~1~1~1~1~01x1~1~1~1~1~1~01111111
conf: p ~
tape: ee001~01~1~01~1~1~01~1~1~1~01~1~1~1~1~01~1~1~1~1~1~01x1~1~1~1~1~1~01111111
conf: p ~
tape: ee001~01~1~01~1~1~01~1~1~1~01~1~1~1~1~01~1~1~1~1~1~01x1~1~1~1~1~1~01111111
conf: p x
tape: ee001~01~1~01~1~1~01~1~1~1~01~1~1~1~1~01~1~1~1~1~1~01~1~1~1~1~1~1~01111111
conf: q *
tape: ee001~01~1~01~1~1~01~1~1~1~01~1~1~1~1~01~1~1~1~1~1~01~1~1~1~1~1~1~01111111
conf: q *
tape: ee001~01~1~01~1~1~01~1~1~1~01~1~1~1~1~01~1~1~1~1~1~01~1~1~1~1~1~1~01111111
conf: q *
tape: ee001~01~1~01~1~1~01~1~1~1~01~1~1~1~1~01~1~1~1~1~1~01~1~1~1~1~1~1~01111111
conf: q *
tape: ee001~01~1~01~1~1~01~1~1~1~01~1~1~1~1~01~1~1~1~1~1~01~1~1~1~1~1~1~01111111
conf: q *
tape: ee001~01~1~01~1~1~01~1~1~1~01~1~1~1~1~01~1~1~1~1~1~01~1~1~1~1~1~1~01111111
conf: q *
tape: ee001~01~1~01~1~1~01~1~1~1~01~1~1~1~1~01~1~1~1~1~1~01~1~1~1~1~1~1~01111111
conf: q *
tape: ee001~01~1~01~1~1~01~1~1~1~01~1~1~1~1~01~1~1~1~1~1~01~1~1~1~1~1~1~01111111
conf: q *
tape: ee001~01~1~01~1~1~01~1~1~1~01~1~1~1~1~01~1~1~1~1~1~01~1~1~1~1~1~1~01111111
conf: q *
tape: ee001~01~1~01~1~1~01~1~1~1~01~1~1~1~1~01~1~1~1~1~1~01~1~1~1~1~1~1~01111111
conf: q *
tape: ee001~01~1~01~1~1~01~1~1~1~01~1~1~1~1~01~1~1~1~1~1~01~1~1~1~1~1~1~01111111
conf: q *
tape: ee001~01~1~01~1~1~01~1~1~1~01~1~1~1~1~01~1~1~1~1~1~01~1~1~1~1~1~1~01111111
conf: q *
tape: ee001~01~1~01~1~1~01~1~1~1~01~1~1~1~1~01~1~1~1~1~1~01~1~1~1~1~1~1~01111111
conf: q *
tape: ee001~01~1~01~1~1~01~1~1~1~01~1~1~1~1~01~1~1~1~1~1~01~1~1~1~1~1~1~01111111
conf: q *
tape: ee001~01~1~01~1~1~01~1~1~1~01~1~1~1~1~01~1~1~1~1~1~01~1~1~1~1~1~1~01111111
conf: q ~
tape: ee001~01~1~01~1~1~01~1~1~1~01~1~1~1~1~01~1~1~1~1~1~01~1~1~1~1~1~1~011111111
conf: p ~
tape: ee001~01~1~01~1~1~01~1~1~1~01~1~1~1~1~01~1~1~1~1~1~01~1~1~1~1~1~1~011111111
conf: p ~
tape: ee001~01~1~01~1~1~01~1~1~1~01~1~1~1~1~01~1~1~1~1~1~01~1~1~1~1~1~1~011111111
conf: p ~
tape: ee001~01~1~01~1~1~01~1~1~1~01~1~1~1~1~01~1~1~1~1~1~01~1~1~1~1~1~1~011111111
conf: p ~
tape: ee001~01~1~01~1~1~01~1~1~1~01~1~1~1~1~01~1~1~1~1~1~01~1~1~1~1~1~1~011111111
conf: p ~
tape: ee001~01~1~01~1~1~01~1~1~1~01~1~1~1~1~01~1~1~1~1~1~01~1~1~1~1~1~1~011111111
conf: p ~
tape: ee001~01~1~01~1~1~01~1~1~1~01~1~1~1~1~01~1~1~1~1~1~01~1~1~1~1~1~1~011111111
conf: p ~
tape: ee001~01~1~01~1~1~01~1~1~1~01~1~1~1~1~01~1~1~1~1~1~01~1~1~1~1~1~1~011111111
conf: p ~
tape: ee001~01~1~01~1~1~01~1~1~1~01~1~1~1~1~01~1~1~1~1~1~01~1~1~1~1~1~1~011111111
conf: p ~
tape: ee001~01~1~01~1~1~01~1~1~1~01~1~1~1~1~01~1~1~1~1~1~01~1~1~1~1~1~1~011111111
conf: p ~
tape: ee001~01~1~01~1~1~01~1~1~1~01~1~1~1~1~01~1~1~1~1~1~01~1~1~1~1~1~1~011111111
conf: p ~
tape: ee001~01~1~01~1~1~01~1~1~1~01~1~1~1~1~01~1~1~1~1~1~01~1~1~1~1~1~1~011111111
conf: p ~
tape: ee001~01~1~01~1~1~01~1~1~1~01~1~1~1~1~01~1~1~1~1~1~01~1~1~1~1~1~1~011111111
conf: p ~
tape: ee001~01~1~01~1~1~01~1~1~1~01~1~1~1~1~01~1~1~1~1~1~01~1~1~1~1~1~1~011111111
conf: p ~
tape: ee001~01~1~01~1~1~01~1~1~1~01~1~1~1~1~01~1~1~1~1~1~01~1~1~1~1~1~1~011111111
conf: p ~
tape: ee001~01~1~01~1~1~01~1~1~1~01~1~1~1~1~01~1~1~1~1~1~01~1~1~1~1~1~1~011111111
conf: p ~
tape: ee001~01~1~01~1~1~01~1~1~1~01~1~1~1~1~01~1~1~1~1~1~01~1~1~1~1~1~1~011111111
conf: p ~
tape: ee001~01~1~01~1~1~01~1~1~1~01~1~1~1~1~01~1~1~1~1~1~01~1~1~1~1~1~1~011111111
conf: p ~
tape: ee001~01~1~01~1~1~01~1~1~1~01~1~1~1~1~01~1~1~1~1~1~01~1~1~1~1~1~1~011111111
conf: p ~
tape: ee001~01~1~01~1~1~01~1~1~1~01~1~1~1~1~01~1~1~1~1~1~01~1~1~1~1~1~1~011111111
conf: p ~
tape: ee001~01~1~01~1~1~01~1~1~1~01~1~1~1~1~01~1~1~1~1~1~01~1~1~1~1~1~1~011111111
conf: p ~
tape: ee001~01~1~01~1~1~01~1~1~1~01~1~1~1~1~01~1~1~1~1~1~01~1~1~1~1~1~1~011111111
conf: p ~
tape: ee001~01~1~01~1~1~01~1~1~1~01~1~1~1~1~01~1~1~1~1~1~01~1~1~1~1~1~1~011111111
conf: p ~
tape: ee001~01~1~01~1~1~01~1~1~1~01~1~1~1~1~01~1~1~1~1~1~01~1~1~1~1~1~1~011111111
conf: p ~
tape: ee001~01~1~01~1~1~01~1~1~1~01~1~1~1~1~01~1~1~1~1~1~01~1~1~1~1~1~1~011111111
conf: p ~
tape: ee001~01~1~01~1~1~01~1~1~1~01~1~1~1~1~01~1~1~1~1~1~01~1~1~1~1~1~1~011111111
conf: p ~
tape: ee001~01~1~01~1~1~01~1~1~1~01~1~1~1~1~01~1~1~1~1~1~01~1~1~1~1~1~1~011111111
conf: p ~
tape: ee001~01~1~01~1~1~01~1~1~1~01~1~1~1~1~01~1~1~1~1~1~01~1~1~1~1~1~1~011111111
conf: p ~
tape: ee001~01~1~01~1~1~01~1~1~1~01~1~1~1~1~01~1~1~1~1~1~01~1~1~1~1~1~1~011111111
conf: p ~
tape: ee001~01~1~01~1~1~01~1~1~1~01~1~1~1~1~01~1~1~1~1~1~01~1~1~1~1~1~1~011111111
conf: p ~
tape: ee001~01~1~01~1~1~01~1~1~1~01~1~1~1~1~01~1~1~1~1~1~01~1~1~1~1~1~1~011111111
conf: p ~
tape: ee001~01~1~01~1~1~01~1~1~1~01~1~1~1~1~01~1~1~1~1~1~01~1~1~1~1~1~1~011111111
conf: p ~
tape: ee001~01~1~01~1~1~01~1~1~1~01~1~1~1~1~01~1~1~1~1~1~01~1~1~1~1~1~1~011111111
conf: p ~
tape: ee001~01~1~01~1~1~01~1~1~1~01~1~1~1~1~01~1~1~1~1~1~01~1~1~1~1~1~1~011111111
conf: p ~
tape: ee001~01~1~01~1~1~01~1~1~1~01~1~1~1~1~01~1~1~1~1~1~01~1~1~1~1~1~1~011111111
conf: p ~
tape: ee001~01~1~01~1~1~01~1~1~1~01~1~1~1~1~01~1~1~1~1~1~01~1~1~1~1~1~1~011111111
conf: p ~
tape: ee001~01~1~01~1~1~01~1~1~1~01~1~1~1~1~01~1~1~1~1~1~01~1~1~1~1~1~1~011111111
conf: p ~
tape: ee001~01~1~01~1~1~01~1~1~1~01~1~1~1~1~01~1~1~1~1~1~01~1~1~1~1~1~1~011111111
conf: p ~
tape: ee001~01~1~01~1~1~01~1~1~1~01~1~1~1~1~01~1~1~1~1~1~01~1~1~1~1~1~1~011111111
conf: p ~
tape: ee001~01~1~01~1~1~01~1~1~1~01~1~1~1~1~01~1~1~1~1~1~01~1~1~1~1~1~1~011111111
conf: p ~
tape: ee001~01~1~01~1~1~01~1~1~1~01~1~1~1~1~01~1~1~1~1~1~01~1~1~1~1~1~1~011111111
conf: p ~
tape: ee001~01~1~01~1~1~01~1~1~1~01~1~1~1~1~01~1~1~1~1~1~01~1~1~1~1~1~1~011111111
conf: p ~
tape: ee001~01~1~01~1~1~01~1~1~1~01~1~1~1~1~01~1~1~1~1~1~01~1~1~1~1~1~1~011111111
conf: p ~
tape: ee001~01~1~01~1~1~01~1~1~1~01~1~1~1~1~01~1~1~1~1~1~01~1~1~1~1~1~1~011111111
conf: p ~
tape: ee001~01~1~01~1~1~01~1~1~1~01~1~1~1~1~01~1~1~1~1~1~01~1~1~1~1~1~1~011111111
conf: p e
tape: ee001~01~1~01~1~1~01~1~1~1~01~1~1~1~1~01~1~1~1~1~1~01~1~1~1~1~1~1~011111111
conf: f *
tape: ee001~01~1~01~1~1~01~1~1~1~01~1~1~1~1~01~1~1~1~1~1~01~1~1~1~1~1~1~011111111
conf: f *
tape: ee001~01~1~01~1~1~01~1~1~1~01~1~1~1~1~01~1~1~1~1~1~01~1~1~1~1~1~1~011111111
conf: f *
tape: ee001~01~1~01~1~1~01~1~1~1~01~1~1~1~1~01~1~1~1~1~1~01~1~1~1~1~1~1~011111111
conf: f *
tape: ee001~01~1~01~1~1~01~1~1~1~01~1~1~1~1~01~1~1~1~1~1~01~1~1~1~1~1~1~011111111
conf: f *
tape: ee001~01~1~01~1~1~01~1~1~1~01~1~1~1~1~01~1~1~1~1~1~01~1~1~1~1~1~1~011111111
conf: f *
tape: ee001~01~1~01~1~1~01~1~1~1~01~1~1~1~1~01~1~1~1~1~1~01~1~1~1~1~1~1~011111111
conf: f *
tape: ee001~01~1~01~1~1~01~1~1~1~01~1~1~1~1~01~1~1~1~1~1~01~1~1~1~1~1~1~011111111
conf: f *
tape: ee001~01~1~01~1~1~01~1~1~1~01~1~1~1~1~01~1~1~1~1~1~01~1~1~1~1~1~1~011111111
conf: f *
tape: ee001~01~1~01~1~1~01~1~1~1~01~1~1~1~1~01~1~1~1~1~1~01~1~1~1~1~1~1~011111111
conf: f *
tape: ee001~01~1~01~1~1~01~1~1~1~01~1~1~1~1~01~1~1~1~1~1~01~1~1~1~1~1~1~011111111
conf: f *
tape: ee001~01~1~01~1~1~01~1~1~1~01~1~1~1~1~01~1~1~1~1~1~01~1~1~1~1~1~1~011111111
conf: f *
tape: ee001~01~1~01~1~1~01~1~1~1~01~1~1~1~1~01~1~1~1~1~1~01~1~1~1~1~1~1~011111111
conf: f *
tape: ee001~01~1~01~1~1~01~1~1~1~01~1~1~1~1~01~1~1~1~1~1~01~1~1~1~1~1~1~011111111
conf: f *
tape: ee001~01~1~01~1~1~01~1~1~1~01~1~1~1~1~01~1~1~1~1~1~01~1~1~1~1~1~1~011111111
conf: f *
tape: ee001~01~1~01~1~1~01~1~1~1~01~1~1~1~1~01~1~1~1~1~1~01~1~1~1~1~1~1~011111111
conf: f *
tape: ee001~01~1~01~1~1~01~1~1~1~01~1~1~1~1~01~1~1~1~1~1~01~1~1~1~1~1~1~011111111
conf: f *
tape: ee001~01~1~01~1~1~01~1~1~1~01~1~1~1~1~01~1~1~1~1~1~01~1~1~1~1~1~1~011111111
conf: f *
tape: ee001~01~1~01~1~1~01~1~1~1~01~1~1~1~1~01~1~1~1~1~1~01~1~1~1~1~1~1~011111111
conf: f *
tape: ee001~01~1~01~1~1~01~1~1~1~01~1~1~1~1~01~1~1~1~1~1~01~1~1~1~1~1~1~011111111
conf: f *
tape: ee001~01~1~01~1~1~01~1~1~1~01~1~1~1~1~01~1~1~1~1~1~01~1~1~1~1~1~1~011111111
conf: f *
tape: ee001~01~1~01~1~1~01~1~1~1~01~1~1~1~1~01~1~1~1~1~1~01~1~1~1~1~1~1~011111111
conf: f *
tape: ee001~01~1~01~1~1~01~1~1~1~01~1~1~1~1~01~1~1~1~1~1~01~1~1~1~1~1~1~011111111
conf: f *
tape: ee001~01~1~01~1~1~01~1~1~1~01~1~1~1~1~01~1~1~1~1~1~01~1~1~1~1~1~1~011111111
conf: f *
tape: ee001~01~1~01~1~1~01~1~1~1~01~1~1~1~1~01~1~1~1~1~1~01~1~1~1~1~1~1~011111111
conf: f *
tape: ee001~01~1~01~1~1~01~1~1~1~01~1~1~1~1~01~1~1~1~1~1~01~1~1~1~1~1~1~011111111
conf: f *
tape: ee001~01~1~01~1~1~01~1~1~1~01~1~1~1~1~01~1~1~1~1~1~01~1~1~1~1~1~1~011111111
conf: f *
tape: ee001~01~1~01~1~1~01~1~1~1~01~1~1~1~1~01~1~1~1~1~1~01~1~1~1~1~1~1~011111111
conf: f *
tape: ee001~01~1~01~1~1~01~1~1~1~01~1~1~1~1~01~1~1~1~1~1~01~1~1~1~1~1~1~011111111
conf: f *
tape: ee001~01~1~01~1~1~01~1~1~1~01~1~1~1~1~01~1~1~1~1~1~01~1~1~1~1~1~1~011111111
conf: f *
tape: ee001~01~1~01~1~1~01~1~1~1~01~1~1~1~1~01~1~1~1~1~1~01~1~1~1~1~1~1~011111111
conf: f *
tape: ee001~01~1~01~1~1~01~1~1~1~01~1~1~1~1~01~1~1~1~1~1~01~1~1~1~1~1~1~011111111
conf: f *
tape: ee001~01~1~01~1~1~01~1~1~1~01~1~1~1~1~01~1~1~1~1~1~01~1~1~1~1~1~1~011111111
conf: f *
tape: ee001~01~1~01~1~1~01~1~1~1~01~1~1~1~1~01~1~1~1~1~1~01~1~1~1~1~1~1~011111111
conf: f *
tape: ee001~01~1~01~1~1~01~1~1~1~01~1~1~1~1~01~1~1~1~1~1~01~1~1~1~1~1~1~011111111
conf: f *
tape: ee001~01~1~01~1~1~01~1~1~1~01~1~1~1~1~01~1~1~1~1~1~01~1~1~1~1~1~1~011111111
conf: f *
tape: ee001~01~1~01~1~1~01~1~1~1~01~1~1~1~1~01~1~1~1~1~1~01~1~1~1~1~1~1~011111111
conf: f *
tape: ee001~01~1~01~1~1~01~1~1~1~01~1~1~1~1~01~1~1~1~1~1~01~1~1~1~1~1~1~011111111
conf: f *
tape: ee001~01~1~01~1~1~01~1~1~1~01~1~1~1~1~01~1~1~1~1~1~01~1~1~1~1~1~1~011111111
conf: f *
tape: ee001~01~1~01~1~1~01~1~1~1~01~1~1~1~1~01~1~1~1~1~1~01~1~1~1~1~1~1~011111111
conf: f *
tape: ee001~01~1~01~1~1~01~1~1~1~01~1~1~1~1~01~1~1~1~1~1~01~1~1~1~1~1~1~011111111
conf: f *
tape: ee001~01~1~01~1~1~01~1~1~1~01~1~1~1~1~01~1~1~1~1~1~01~1~1~1~1~1~1~011111111
conf: f *
tape: ee001~01~1~01~1~1~01~1~1~1~01~1~1~1~1~01~1~1~1~1~1~01~1~1~1~1~1~1~011111111
conf: f *
tape: ee001~01~1~01~1~1~01~1~1~1~01~1~1~1~1~01~1~1~1~1~1~01~1~1~1~1~1~1~011111111
conf: f *
tape: ee001~01~1~01~1~1~01~1~1~1~01~1~1~1~1~01~1~1~1~1~1~01~1~1~1~1~1~1~011111111
conf: f *
tape: ee001~01~1~01~1~1~01~1~1~1~01~1~1~1~1~01~1~1~1~1~1~01~1~1~1~1~1~1~011111111
conf: f ~
tape: ee001~01~1~01~1~1~01~1~1~1~01~1~1~1~1~01~1~1~1~1~1~01~1~1~1~1~1~1~0111111110
conf: o 1
tape: ee001~01~1~01~1~1~01~1~1~1~01~1~1~1~1~01~1~1~1~1~1~01~1~1~1~1~1~1~011111111x0
conf: o 1
tape: ee001~01~1~01~1~1~01~1~1~1~01~1~1~1~1~01~1~1~1~1~1~01~1~1~1~1~1~1~01111111x1x0
conf: o 1
tape: ee001~01~1~01~1~1~01~1~1~1~01~1~1~1~1~01~1~1~1~1~1~01~1~1~1~1~1~1~0111111x1x1x0
conf: o 1
tape: ee001~01~1~01~1~1~01~1~1~1~01~1~1~1~1~01~1~1~1~1~1~01~1~1~1~1~1~1~011111x1x1x1x0
conf: o 1
tape: ee001~01~1~01~1~1~01~1~1~1~01~1~1~1~1~01~1~1~1~1~1~01~1~1~1~1~1~1~01111x1x1x1x1x0
conf: o 1
tape: ee001~01~1~01~1~1~01~1~1~1~01~1~1~1~1~01~1~1~1~1~1~01~1~1~1~1~1~1~0111x1x1x1x1x1x0
conf: o 1
tape: ee001~01~1~01~1~1~01~1~1~1~01~1~1~1~1~01~1~1~1~1~1~01~1~1~1~1~1~1~011x1x1x1x1x1x1x0
conf: o 1
tape: ee001~01~1~01~1~1~01~1~1~1~01~1~1~1~1~01~1~1~1~1~1~01~1~1~1~1~1~1~01x1x1x1x1x1x1x1x0
conf: o 0
tape: ee001~01~1~01~1~1~01~1~1~1~01~1~1~1~1~01~1~1~1~1~1~01~1~1~1~1~1~1~01x1x1x1x1x1x1x1x0
conf: q *
tape: ee001~01~1~01~1~1~01~1~1~1~01~1~1~1~1~01~1~1~1~1~1~01~1~1~1~1~1~1~01x1x1x1x1x1x1x1x0
conf: q *
tape: ee001~01~1~01~1~1~01~1~1~1~01~1~1~1~1~01~1~1~1~1~1~01~1~1~1~1~1~1~01x1x1x1x1x1x1x1x0
conf: q *
tape: ee001~01~1~01~1~1~01~1~1~1~01~1~1~1~1~01~1~1~1~1~1~01~1~1~1~1~1~1~01x1x1x1x1x1x1x1x0
conf: q *
tape: ee001~01~1~01~1~1~01~1~1~1~01~1~1~1~1~01~1~1~1~1~1~01~1~1~1~1~1~1~01x1x1x1x1x1x1x1x0
conf: q *
tape: ee001~01~1~01~1~1~01~1~1~1~01~1~1~1~1~01~1~1~1~1~1~01~1~1~1~1~1~1~01x1x1x1x1x1x1x1x0
conf: q *
tape: ee001~01~1~01~1~1~01~1~1~1~01~1~1~1~1~01~1~1~1~1~1~01~1~1~1~1~1~1~01x1x1x1x1x1x1x1x0
conf: q *
tape: ee001~01~1~01~1~1~01~1~1~1~01~1~1~1~1~01~1~1~1~1~1~01~1~1~1~1~1~1~01x1x1x1x1x1x1x1x0
conf: q *
tape: ee001~01~1~01~1~1~01~1~1~1~01~1~1~1~1~01~1~1~1~1~1~01~1~1~1~1~1~1~01x1x1x1x1x1x1x1x0
conf: q *
tape: ee001~01~1~01~1~1~01~1~1~1~01~1~1~1~1~01~1~1~1~1~1~01~1~1~1~1~1~1~01x1x1x1x1x1x1x1x0
conf: q *
tape: ee001~01~1~01~1~1~01~1~1~1~01~1~1~1~1~01~1~1~1~1~1~01~1~1~1~1~1~1~01x1x1x1x1x1x1x1x0
conf: q ~
tape: ee001~01~1~01~1~1~01~1~1~1~01~1~1~1~1~01~1~1~1~1~1~01~1~1~1~1~1~1~01x1x1x1x1x1x1x1x01
conf: p ~
tape: ee001~01~1~01~1~1~01~1~1~1~01~1~1~1~1~01~1~1~1~1~1~01~1~1~1~1~1~1~01x1x1x1x1x1x1x1x01
conf: p x
tape: ee001~01~1~01~1~1~01~1~1~1~01~1~1~1~1~01~1~1~1~1~1~01~1~1~1~1~1~1~01x1x1x1x1x1x1x1~01
conf: q *
tape: ee001~01~1~01~1~1~01~1~1~1~01~1~1~1~1~01~1~1~1~1~1~01~1~1~1~1~1~1~01x1x1x1x1x1x1x1~01
conf: q *
tape: ee001~01~1~01~1~1~01~1~1~1~01~1~1~1~1~01~1~1~1~1~1~01~1~1~1~1~1~1~01x1x1x1x1x1x1x1~01
conf: q ~
tape: ee001~01~1~01~1~1~01~1~1~1~01~1~1~1~1~01~1~1~1~1~1~01~1~1~1~1~1~1~01x1x1x1x1x1x1x1~011
conf: p ~
tape: ee001~01~1~01~1~1~01~1~1~1~01~1~1~1~1~01~1~1~1~1~1~01~1~1~1~1~1~1~01x1x1x1x1x1x1x1~011
conf: p ~
tape: ee001~01~1~01~1~1~01~1~1~1~01~1~1~1~1~01~1~1~1~1~1~01~1~1~1~1~1~1~01x1x1x1x1x1x1x1~011
conf: p ~
tape: ee001~01~1~01~1~1~01~1~1~1~01~1~1~1~1~01~1~1~1~1~1~01~1~1~1~1~1~1~01x1x1x1x1x1x1x1~011
conf: p x
tape: ee001~01~1~01~1~1~01~1~1~1~01~1~1~1~1~01~1~1~1~1~1~01~1~1~1~1~1~1~01x1x1x1x1x1x1~1~011
conf: q *
tape: ee001~01~1~01~1~1~01~1~1~1~01~1~1~1~1~01~1~1~1~1~1~01~1~1~1~1~1~1~01x1x1x1x1x1x1~1~011
conf: q *
tape: ee001~01~1~01~1~1~01~1~1~1~01~1~1~1~1~01~1~1~1~1~1~01~1~1~1~1~1~1~01x1x1x1x1x1x1~1~011
conf: q *
tape: ee001~01~1~01~1~1~01~1~1~1~01~1~1~1~1~01~1~1~1~1~1~01~1~1~1~1~1~1~01x1x1x1x1x1x1~1~011
conf: q *
tape: ee001~01~1~01~1~1~01~1~1~1~01~1~1~1~1~01~1~1~1~1~1~01~1~1~1~1~1~1~01x1x1x1x1x1x1~1~011
conf: q ~
tape: ee001~01~1~01~1~1~01~1~1~1~01~1~1~1~1~01~1~1~1~1~1~01~1~1~1~1~1~1~01x1x1x1x1x1x1~1~0111
conf: p ~
tape: ee001~01~1~01~1~1~01~1~1~1~01~1~1~1~1~01~1~1~1~1~1~01~1~1~1~1~1~1~01x1x1x1x1x1x1~1~0111
conf: p ~
tape: ee001~01~1~01~1~1~01~1~1~1~01~1~1~1~1~01~1~1~1~1~1~01~1~1~1~1~1~1~01x1x1x1x1x1x1~1~0111
conf: p ~
tape: ee001~01~1~01~1~1~01~1~1~1~01~1~1~1~1~01~1~1~1~1~1~01~1~1~1~1~1~1~01x1x1x1x1x1x1~1~0111
conf: p ~
tape: ee001~01~1~01~1~1~01~1~1~1~01~1~1~1~1~01~1~1~1~1~1~01~1~1~1~1~1~1~01x1x1x1x1x1x1~1~0111
conf: p ~
tape: ee001~01~1~01~1~1~01~1~1~1~01~1~1~1~1~01~1~1~1~1~1~01~1~1~1~1~1~1~01x1x1x1x1x1x1~1~0111
conf: p x
tape: ee001~01~1~01~1~1~01~1~1~1~01~1~1~1~1~01~1~1~1~1~1~01~1~1~1~1~1~1~01x1x1x1x1x1~1~1~0111
conf: q *
tape: ee001~01~1~01~1~1~01~1~1~1~01~1~1~1~1~01~1~1~1~1~1~01~1~1~1~1~1~1~01x1x1x1x1x1~1~1~0111
conf: q *
tape: ee001~01~1~01~1~1~01~1~1~1~01~1~1~1~1~01~1~1~1~1~1~01~1~1~1~1~1~1~01x1x1x1x1x1~1~1~0111
conf: q *
tape: ee001~01~1~01~1~1~01~1~1~1~01~1~1~1~1~01~1~1~1~1~1~01~1~1~1~1~1~1~01x1x1x1x1x1~1~1~0111
conf: q *
tape: ee001~01~1~01~1~1~01~1~1~1~01~1~1~1~1~01~1~1~1~1~1~01~1~1~1~1~1~1~01x1x1x1x1x1~1~1~0111
conf: q *
tape: ee001~01~1~01~1~1~01~1~1~1~01~1~1~1~1~01~1~1~1~1~1~01~1~1~1~1~1~1~01x1x1x1x1x1~1~1~0111
conf: q *
tape: ee001~01~1~01~1~1~01~1~1~1~01~1~1~1~1~01~1~1~1~1~1~01~1~1~1~1~1~1~01x1x1x1x1x1~1~1~0111
conf: q ~
tape: ee001~01~1~01~1~1~01~1~1~1~01~1~1~1~1~01~1~1~1~1~1~01~1~1~1~1~1~1~01x1x1x1x1x1~1~1~01111
conf: p ~
tape: ee001~01~1~01~1~1~01~1~1~1~01~1~1~1~1~01~1~1~1~1~1~01~1~1~1~1~1~1~01x1x1x1x1x1~1~1~01111
conf: p ~
tape: ee001~01~1~01~1~1~01~1~1~1~01~1~1~1~1~01~1~1~1~1~1~01~1~1~1~1~1~1~01x1x1x1x1x1~1~1~01111
conf: p ~
tape: ee001~01~1~01~1~1~01~1~1~1~01~1~1~1~1~01~1~1~1~1~1~01~1~1~1~1~1~1~01x1x1x1x1x1~1~1~01111
conf: p ~
tape: ee001~01~1~01~1~1~01~1~1~1~01~1~1~1~1~01~1~1~1~1~1~01~1~1~1~1~1~1~01x1x1x1x1x1~1~1~01111
conf: p ~
tape: ee001~01~1~01~1~1~01~1~1~1~01~1~1~1~1~01~1~1~1~1~1~01~1~1~1~1~1~1~01x1x1x1x1x1~1~1~01111
conf: p ~
tape: ee001~01~1~01~1~1~01~1~1~1~01~1~1~1~1~01~1~1~1~1~1~01~1~1~1~1~1~1~01x1x1x1x1x1~1~1~01111
conf: p ~
tape: ee001~01~1~01~1~1~01~1~1~1~01~1~1~1~1~01~1~1~1~1~1~01~1~1~1~1~1~1~01x1x1x1x1x1~1~1~01111
conf: p x
tape: ee001~01~1~01~1~1~01~1~1~1~01~1~1~1~1~01~1~1~1~1~1~01~1~1~1~1~1~1~01x1x1x1x1~1~1~1~01111
conf: q *
tape: ee001~01~1~01~1~1~01~1~1~1~01~1~1~1~1~01~1~1~1~1~1~01~1~1~1~1~1~1~01x1x1x1x1~1~1~1~01111
conf: q *
tape: ee001~01~1~01~1~1~01~1~1~1~01~1~1~1~1~01~1~1~1~1~1~01~1~1~1~1~1~1~01x1x1x1x1~1~1~1~01111
conf: q *
tape: ee001~01~1~01~1~1~01~1~1~1~01~1~1~1~1~01~1~1~1~1~1~01~1~1~1~1~1~1~01x1x1x1x1~1~1~1~01111
conf: q *
tape: ee001~01~1~01~1~1~01~1~1~1~01~1~1~1~1~01~1~1~1~1~1~01~1~1~1~1~1~1~01x1x1x1x1~1~1~1~01111
conf: q *
tape: ee001~01~1~01~1~1~01~1~1~1~01~1~1~1~1~01~1~1~1~1~1~01~1~1~1~1~1~1~01x1x1x1x1~1~1~1~01111
conf: q *
tape: ee001~01~1~01~1~1~01~1~1~1~01~1~1~1~1~01~1~1~1~1~1~01~1~1~1~1~1~1~01x1x1x1x1~1~1~1~01111
conf: q *
tape: ee001~01~1~01~1~1~01~1~1~1~01~1~1~1~1~01~1~1~1~1~1~01~1~1~1~1~1~1~01x1x1x1x1~1~1~1~01111
conf: q *
tape: ee001~01~1~01~1~1~01~1~1~1~01~1~1~1~1~01~1~1~1~1~1~01~1~1~1~1~1~1~01x1x1x1x1~1~1~1~01111
conf: q ~
tape: ee001~01~1~01~1~1~01~1~1~1~01~1~1~1~1~01~1~1~1~1~1~01~1~1~1~1~1~1~01x1x1x1x1~1~1~1~011111
conf: p ~
tape: ee001~01~1~01~1~1~01~1~1~1~01~1~1~1~1~01~1~1~1~1~1~01~1~1~1~1~1~1~01x1x1x1x1~1~1~1~011111
conf: p ~
tape: ee001~01~1~01~1~1~01~1~1~1~01~1~1~1~1~01~1~1~1~1~1~01~1~1~1~1~1~1~01x1x1x1x1~1~1~1~011111
conf: p ~
tape: ee001~01~1~01~1~1~01~1~1~1~01~1~1~1~1~01~1~1~1~1~1~01~1~1~1~1~1~1~01x1x1x1x1~1~1~1~011111
conf: p ~
tape: ee001~01~1~01~1~1~01~1~1~1~01~1~1~1~1~01~1~1~1~1~1~01~1~1~1~1~1~1~01x1x1x1x1~1~1~1~011111
conf: p ~
tape: ee001~01~1~01~1~1~01~1~1~1~01~1~1~1~1~01~1~1~1~1~1~01~1~1~1~1~1~1~01x1x1x1x1~1~1~1~011111
conf: p ~
tape: ee001~01~1~01~1~1~01~1~1~1~01~1~1~1~1~01~1~1~1~1~1~01~1~1~1~1~1~1~01x1x1x1x1~1~1~1~011111
conf: p ~
tape: ee001~01~1~01~1~1~01~1~1~1~01~1~1~1~1~01~1~1~1~1~1~01~1~1~1~1~1~1~01x1x1x1x1~1~1~1~011111
conf: p ~
tape: ee001~01~1~01~1~1~01~1~1~1~01~1~1~1~1~01~1~1~1~1~1~01~1~1~1~1~1~1~01x1x1x1x1~1~1~1~011111
conf: p ~
tape: ee001~01~1~01~1~1~01~1~1~1~01~1~1~1~1~01~1~1~1~1~1~01~1~1~1~1~1~1~01x1x1x1x1~1~1~1~011111
conf: p x
tape: ee001~01~1~01~1~1~01~1~1~1~01~1~1~1~1~01~1~1~1~1~1~01~1~1~1~1~1~1~01x1x1x1~1~1~1~1~011111
conf: q *
tape: ee001~01~1~01~1~1~01~1~1~1~01~1~1~1~1~01~1~1~1~1~1~01~1~1~1~1~1~1~01x1x1x1~1~1~1~1~011111
conf: q *
tape: ee001~01~1~01~1~1~01~1~1~1~01~1~1~1~1~01~1~1~1~1~1~01~1~1~1~1~1~1~01x1x1x1~1~1~1~1~011111
conf: q *
tape: ee001~01~1~01~1~1~01~1~1~1~01~1~1~1~1~01~1~1~1~1~1~01~1~1~1~1~1~1~01x1x1x1~1~1~1~1~011111
conf: q *
tape: ee001~01~1~01~1~1~01~1~1~1~01~1~1~1~1~01~1~1~1~1~1~01~1~1~1~1~1~1~01x1x1x1~1~1~1~1~011111
conf: q *
tape: ee001~01~1~01~1~1~01~1~1~1~01~1~1~1~1~01~1~1~1~1~1~01~1~1~1~1~1~1~01x1x1x1~1~1~1~1~011111
conf: q *
tape: ee001~01~1~01~1~1~01~1~1~1~01~1~1~1~1~01~1~1~1~1~1~01~1~1~1~1~1~1~01x1x1x1~1~1~1~1~011111
conf: q *
tape: ee001~01~1~01~1~1~01~1~1~1~01~1~1~1~1~01~1~1~1~1~1~01~1~1~1~1~1~1~01x1x1x1~1~1~1~1~011111
conf: q *
tape: ee001~01~1~01~1~1~01~1~1~1~01~1~1~1~1~01~1~1~1~1~1~01~1~1~1~1~1~1~01x1x1x1~1~1~1~1~011111
conf: q *
tape: ee001~01~1~01~1~1~01~1~1~1~01~1~1~1~1~01~1~1~1~1~1~01~1~1~1~1~1~1~01x1x1x1~1~1~1~1~011111
conf: q *
tape: ee001~01~1~01~1~1~01~1~1~1~01~1~1~1~1~01~1~1~1~1~1~01~1~1~1~1~1~1~01x1x1x1~1~1~1~1~011111
conf: q ~
tape: ee001~01~1~01~1~1~01~1~1~1~01~1~1~1~1~01~1~1~1~1~1~01~1~1~1~1~1~1~01x1x1x1~1~1~1~1~0111111
conf: p ~
tape: ee001~01~1~01~1~1~01~1~1~1~01~1~1~1~1~01~1~1~1~1~1~01~1~1~1~1~1~1~01x1x1x1~1~1~1~1~0111111
conf: p ~
tape: ee001~01~1~01~1~1~01~1~1~1~01~1~1~1~1~01~1~1~1~1~1~01~1~1~1~1~1~1~01x1x1x1~1~1~1~1~0111111
conf: p ~
tape: ee001~01~1~01~1~1~01~1~1~1~01~1~1~1~1~01~1~1~1~1~1~01~1~1~1~1~1~1~01x1x1x1~1~1~1~1~0111111
conf: p ~
tape: ee001~01~1~01~1~1~01~1~1~1~01~1~1~1~1~01~1~1~1~1~1~01~1~1~1~1~1~1~01x1x1x1~1~1~1~1~0111111
conf: p ~
tape: ee001~01~1~01~1~1~01~1~1~1~01~1~1~1~1~01~1~1~1~1~1~01~1~1~1~1~1~1~01x1x1x1~1~1~1~1~0111111
conf: p ~
tape: ee001~01~1~01~1~1~01~1~1~1~01~1~1~1~1~01~1~1~1~1~1~01~1~1~1~1~1~1~01x1x1x1~1~1~1~1~0111111
conf: p ~
tape: ee001~01~1~01~1~1~01~1~1~1~01~1~1~1~1~01~1~1~1~1~1~01~1~1~1~1~1~1~01x1x1x1~1~1~1~1~0111111
conf: p ~
tape: ee001~01~1~01~1~1~01~1~1~1~01~1~1~1~1~01~1~1~1~1~1~01~1~1~1~1~1~1~01x1x1x1~1~1~1~1~0111111
conf: p ~
tape: ee001~01~1~01~1~1~01~1~1~1~01~1~1~1~1~01~1~1~1~1~1~01~1~1~1~1~1~1~01x1x1x1~1~1~1~1~0111111
conf: p ~
tape: ee001~01~1~01~1~1~01~1~1~1~01~1~1~1~1~01~1~1~1~1~1~01~1~1~1~1~1~1~01x1x1x1~1~1~1~1~0111111
conf: p ~
tape: ee001~01~1~01~1~1~01~1~1~1~01~1~1~1~1~01~1~1~1~1~1~01~1~1~1~1~1~1~01x1x1x1~1~1~1~1~0111111
conf: p x
tape: ee001~01~1~01~1~1~01~1~1~1~01~1~1~1~1~01~1~1~1~1~1~01~1~1~1~1~1~1~01x1x1~1~1~1~1~1~0111111
conf: q *
tape: ee001~01~1~01~1~1~01~1~1~1~01~1~1~1~1~01~1~1~1~1~1~01~1~1~1~1~1~1~01x1x1~1~1~1~1~1~0111111
conf: q *
tape: ee001~01~1~01~1~1~01~1~1~1~01~1~1~1~1~01~1~1~1~1~1~01~1~1~1~1~1~1~01x1x1~1~1~1~1~1~0111111
conf: q *
tape: ee001~01~1~01~1~1~01~1~1~1~01~1~1~1~1~01~1~1~1~1~1~01~1~1~1~1~1~1~01x1x1~1~1~1~1~1~0111111
conf: q *
tape: ee001~01~1~01~1~1~01~1~1~1~01~1~1~1~1~01~1~1~1~1~1~01~1~1~1~1~1~1~01x1x1~1~1~1~1~1~0111111
conf: q *
tape: ee001~01~1~01~1~1~01~1~1~1~01~1~1~1~1~01~1~1~1~1~1~01~1~1~1~1~1~1~01x1x1~1~1~1~1~1~0111111
conf: q *
tape: ee001~01~1~01~1~1~01~1~1~1~01~1~1~1~1~01~1~1~1~1~1~01~1~1~1~1~1~1~01x1x1~1~1~1~1~1~0111111
conf: q *
tape: ee001~01~1~01~1~1~01~1~1~1~01~1~1~1~1~01~1~1~1~1~1~01~1~1~1~1~1~1~01x1x1~1~1~1~1~1~0111111
conf: q *
tape: ee001~01~1~01~1~1~01~1~1~1~01~1~1~1~1~01~1~1~1~1~1~01~1~1~1~1~1~1~01x1x1~1~1~1~1~1~0111111
conf: q *
tape: ee001~01~1~01~1~1~01~1~1~1~01~1~1~1~1~01~1~1~1~1~1~01~1~1~1~1~1~1~01x1x1~1~1~1~1~1~0111111
conf: q *
tape: ee001~01~1~01~1~1~01~1~1~1~01~1~1~1~1~01~1~1~1~1~1~01~1~1~1~1~1~1~01x1x1~1~1~1~1~1~0111111
conf: q *
tape: ee001~01~1~01~1~1~01~1~1~1~01~1~1~1~1~01~1~1~1~1~1~01~1~1~1~1~1~1~01x1x1~1~1~1~1~1~0111111
conf: q *
tape: ee001~01~1~01~1~1~01~1~1~1~01~1~1~1~1~01~1~1~1~1~1~01~1~1~1~1~1~1~01x1x1~1~1~1~1~1~0111111
conf: q ~
tape: ee001~01~1~01~1~1~01~1~1~1~01~1~1~1~1~01~1~1~1~1~1~01~1~1~1~1~1~1~01x1x1~1~1~1~1~1~01111111
conf: p ~
tape: ee001~01~1~01~1~1~01~1~1~1~01~1~1~1~1~01~1~1~1~1~1~01~1~1~1~1~1~1~01x1x1~1~1~1~1~1~01111111
conf: p ~
tape: ee001~01~1~01~1~1~01~1~1~1~01~1~1~1~1~01~1~1~1~1~1~01~1~1~1~1~1~1~01x1x1~1~1~1~1~1~01111111
conf: p ~
tape: ee001~01~1~01~1~1~01~1~1~1~01~1~1~1~1~01~1~1~1~1~1~01~1~1~1~1~1~1~01x1x1~1~1~1~1~1~01111111
conf: p ~
tape: ee001~01~1~01~1~1~01~1~1~1~01~1~1~1~1~01~1~1~1~1~1~01~1~1~1~1~1~1~01x1x1~1~1~1~1~1~01111111
conf: p ~
tape: ee001~01~1~01~1~1~01~1~1~1~01~1~1~1~1~01~1~1~1~1~1~01~1~1~1~1~1~1~01x1x1~1~1~1~1~1~01111111
conf: p ~
tape: ee001~01~1~01~1~1~01~1~1~1~01~1~1~1~1~01~1~1~1~1~1~01~1~1~1~1~1~1~01x1x1~1~1~1~1~1~01111111
conf: p ~
tape: ee001~01~1~01~1~1~01~1~1~1~01~1~1~1~1~01~1~1~1~1~1~01~1~1~1~1~1~1~01x1x1~1~1~1~1~1~01111111
conf: p ~
tape: ee001~01~1~01~1~1~01~1~1~1~01~1~1~1~1~01~1~1~1~1~1~01~1~1~1~1~1~1~01x1x1~1~1~1~1~1~01111111
conf: p ~
tape: ee001~01~1~01~1~1~01~1~1~1~01~1~1~1~1~01~1~1~1~1~1~01~1~1~1~1~1~1~01x1x1~1~1~1~1~1~01111111
conf: p ~
tape: ee001~01~1~01~1~1~01~1~1~1~01~1~1~1~1~01~1~1~1~1~1~01~1~1~1~1~1~1~01x1x1~1~1~1~1~1~01111111
conf: p ~
tape: ee001~01~1~01~1~1~01~1~1~1~01~1~1~1~1~01~1~1~1~1~1~01~1~1~1~1~1~1~01x1x1~1~1~1~1~1~01111111
conf: p ~
tape: ee001~01~1~01~1~1~01~1~1~1~01~1~1~1~1~01~1~1~1~1~1~01~1~1~1~1~1~1~01x1x1~1~1~1~1~1~01111111
conf: p ~
tape: ee001~01~1~01~1~1~01~1~1~1~01~1~1~1~1~01~1~1~1~1~1~01~1~1~1~1~1~1~01x1x1~1~1~1~1~1~01111111
conf: p x
tape: ee001~01~1~01~1~1~01~1~1~1~01~1~1~1~1~01~1~1~1~1~1~01~1~1~1~1~1~1~01x1~1~1~1~1~1~1~01111111
conf: q *
tape: ee001~01~1~01~1~1~01~1~1~1~01~1~1~1~1~01~1~1~1~1~1~01~1~1~1~1~1~1~01x1~1~1~1~1~1~1~01111111
conf: q *
tape: ee001~01~1~01~1~1~01~1~1~1~01~1~1~1~1~01~1~1~1~1~1~01~1~1~1~1~1~1~01x1~1~1~1~1~1~1~01111111
conf: q *
tape: ee001~01~1~01~1~1~01~1~1~1~01~1~1~1~1~01~1~1~1~1~1~01~1~1~1~1~1~1~01x1~1~1~1~1~1~1~01111111
conf: q *
tape: ee001~01~1~01~1~1~01~1~1~1~01~1~1~1~1~01~1~1~1~1~1~01~1~1~1~1~1~1~01x1~1~1~1~1~1~1~01111111
conf: q *
tape: ee001~01~1~01~1~1~01~1~1~1~01~1~1~1~1~01~1~1~1~1~1~01~1~1~1~1~1~1~01x1~1~1~1~1~1~1~01111111
conf: q *
tape: ee001~01~1~01~1~1~01~1~1~1~01~1~1~1~1~01~1~1~1~1~1~01~1~1~1~1~1~1~01x1~1~1~1~1~1~1~01111111
conf: q *
tape: ee001~01~1~01~1~1~01~1~1~1~01~1~1~1~1~01~1~1~1~1~1~01~1~1~1~1~1~1~01x1~1~1~1~1~1~1~01111111
conf: q *
tape: ee001~01~1~01~1~1~01~1~1~1~01~1~1~1~1~01~1~1~1~1~1~01~1~1~1~1~1~1~01x1~1~1~1~1~1~1~01111111
conf: q *
tape: ee001~01~1~01~1~1~01~1~1~1~01~1~1~1~1~01~1~1~1~1~1~01~1~1~1~1~1~1~01x1~1~1~1~1~1~1~01111111
conf: q *
tape: ee001~01~1~01~1~1~01~1~1~1~01~1~1~1~1~01~1~1~1~1~1~01~1~1~1~1~1~1~01x1~1~1~1~1~1~1~01111111
conf: q *
tape: ee001~01~1~01~1~1~01~1~1~1~01~1~1~1~1~01~1~1~1~1~1~01~1~1~1~1~1~1~01x1~1~1~1~1~1~1~01111111
conf: q *
tape: ee001~01~1~01~1~1~01~1~1~1~01~1~1~1~1~01~1~1~1~1~1~01~1~1~1~1~1~1~01x1~1~1~1~1~1~1~01111111
conf: q *
tape: ee001~01~1~01~1~1~01~1~1~1~01~1~1~1~1~01~1~1~1~1~1~01~1~1~1~1~1~1~01x1~1~1~1~1~1~1~01111111
conf: q *
tape: ee001~01~1~01~1~1~01~1~1~1~01~1~1~1~1~01~1~1~1~1~1~01~1~1~1~1~1~1~01x1~1~1~1~1~1~1~01111111
conf: q ~
tape: ee001~01~1~01~1~1~01~1~1~1~01~1~1~1~1~01~1~1~1~1~1~01~1~1~1~1~1~1~01x1~1~1~1~1~1~1~011111111
conf: p ~
tape: ee001~01~1~01~1~1~01~1~1~1~01~1~1~1~1~01~1~1~1~1~1~01~1~1~1~1~1~1~01x1~1~1~1~1~1~1~011111111
conf: p ~
tape: ee001~01~1~01~1~1~01~1~1~1~01~1~1~1~1~01~1~1~1~1~1~01~1~1~1~1~1~1~01x1~1~1~1~1~1~1~011111111
conf: p ~
tape: ee001~01~1~01~1~1~01~1~1~1~01~1~1~1~1~01~1~1~1~1~1~01~1~1~1~1~1~1~01x1~1~1~1~1~1~1~011111111
conf: p ~
tape: ee001~01~1~01~1~1~01~1~1~1~01~1~1~1~1~01~1~1~1~1~1~01~1~1~1~1~1~1~01x1~1~1~1~1~1~1~011111111
conf: p ~
tape: ee001~01~1~01~1~1~01~1~1~1~01~1~1~1~1~01~1~1~1~1~1~01~1~1~1~1~1~1~01x1~1~1~1~1~1~1~011111111
conf: p ~
tape: ee001~01~1~01~1~1~01~1~1~1~01~1~1~1~1~01~1~1~1~1~1~01~1~1~1~1~1~1~01x1~1~1~1~1~1~1~011111111
conf: p ~
tape: ee001~01~1~01~1~1~01~1~1~1~01~1~1~1~1~01~1~1~1~1~1~01~1~1~1~1~1~1~01x1~1~1~1~1~1~1~011111111
conf: p ~
tape: ee001~01~1~01~1~1~01~1~1~1~01~1~1~1~1~01~1~1~1~1~1~01~1~1~1~1~1~1~01x1~1~1~1~1~1~1~011111111
conf: p ~
tape: ee001~01~1~01~1~1~01~1~1~1~01~1~1~1~1~01~1~1~1~1~1~01~1~1~1~1~1~1~01x1~1~1~1~1~1~1~011111111
conf: p ~
tape: ee001~01~1~01~1~1~01~1~1~1~01~1~1~1~1~01~1~1~1~1~1~01~1~1~1~1~1~1~01x1~1~1~1~1~1~1~011111111
conf: p ~
tape: ee001~01~1~01~1~1~01~1~1~1~01~1~1~1~1~01~1~1~1~1~1~01~1~1~1~1~1~1~01x1~1~1~1~1~1~1~011111111
conf: p ~
tape: ee001~01~1~01~1~1~01~1~1~1~01~1~1~1~1~01~1~1~1~1~1~01~1~1~1~1~1~1~01x1~1~1~1~1~1~1~011111111
conf: p ~
tape: ee001~01~1~01~1~1~01~1~1~1~01~1~1~1~1~01~1~1~1~1~1~01~1~1~1~1~1~1~01x1~1~1~1~1~1~1~011111111
conf: p ~
tape: ee001~01~1~01~1~1~01~1~1~1~01~1~1~1~1~01~1~1~1~1~1~01~1~1~1~1~1~1~01x1~1~1~1~1~1~1~011111111
conf: p ~
tape: ee001~01~1~01~1~1~01~1~1~1~01~1~1~1~1~01~1~1~1~1~1~01~1~1~1~1~1~1~01x1~1~1~1~1~1~1~011111111
conf: p x
tape: ee001~01~1~01~1~1~01~1~1~1~01~1~1~1~1~01~1~1~1~1~1~01~1~1~1~1~1~1~01~1~1~1~1~1~1~1~011111111
conf: q *
tape: ee001~01~1~01~1~1~01~1~1~1~01~1~1~1~1~01~1~1~1~1~1~01~1~1~1~1~1~1~01~1~1~1~1~1~1~1~011111111
conf: q *
tape: ee001~01~1~01~1~1~01~1~1~1~01~1~1~1~1~01~1~1~1~1~1~01~1~1~1~1~1~1~01~1~1~1~1~1~1~1~011111111
conf: q *
tape: ee001~01~1~01~1~1~01~1~1~1~01~1~1~1~1~01~1~1~1~1~1~01~1~1~1~1~1~1~01~1~1~1~1~1~1~1~011111111
conf: q *
tape: ee001~01~1~01~1~1~01~1~1~1~01~1~1~1~1~01~1~1~1~1~1~01~1~1~1~1~1~1~01~1~1~1~1~1~1~1~011111111
conf: q *
tape: ee001~01~1~01~1~1~01~1~1~1~01~1~1~1~1~01~1~1~1~1~1~01~1~1~1~1~1~1~01~1~1~1~1~1~1~1~011111111
conf: q *
tape: ee001~01~1~01~1~1~01~1~1~1~01~1~1~1~1~01~1~1~1~1~1~01~1~1~1~1~1~1~01~1~1~1~1~1~1~1~011111111
conf: q *
tape: ee001~01~1~01~1~1~01~1~1~1~01~1~1~1~1~01~1~1~1~1~1~01~1~1~1~1~1~1~01~1~1~1~1~1~1~1~011111111
conf: q *
tape: ee001~01~1~01~1~1~01~1~1~1~01~1~1~1~1~01~1~1~1~1~1~01~1~1~1~1~1~1~01~1~1~1~1~1~1~1~011111111
conf: q *
tape: ee001~01~1~01~1~1~01~1~1~1~01~1~1~1~1~01~1~1~1~1~1~01~1~1~1~1~1~1~01~1~1~1~1~1~1~1~011111111
conf: q *
tape: ee001~01~1~01~1~1~01~1~1~1~01~1~1~1~1~01~1~1~1~1~1~01~1~1~1~1~1~1~01~1~1~1~1~1~1~1~011111111
conf: q *
tape: ee001~01~1~01~1~1~01~1~1~1~01~1~1~1~1~01~1~1~1~1~1~01~1~1~1~1~1~1~01~1~1~1~1~1~1~1~011111111
conf: q *
tape: ee001~01~1~01~1~1~01~1~1~1~01~1~1~1~1~01~1~1~1~1~1~01~1~1~1~1~1~1~01~1~1~1~1~1~1~1~011111111
conf: q *
tape: ee001~01~1~01~1~1~01~1~1~1~01~1~1~1~1~01~1~1~1~1~1~01~1~1~1~1~1~1~01~1~1~1~1~1~1~1~011111111
conf: q *
tape: ee001~01~1~01~1~1~01~1~1~1~01~1~1~1~1~01~1~1~1~1~1~01~1~1~1~1~1~1~01~1~1~1~1~1~1~1~011111111
conf: q *
tape: ee001~01~1~01~1~1~01~1~1~1~01~1~1~1~1~01~1~1~1~1~1~01~1~1~1~1~1~1~01~1~1~1~1~1~1~1~011111111
conf: q *
tape: ee001~01~1~01~1~1~01~1~1~1~01~1~1~1~1~01~1~1~1~1~1~01~1~1~1~1~1~1~01~1~1~1~1~1~1~1~011111111
conf: q ~
tape: ee001~01~1~01~1~1~01~1~1~1~01~1~1~1~1~01~1~1~1~1~1~01~1~1~1~1~1~1~01~1~1~1~1~1~1~1~0111111111
conf: p ~
tape: ee001~01~1~01~1~1~01~1~1~1~01~1~1~1~1~01~1~1~1~1~1~01~1~1~1~1~1~1~01~1~1~1~1~1~1~1~0111111111
conf: p ~
tape: ee001~01~1~01~1~1~01~1~1~1~01~1~1~1~1~01~1~1~1~1~1~01~1~1~1~1~1~1~01~1~1~1~1~1~1~1~0111111111
conf: p ~
tape: ee001~01~1~01~1~1~01~1~1~1~01~1~1~1~1~01~1~1~1~1~1~01~1~1~1~1~1~1~01~1~1~1~1~1~1~1~0111111111
conf: p ~
tape: ee001~01~1~01~1~1~01~1~1~1~01~1~1~1~1~01~1~1~1~1~1~01~1~1~1~1~1~1~01~1~1~1~1~1~1~1~0111111111
conf: p ~
tape: ee001~01~1~01~1~1~01~1~1~1~01~1~1~1~1~01~1~1~1~1~1~01~1~1~1~1~1~1~01~1~1~1~1~1~1~1~0111111111
conf: p ~
tape: ee001~01~1~01~1~1~01~1~1~1~01~1~1~1~1~01~1~1~1~1~1~01~1~1~1~1~1~1~01~1~1~1~1~1~1~1~0111111111
conf: p ~
tape: ee001~01~1~01~1~1~01~1~1~1~01~1~1~1~1~01~1~1~1~1~1~01~1~1~1~1~1~1~01~1~1~1~1~1~1~1~0111111111
conf: p ~
tape: ee001~01~1~01~1~1~01~1~1~1~01~1~1~1~1~01~1~1~1~1~1~01~1~1~1~1~1~1~01~1~1~1~1~1~1~1~0111111111
conf: p ~
tape: ee001~01~1~01~1~1~01~1~1~1~01~1~1~1~1~01~1~1~1~1~1~01~1~1~1~1~1~1~01~1~1~1~1~1~1~1~0111111111
conf: p ~
tape: ee001~01~1~01~1~1~01~1~1~1~01~1~1~1~1~01~1~1~1~1~1~01~1~1~1~1~1~1~01~1~1~1~1~1~1~1~0111111111
conf: p ~
tape: ee001~01~1~01~1~1~01~1~1~1~01~1~1~1~1~01~1~1~1~1~1~01~1~1~1~1~1~1~01~1~1~1~1~1~1~1~0111111111
conf: p ~
tape: ee001~01~1~01~1~1~01~1~1~1~01~1~1~1~1~01~1~1~1~1~1~01~1~1~1~1~1~1~01~1~1~1~1~1~1~1~0111111111
conf: p ~
tape: ee001~01~1~01~1~1~01~1~1~1~01~1~1~1~1~01~1~1~1~1~1~01~1~1~1~1~1~1~01~1~1~1~1~1~1~1~0111111111
conf: p ~
tape: ee001~01~1~01~1~1~01~1~1~1~01~1~1~1~1~01~1~1~1~1~1~01~1~1~1~1~1~1~01~1~1~1~1~1~1~1~0111111111
conf: p ~
tape: ee001~01~1~01~1~1~01~1~1~1~01~1~1~1~1~01~1~1~1~1~1~01~1~1~1~1~1~1~01~1~1~1~1~1~1~1~0111111111
conf: p ~
tape: ee001~01~1~01~1~1~01~1~1~1~01~1~1~1~1~01~1~1~1~1~1~01~1~1~1~1~1~1~01~1~1~1~1~1~1~1~0111111111
conf: p ~
tape: ee001~01~1~01~1~1~01~1~1~1~01~1~1~1~1~01~1~1~1~1~1~01~1~1~1~1~1~1~01~1~1~1~1~1~1~1~0111111111
conf: p ~
tape: ee001~01~1~01~1~1~01~1~1~1~01~1~1~1~1~01~1~1~1~1~1~01~1~1~1~1~1~1~01~1~1~1~1~1~1~1~0111111111
conf: p ~
tape: ee001~01~1~01~1~1~01~1~1~1~01~1~1~1~1~01~1~1~1~1~1~01~1~1~1~1~1~1~01~1~1~1~1~1~1~1~0111111111
conf: p ~
tape: ee001~01~1~01~1~1~01~1~1~1~01~1~1~1~1~01~1~1~1~1~1~01~1~1~1~1~1~1~01~1~1~1~1~1~1~1~0111111111
conf: p ~
tape: ee001~01~1~01~1~1~01~1~1~1~01~1~1~1~1~01~1~1~1~1~1~01~1~1~1~1~1~1~01~1~1~1~1~1~1~1~0111111111
conf: p ~
tape: ee001~01~1~01~1~1~01~1~1~1~01~1~1~1~1~01~1~1~1~1~1~01~1~1~1~1~1~1~01~1~1~1~1~1~1~1~0111111111
conf: p ~
tape: ee001~01~1~01~1~1~01~1~1~1~01~1~1~1~1~01~1~1~1~1~1~01~1~1~1~1~1~1~01~1~1~1~1~1~1~1~0111111111
conf: p ~
tape: ee001~01~1~01~1~1~01~1~1~1~01~1~1~1~1~01~1~1~1~1~1~01~1~1~1~1~1~1~01~1~1~1~1~1~1~1~0111111111
conf: p ~
tape: ee001~01~1~01~1~1~01~1~1~1~01~1~1~1~1~01~1~1~1~1~1~01~1~1~1~1~1~1~01~1~1~1~1~1~1~1~0111111111
conf: p ~
tape: ee001~01~1~01~1~1~01~1~1~1~01~1~1~1~1~01~1~1~1~1~1~01~1~1~1~1~1~1~01~1~1~1~1~1~1~1~0111111111
conf: p ~
tape: ee001~01~1~01~1~1~01~1~1~1~01~1~1~1~1~01~1~1~1~1~1~01~1~1~1~1~1~1~01~1~1~1~1~1~1~1~0111111111
conf: p ~
tape: ee001~01~1~01~1~1~01~1~1~1~01~1~1~1~1~01~1~1~1~1~1~01~1~1~1~1~1~1~01~1~1~1~1~1~1~1~0111111111
conf: p ~
tape: ee001~01~1~01~1~1~01~1~1~1~01~1~1~1~1~01~1~1~1~1~1~01~1~1~1~1~1~1~01~1~1~1~1~1~1~1~0111111111
conf: p ~
tape: ee001~01~1~01~1~1~01~1~1~1~01~1~1~1~1~01~1~1~1~1~1~01~1~1~1~1~1~1~01~1~1~1~1~1~1~1~0111111111
conf: p ~
tape: ee001~01~1~01~1~1~01~1~1~1~01~1~1~1~1~01~1~1~1~1~1~01~1~1~1~1~1~1~01~1~1~1~1~1~1~1~0111111111
conf: p ~
tape: ee001~01~1~01~1~1~01~1~1~1~01~1~1~1~1~01~1~1~1~1~1~01~1~1~1~1~1~1~01~1~1~1~1~1~1~1~0111111111
conf: p ~
tape: ee001~01~1~01~1~1~01~1~1~1~01~1~1~1~1~01~1~1~1~1~1~01~1~1~1~1~1~1~01~1~1~1~1~1~1~1~0111111111
conf: p ~
tape: ee001~01~1~01~1~1~01~1~1~1~01~1~1~1~1~01~1~1~1~1~1~01~1~1~1~1~1~1~01~1~1~1~1~1~1~1~0111111111
conf: p ~
tape: ee001~01~1~01~1~1~01~1~1~1~01~1~1~1~1~01~1~1~1~1~1~01~1~1~1~1~1~1~01~1~1~1~1~1~1~1~0111111111
conf: p ~
tape: ee001~01~1~01~1~1~01~1~1~1~01~1~1~1~1~01~1~1~1~1~1~01~1~1~1~1~1~1~01~1~1~1~1~1~1~1~0111111111
conf: p ~
tape: ee001~01~1~01~1~1~01~1~1~1~01~1~1~1~1~01~1~1~1~1~1~01~1~1~1~1~1~1~01~1~1~1~1~1~1~1~0111111111
conf: p ~
tape: ee001~01~1~01~1~1~01~1~1~1~01~1~1~1~1~01~1~1~1~1~1~01~1~1~1~1~1~1~01~1~1~1~1~1~1~1~0111111111
conf: p ~
tape: ee001~01~1~01~1~1~01~1~1~1~01~1~1~1~1~01~1~1~1~1~1~01~1~1~1~1~1~1~01~1~1~1~1~1~1~1~0111111111
