add-finished * L,L add-finished
add-finished @ R,R erase-old-x
add-one * R,R add-one
add-one r Pv add-finished
add-one u Ps,R,R carry
add-zero * R,R add-zero
add-zero r Ps add-finished
add-zero u Pv add-finished
begin ~ P@,R,P1 new
carry r Pu add-finished
carry u Pr,R,R carry
carry ~ Pu new-digit-is-zero
cleanup * E,R,R cleanup
cleanup ~ , new
erase-old-x * R,R erase-old-x
erase-old-x x E,L,L print-new-x
erase-old-x z Py,L,L print-new-x
erase-old-y * R,R erase-old-y
erase-old-y y E,L,L print-new-y
find-1st-digit x L found-1st-digit
find-1st-digit y L found-1st-digit
find-1st-digit z L found-2nd-digit
find-1st-digit ~ R,R find-1st-digit
find-2nd-digit x L found-2nd-digit
find-2nd-digit y L found-2nd-digit
find-2nd-digit ~ R,R find-2nd-digit
find-digits * L,L find-digits
find-digits @ R,R find-1st-digit
find-x * L,L find-x
find-x @ , find-digits
find-x x E first-r
first-r * R,R first-r
first-r r R,R last-r
flag-result-digits * R,R flag-result-digits
flag-result-digits s Pt,R,R unflag-result-digits
flag-result-digits v Pw,R,R unflag-result-digits
found-1st-digit 0 R add-zero
found-1st-digit 1 R,R,R find-2nd-digit
found-2nd-digit 0 R add-zero
found-2nd-digit 1 R add-one
found-2nd-digit ~ R add-one
last-r r R,R last-r
last-r ~ Pr,R,R,Pr find-x
mark-digits 0 R,Px,R mark-digits
mark-digits 1 R,Px,R mark-digits
mark-digits ~ R,Pz,R,R,Pr find-x
new * L new
new @ R mark-digits
new-digit-is-one * L new-digit-is-one
new-digit-is-one @ R print-one-digit
new-digit-is-zero * L new-digit-is-zero
new-digit-is-zero @ R print-zero-digit
print-new-x @ R,R erase-old-y
print-new-x y Pz find-digits
print-new-x ~ Px find-digits
print-new-y * Py,R reset-new-x
print-new-y @ R new-digit-is-one
print-one-digit 0 R,E,R print-one-digit
print-one-digit 1 R,E,R print-one-digit
print-one-digit ~ P1,R,R,R cleanup
print-zero-digit 0 R,E,R print-zero-digit
print-zero-digit 1 R,E,R print-zero-digit
print-zero-digit ~ P0,R,R,R cleanup
reset-new-x * R,R reset-new-x
reset-new-x ~ R,Px flag-result-digits
unflag-result-digits * , find-digits
unflag-result-digits s Pr,R,R unflag-result-digits
unflag-result-digits v Pu,R,R unflag-result-digits

ops : P@,R,P1
head:  v (new)
tape: @1
ops : L
head: v (new)
tape: @1
ops : R
head:  v (mark-digits)
tape: @1
ops : R,Px,R
head:    v (mark-digits)
tape: @1x~
ops : R,Pz,R,R,Pr
head:       v (find-x)
tape: @1x~z~r
ops : L,L
head:     v (find-x)
tape: @1x~z~r
ops : L,L
head:   v (find-x)
tape: @1x~z~r
ops : E
head:   v (first-r)
tape: @1~~z~r
ops : R,R
head:     v (first-r)
tape: @1~~z~r
ops : R,R
head:       v (first-r)
tape: @1~~z~r
ops : R,R
head:         v (last-r)
tape: @1~~z~r~~
ops : Pr,R,R,Pr
head:           v (find-x)
tape: @1~~z~r~r~r
ops : L,L
head:         v (find-x)
tape: @1~~z~r~r~r
ops : L,L
head:       v (find-x)
tape: @1~~z~r~r~r
ops : L,L
head:     v (find-x)
tape: @1~~z~r~r~r
ops : L,L
head:   v (find-x)
tape: @1~~z~r~r~r
ops : L,L
head: v (find-x)
tape: @1~~z~r~r~r
ops : ,
head: v (find-digits)
tape: @1~~z~r~r~r
ops : R,R
head:   v (find-1st-digit)
tape: @1~~z~r~r~r
ops : R,R
head:     v (find-1st-digit)
tape: @1~~z~r~r~r
ops : L
head:    v (found-2nd-digit)
tape: @1~~z~r~r~r
ops : R
head:     v (add-one)
tape: @1~~z~r~r~r
ops : R,R
head:       v (add-one)
tape: @1~~z~r~r~r
ops : Pv
head:       v (add-finished)
tape: @1~~z~v~r~r
ops : L,L
head:     v (add-finished)
tape: @1~~z~v~r~r
ops : L,L
head:   v (add-finished)
tape: @1~~z~v~r~r
ops : L,L
head: v (add-finished)
tape: @1~~z~v~r~r
ops : R,R
head:   v (erase-old-x)
tape: @1~~z~v~r~r
ops : R,R
head:     v (erase-old-x)
tape: @1~~z~v~r~r
ops : Py,L,L
head:   v (print-new-x)
tape: @1~~y~v~r~r
ops : Px
head:   v (find-digits)
tape: @1x~y~v~r~r
ops : L,L
head: v (find-digits)
tape: @1x~y~v~r~r
ops : R,R
head:   v (find-1st-digit)
tape: @1x~y~v~r~r
ops : L
head:  v (found-1st-digit)
tape: @1x~y~v~r~r
ops : R,R,R
head:     v (find-2nd-digit)
tape: @1x~y~v~r~r
ops : L
head:    v (found-2nd-digit)
tape: @1x~y~v~r~r
ops : R
head:     v (add-one)
tape: @1x~y~v~r~r
ops : R,R
head:       v (add-one)
tape: @1x~y~v~r~r
ops : R,R
head:         v (add-one)
tape: @1x~y~v~r~r
ops : Pv
head:         v (add-finished)
tape: @1x~y~v~v~r
ops : L,L
head:       v (add-finished)
tape: @1x~y~v~v~r
ops : L,L
head:     v (add-finished)
tape: @1x~y~v~v~r
ops : L,L
head:   v (add-finished)
tape: @1x~y~v~v~r
ops : L,L
head: v (add-finished)
tape: @1x~y~v~v~r
ops : R,R
head:   v (erase-old-x)
tape: @1x~y~v~v~r
ops : E,L,L
head: v (print-new-x)
tape: @1~~y~v~v~r
ops : R,R
head:   v (erase-old-y)
tape: @1~~y~v~v~r
ops : R,R
head:     v (erase-old-y)
tape: @1~~y~v~v~r
ops : E,L,L
head:   v (print-new-y)
tape: @1~~~~v~v~r
ops : Py,R
head:    v (reset-new-x)
tape: @1y~~~v~v~r
ops : R,Px
head:     v (flag-result-digits)
tape: @1y~x~v~v~r
ops : R,R
head:       v (flag-result-digits)
tape: @1y~x~v~v~r
ops : Pw,R,R
head:         v (unflag-result-digits)
tape: @1y~x~w~v~r
ops : Pu,R,R
head:           v (unflag-result-digits)
tape: @1y~x~w~u~r
ops : ,
head:           v (find-digits)
tape: @1y~x~w~u~r
ops : L,L
head:         v (find-digits)
tape: @1y~x~w~u~r
ops : L,L
head:       v (find-digits)
tape: @1y~x~w~u~r
ops : L,L
head:     v (find-digits)
tape: @1y~x~w~u~r
ops : L,L
head:   v (find-digits)
tape: @1y~x~w~u~r
ops : L,L
head: v (find-digits)
tape: @1y~x~w~u~r
ops : R,R
head:   v (find-1st-digit)
tape: @1y~x~w~u~r
ops : L
head:  v (found-1st-digit)
tape: @1y~x~w~u~r
ops : R,R,R
head:     v (find-2nd-digit)
tape: @1y~x~w~u~r
ops : L
head:    v (found-2nd-digit)
tape: @1y~x~w~u~r
ops : R
head:     v (add-one)
tape: @1y~x~w~u~r
ops : R,R
head:       v (add-one)
tape: @1y~x~w~u~r
ops : R,R
head:         v (add-one)
tape: @1y~x~w~u~r
ops : Ps,R,R
head:           v (carry)
tape: @1y~x~w~s~r
ops : Pu
head:           v (add-finished)
tape: @1y~x~w~s~u
ops : L,L
head:         v (add-finished)
tape: @1y~x~w~s~u
ops : L,L
head:       v (add-finished)
tape: @1y~x~w~s~u
ops : L,L
head:     v (add-finished)
tape: @1y~x~w~s~u
ops : L,L
head:   v (add-finished)
tape: @1y~x~w~s~u
ops : L,L
head: v (add-finished)
tape: @1y~x~w~s~u
ops : R,R
head:   v (erase-old-x)
tape: @1y~x~w~s~u
ops : R,R
head:     v (erase-old-x)
tape: @1y~x~w~s~u
ops : E,L,L
head:   v (print-new-x)
tape: @1y~~~w~s~u
ops : Pz
head:   v (find-digits)
tape: @1z~~~w~s~u
ops : L,L
head: v (find-digits)
tape: @1z~~~w~s~u
ops : R,R
head:   v (find-1st-digit)
tape: @1z~~~w~s~u
ops : L
head:  v (found-2nd-digit)
tape: @1z~~~w~s~u
ops : R
head:   v (add-one)
tape: @1z~~~w~s~u
ops : R,R
head:     v (add-one)
tape: @1z~~~w~s~u
ops : R,R
head:       v (add-one)
tape: @1z~~~w~s~u
ops : R,R
head:         v (add-one)
tape: @1z~~~w~s~u
ops : R,R
head:           v (add-one)
tape: @1z~~~w~s~u
ops : Ps,R,R
head:             v (carry)
tape: @1z~~~w~s~s~~
ops : Pu
head:             v (new-digit-is-zero)
tape: @1z~~~w~s~s~u
ops : L
head:            v (new-digit-is-zero)
tape: @1z~~~w~s~s~u
ops : L
head:           v (new-digit-is-zero)
tape: @1z~~~w~s~s~u
ops : L
head:          v (new-digit-is-zero)
tape: @1z~~~w~s~s~u
ops : L
head:         v (new-digit-is-zero)
tape: @1z~~~w~s~s~u
ops : L
head:        v (new-digit-is-zero)
tape: @1z~~~w~s~s~u
ops : L
head:       v (new-digit-is-zero)
tape: @1z~~~w~s~s~u
ops : L
head:      v (new-digit-is-zero)
tape: @1z~~~w~s~s~u
ops : L
head:     v (new-digit-is-zero)
tape: @1z~~~w~s~s~u
ops : L
head:    v (new-digit-is-zero)
tape: @1z~~~w~s~s~u
ops : L
head:   v (new-digit-is-zero)
tape: @1z~~~w~s~s~u
ops : L
head:  v (new-digit-is-zero)
tape: @1z~~~w~s~s~u
ops : L
head: v (new-digit-is-zero)
tape: @1z~~~w~s~s~u
ops : R
head:  v (print-zero-digit)
tape: @1z~~~w~s~s~u
ops : R,E,R
head:    v (print-zero-digit)
tape: @1~~~~w~s~s~u
ops : P0,R,R,R
head:       v (cleanup)
tape: @1~0~~w~s~s~u
ops : E,R,R
head:         v (cleanup)
tape: @1~0~~~~s~s~u
ops : E,R,R
head:           v (cleanup)
tape: @1~0~~~~~~s~u
ops : E,R,R
head:             v (cleanup)
tape: @1~0~~~~~~~~u
ops : E,R,R
head:               v (cleanup)
tape: @1~0~~~~~~~~~~~
ops : ,
head:               v (new)
tape: @1~0~~~~~~~~~~~
ops : L
head:              v (new)
tape: @1~0~~~~~~~~~~
ops : L
head:             v (new)
tape: @1~0~~~~~~~~~
ops : L
head:            v (new)
tape: @1~0~~~~~~~~~
ops : L
head:           v (new)
tape: @1~0~~~~~~~~~
ops : L
head:          v (new)
tape: @1~0~~~~~~~~~
ops : L
head:         v (new)
tape: @1~0~~~~~~~~~
ops : L
head:        v (new)
tape: @1~0~~~~~~~~~
ops : L
head:       v (new)
tape: @1~0~~~~~~~~~
ops : L
head:      v (new)
tape: @1~0~~~~~~~~~
ops : L
head:     v (new)
tape: @1~0~~~~~~~~~
ops : L
head:    v (new)
tape: @1~0~~~~~~~~~
ops : L
head:   v (new)
tape: @1~0~~~~~~~~~
ops : L
head:  v (new)
tape: @1~0~~~~~~~~~
ops : L
head: v (new)
tape: @1~0~~~~~~~~~
ops : R
head:  v (mark-digits)
tape: @1~0~~~~~~~~~
ops : R,Px,R
head:    v (mark-digits)
tape: @1x0~~~~~~~~~
ops : R,Px,R
head:      v (mark-digits)
tape: @1x0x~~~~~~~~
ops : R,Pz,R,R,Pr
head:         v (find-x)
tape: @1x0x~z~r~~~~
ops : L,L
head:       v (find-x)
tape: @1x0x~z~r~~~~
ops : L,L
head:     v (find-x)
tape: @1x0x~z~r~~~~
ops : E
head:     v (first-r)
tape: @1x0~~z~r~~~~
ops : R,R
head:       v (first-r)
tape: @1x0~~z~r~~~~
ops : R,R
head:         v (first-r)
tape: @1x0~~z~r~~~~
ops : R,R
head:           v (last-r)
tape: @1x0~~z~r~~~~
ops : Pr,R,R,Pr
head:             v (find-x)
tape: @1x0~~z~r~r~r
ops : L,L
head:           v (find-x)
tape: @1x0~~z~r~r~r
ops : L,L
head:         v (find-x)
tape: @1x0~~z~r~r~r
ops : L,L
head:       v (find-x)
tape: @1x0~~z~r~r~r
ops : L,L
head:     v (find-x)
tape: @1x0~~z~r~r~r
ops : L,L
head:   v (find-x)
tape: @1x0~~z~r~r~r
ops : E
head:   v (first-r)
tape: @1~0~~z~r~r~r
ops : R,R
head:     v (first-r)
tape: @1~0~~z~r~r~r
ops : R,R
head:       v (first-r)
tape: @1~0~~z~r~r~r
ops : R,R
head:         v (first-r)
tape: @1~0~~z~r~r~r
ops : R,R
head:           v (last-r)
tape: @1~0~~z~r~r~r
ops : R,R
head:             v (last-r)
tape: @1~0~~z~r~r~r
ops : R,R
head:               v (last-r)
tape: @1~0~~z~r~r~r~~
ops : Pr,R,R,Pr
head:                 v (find-x)
tape: @1~0~~z~r~r~r~r~r
ops : L,L
head:               v (find-x)
tape: @1~0~~z~r~r~r~r~r
ops : L,L
head:             v (find-x)
tape: @1~0~~z~r~r~r~r~r
ops : L,L
head:           v (find-x)
tape: @1~0~~z~r~r~r~r~r
ops : L,L
head:         v (find-x)
tape: @1~0~~z~r~r~r~r~r
ops : L,L
head:       v (find-x)
tape: @1~0~~z~r~r~r~r~r
ops : L,L
head:     v (find-x)
tape: @1~0~~z~r~r~r~r~r
ops : L,L
head:   v (find-x)
tape: @1~0~~z~r~r~r~r~r
ops : L,L
head: v (find-x)
tape: @1~0~~z~r~r~r~r~r
ops : ,
head: v (find-digits)
tape: @1~0~~z~r~r~r~r~r
ops : R,R
head:   v (find-1st-digit)
tape: @1~0~~z~r~r~r~r~r
ops : R,R
head:     v (find-1st-digit)
tape: @1~0~~z~r~r~r~r~r
ops : R,R
head:       v (find-1st-digit)
tape: @1~0~~z~r~r~r~r~r
ops : L
head:      v (found-2nd-digit)
tape: @1~0~~z~r~r~r~r~r
ops : R
head:       v (add-one)
tape: @1~0~~z~r~r~r~r~r
ops : R,R
head:         v (add-one)
tape: @1~0~~z~r~r~r~r~r
ops : Pv
head:         v (add-finished)
tape: @1~0~~z~v~r~r~r~r
ops : L,L
head:       v (add-finished)
tape: @1~0~~z~v~r~r~r~r
ops : L,L
head:     v (add-finished)
tape: @1~0~~z~v~r~r~r~r
ops : L,L
head:   v (add-finished)
tape: @1~0~~z~v~r~r~r~r
ops : L,L
head: v (add-finished)
tape: @1~0~~z~v~r~r~r~r
ops : R,R
head:   v (erase-old-x)
tape: @1~0~~z~v~r~r~r~r
ops : R,R
head:     v (erase-old-x)
tape: @1~0~~z~v~r~r~r~r
ops : R,R
head:       v (erase-old-x)
tape: @1~0~~z~v~r~r~r~r
ops : Py,L,L
head:     v (print-new-x)
tape: @1~0~~y~v~r~r~r~r
ops : Px
head:     v (find-digits)
tape: @1~0x~y~v~r~r~r~r
ops : L,L
head:   v (find-digits)
tape: @1~0x~y~v~r~r~r~r
ops : L,L
head: v (find-digits)
tape: @1~0x~y~v~r~r~r~r
ops : R,R
head:   v (find-1st-digit)
tape: @1~0x~y~v~r~r~r~r
ops : R,R
head:     v (find-1st-digit)
tape: @1~0x~y~v~r~r~r~r
ops : L
head:    v (found-1st-digit)
tape: @1~0x~y~v~r~r~r~r
ops : R
head:     v (add-zero)
tape: @1~0x~y~v~r~r~r~r
ops : R,R
head:       v (add-zero)
tape: @1~0x~y~v~r~r~r~r
ops : R,R
head:         v (add-zero)
tape: @1~0x~y~v~r~r~r~r
ops : R,R
head:           v (add-zero)
tape: @1~0x~y~v~r~r~r~r
ops : Ps
head:           v (add-finished)
tape: @1~0x~y~v~s~r~r~r
ops : L,L
head:         v (add-finished)
tape: @1~0x~y~v~s~r~r~r
ops : L,L
head:       v (add-finished)
tape: @1~0x~y~v~s~r~r~r
ops : L,L
head:     v (add-finished)
tape: @1~0x~y~v~s~r~r~r
ops : L,L
head:   v (add-finished)
tape: @1~0x~y~v~s~r~r~r
ops : L,L
head: v (add-finished)
tape: @1~0x~y~v~s~r~r~r
ops : R,R
head:   v (erase-old-x)
tape: @1~0x~y~v~s~r~r~r
ops : R,R
head:     v (erase-old-x)
tape: @1~0x~y~v~s~r~r~r
ops : E,L,L
head:   v (print-new-x)
tape: @1~0~~y~v~s~r~r~r
ops : Px
head:   v (find-digits)
tape: @1x0~~y~v~s~r~r~r
ops : L,L
head: v (find-digits)
tape: @1x0~~y~v~s~r~r~r
ops : R,R
head:   v (find-1st-digit)
tape: @1x0~~y~v~s~r~r~r
ops : L
head:  v (found-1st-digit)
tape: @1x0~~y~v~s~r~r~r
ops : R,R,R
head:     v (find-2nd-digit)
tape: @1x0~~y~v~s~r~r~r
ops : R,R
head:       v (find-2nd-digit)
tape: @1x0~~y~v~s~r~r~r
ops : L
head:      v (found-2nd-digit)
tape: @1x0~~y~v~s~r~r~r
ops : R
head:       v (add-one)
tape: @1x0~~y~v~s~r~r~r
ops : R,R
head:         v (add-one)
tape: @1x0~~y~v~s~r~r~r
ops : R,R
head:           v (add-one)
tape: @1x0~~y~v~s~r~r~r
ops : R,R
head:             v (add-one)
tape: @1x0~~y~v~s~r~r~r
ops : Pv
head:             v (add-finished)
tape: @1x0~~y~v~s~v~r~r
ops : L,L
head:           v (add-finished)
tape: @1x0~~y~v~s~v~r~r
ops : L,L
head:         v (add-finished)
tape: @1x0~~y~v~s~v~r~r
ops : L,L
head:       v (add-finished)
tape: @1x0~~y~v~s~v~r~r
ops : L,L
head:     v (add-finished)
tape: @1x0~~y~v~s~v~r~r
ops : L,L
head:   v (add-finished)
tape: @1x0~~y~v~s~v~r~r
ops : L,L
head: v (add-finished)
tape: @1x0~~y~v~s~v~r~r
ops : R,R
head:   v (erase-old-x)
tape: @1x0~~y~v~s~v~r~r
ops : E,L,L
head: v (print-new-x)
tape: @1~0~~y~v~s~v~r~r
ops : R,R
head:   v (erase-old-y)
tape: @1~0~~y~v~s~v~r~r
ops : R,R
head:     v (erase-old-y)
tape: @1~0~~y~v~s~v~r~r
ops : R,R
head:       v (erase-old-y)
tape: @1~0~~y~v~s~v~r~r
ops : E,L,L
head:     v (print-new-y)
tape: @1~0~~~~v~s~v~r~r
ops : Py,R
head:      v (reset-new-x)
tape: @1~0y~~~v~s~v~r~r
ops : R,Px
head:       v (flag-result-digits)
tape: @1~0y~x~v~s~v~r~r
ops : R,R
head:         v (flag-result-digits)
tape: @1~0y~x~v~s~v~r~r
ops : Pw,R,R
head:           v (unflag-result-digits)
tape: @1~0y~x~w~s~v~r~r
ops : Pr,R,R
head:             v (unflag-result-digits)
tape: @1~0y~x~w~r~v~r~r
ops : Pu,R,R
head:               v (unflag-result-digits)
tape: @1~0y~x~w~r~u~r~r
ops : ,
head:               v (find-digits)
tape: @1~0y~x~w~r~u~r~r
ops : L,L
head:             v (find-digits)
tape: @1~0y~x~w~r~u~r~r
ops : L,L
head:           v (find-digits)
tape: @1~0y~x~w~r~u~r~r
ops : L,L
head:         v (find-digits)
tape: @1~0y~x~w~r~u~r~r
ops : L,L
head:       v (find-digits)
tape: @1~0y~x~w~r~u~r~r
ops : L,L
head:     v (find-digits)
tape: @1~0y~x~w~r~u~r~r
ops : L,L
head:   v (find-digits)
tape: @1~0y~x~w~r~u~r~r
ops : L,L
head: v (find-digits)
tape: @1~0y~x~w~r~u~r~r
ops : R,R
head:   v (find-1st-digit)
tape: @1~0y~x~w~r~u~r~r
ops : R,R
head:     v (find-1st-digit)
tape: @1~0y~x~w~r~u~r~r
ops : L
head:    v (found-1st-digit)
tape: @1~0y~x~w~r~u~r~r
ops : R
head:     v (add-zero)
tape: @1~0y~x~w~r~u~r~r
ops : R,R
head:       v (add-zero)
tape: @1~0y~x~w~r~u~r~r
ops : R,R
head:         v (add-zero)
tape: @1~0y~x~w~r~u~r~r
ops : R,R
head:           v (add-zero)
tape: @1~0y~x~w~r~u~r~r
ops : Ps
head:           v (add-finished)
tape: @1~0y~x~w~s~u~r~r
ops : L,L
head:         v (add-finished)
tape: @1~0y~x~w~s~u~r~r
ops : L,L
head:       v (add-finished)
tape: @1~0y~x~w~s~u~r~r
ops : L,L
head:     v (add-finished)
tape: @1~0y~x~w~s~u~r~r
ops : L,L
head:   v (add-finished)
tape: @1~0y~x~w~s~u~r~r
ops : L,L
head: v (add-finished)
tape: @1~0y~x~w~s~u~r~r
ops : R,R
head:   v (erase-old-x)
tape: @1~0y~x~w~s~u~r~r
ops : R,R
head:     v (erase-old-x)
tape: @1~0y~x~w~s~u~r~r
ops : R,R
head:       v (erase-old-x)
tape: @1~0y~x~w~s~u~r~r
ops : E,L,L
head:     v (print-new-x)
tape: @1~0y~~~w~s~u~r~r
ops : Pz
head:     v (find-digits)
tape: @1~0z~~~w~s~u~r~r
ops : L,L
head:   v (find-digits)
tape: @1~0z~~~w~s~u~r~r
ops : L,L
head: v (find-digits)
tape: @1~0z~~~w~s~u~r~r
ops : R,R
head:   v (find-1st-digit)
tape: @1~0z~~~w~s~u~r~r
ops : R,R
head:     v (find-1st-digit)
tape: @1~0z~~~w~s~u~r~r
ops : L
head:    v (found-2nd-digit)
tape: @1~0z~~~w~s~u~r~r
ops : R
head:     v (add-zero)
tape: @1~0z~~~w~s~u~r~r
ops : R,R
head:       v (add-zero)
tape: @1~0z~~~w~s~u~r~r
ops : R,R
head:         v (add-zero)
tape: @1~0z~~~w~s~u~r~r
ops : R,R
head:           v (add-zero)
tape: @1~0z~~~w~s~u~r~r
ops : R,R
head:             v (add-zero)
tape: @1~0z~~~w~s~u~r~r
ops : Pv
head:             v (add-finished)
tape: @1~0z~~~w~s~v~r~r
ops : L,L
head:           v (add-finished)
tape: @1~0z~~~w~s~v~r~r
ops : L,L
head:         v (add-finished)
tape: @1~0z~~~w~s~v~r~r
ops : L,L
head:       v (add-finished)
tape: @1~0z~~~w~s~v~r~r
ops : L,L
head:     v (add-finished)
tape: @1~0z~~~w~s~v~r~r
ops : L,L
head:   v (add-finished)
tape: @1~0z~~~w~s~v~r~r
ops : L,L
head: v (add-finished)
tape: @1~0z~~~w~s~v~r~r
ops : R,R
head:   v (erase-old-x)
tape: @1~0z~~~w~s~v~r~r
ops : R,R
head:     v (erase-old-x)
tape: @1~0z~~~w~s~v~r~r
ops : Py,L,L
head:   v (print-new-x)
tape: @1~0y~~~w~s~v~r~r
ops : Px
head:   v (find-digits)
tape: @1x0y~~~w~s~v~r~r
ops : L,L
head: v (find-digits)
tape: @1x0y~~~w~s~v~r~r
ops : R,R
head:   v (find-1st-digit)
tape: @1x0y~~~w~s~v~r~r
ops : L
head:  v (found-1st-digit)
tape: @1x0y~~~w~s~v~r~r
ops : R,R,R
head:     v (find-2nd-digit)
tape: @1x0y~~~w~s~v~r~r
ops : L
head:    v (found-2nd-digit)
tape: @1x0y~~~w~s~v~r~r
ops : R
head:     v (add-zero)
tape: @1x0y~~~w~s~v~r~r
ops : R,R
head:       v (add-zero)
tape: @1x0y~~~w~s~v~r~r
ops : R,R
head:         v (add-zero)
tape: @1x0y~~~w~s~v~r~r
ops : R,R
head:           v (add-zero)
tape: @1x0y~~~w~s~v~r~r
ops : R,R
head:             v (add-zero)
tape: @1x0y~~~w~s~v~r~r
ops : R,R
head:               v (add-zero)
tape: @1x0y~~~w~s~v~r~r
ops : Ps
head:               v (add-finished)
tape: @1x0y~~~w~s~v~s~r
ops : L,L
head:             v (add-finished)
tape: @1x0y~~~w~s~v~s~r
ops : L,L
head:           v (add-finished)
tape: @1x0y~~~w~s~v~s~r
ops : L,L
head:         v (add-finished)
tape: @1x0y~~~w~s~v~s~r
ops : L,L
head:       v (add-finished)
tape: @1x0y~~~w~s~v~s~r
ops : L,L
head:     v (add-finished)
tape: @1x0y~~~w~s~v~s~r
ops : L,L
head:   v (add-finished)
tape: @1x0y~~~w~s~v~s~r
ops : L,L
head: v (add-finished)
tape: @1x0y~~~w~s~v~s~r
ops : R,R
head:   v (erase-old-x)
tape: @1x0y~~~w~s~v~s~r
ops : E,L,L
head: v (print-new-x)
tape: @1~0y~~~w~s~v~s~r
ops : R,R
head:   v (erase-old-y)
tape: @1~0y~~~w~s~v~s~r
ops : R,R
head:     v (erase-old-y)
tape: @1~0y~~~w~s~v~s~r
ops : E,L,L
head:   v (print-new-y)
tape: @1~0~~~~w~s~v~s~r
ops : Py,R
head:    v (reset-new-x)
tape: @1y0~~~~w~s~v~s~r
ops : R,R
head:      v (reset-new-x)
tape: @1y0~~~~w~s~v~s~r
ops : R,Px
head:       v (flag-result-digits)
tape: @1y0~~x~w~s~v~s~r
ops : R,R
head:         v (flag-result-digits)
tape: @1y0~~x~w~s~v~s~r
ops : R,R
head:           v (flag-result-digits)
tape: @1y0~~x~w~s~v~s~r
ops : Pt,R,R
head:             v (unflag-result-digits)
tape: @1y0~~x~w~t~v~s~r
ops : Pu,R,R
head:               v (unflag-result-digits)
tape: @1y0~~x~w~t~u~s~r
ops : Pr,R,R
head:                 v (unflag-result-digits)
tape: @1y0~~x~w~t~u~r~r
ops : ,
head:                 v (find-digits)
tape: @1y0~~x~w~t~u~r~r
ops : L,L
head:               v (find-digits)
tape: @1y0~~x~w~t~u~r~r
ops : L,L
head:             v (find-digits)
tape: @1y0~~x~w~t~u~r~r
ops : L,L
head:           v (find-digits)
tape: @1y0~~x~w~t~u~r~r
ops : L,L
head:         v (find-digits)
tape: @1y0~~x~w~t~u~r~r
ops : L,L
head:       v (find-digits)
tape: @1y0~~x~w~t~u~r~r
ops : L,L
head:     v (find-digits)
tape: @1y0~~x~w~t~u~r~r
ops : L,L
head:   v (find-digits)
tape: @1y0~~x~w~t~u~r~r
ops : L,L
head: v (find-digits)
tape: @1y0~~x~w~t~u~r~r
ops : R,R
head:   v (find-1st-digit)
tape: @1y0~~x~w~t~u~r~r
ops : L
head:  v (found-1st-digit)
tape: @1y0~~x~w~t~u~r~r
ops : R,R,R
head:     v (find-2nd-digit)
tape: @1y0~~x~w~t~u~r~r
ops : R,R
head:       v (find-2nd-digit)
tape: @1y0~~x~w~t~u~r~r
ops : L
head:      v (found-2nd-digit)
tape: @1y0~~x~w~t~u~r~r
ops : R
head:       v (add-one)
tape: @1y0~~x~w~t~u~r~r
ops : R,R
head:         v (add-one)
tape: @1y0~~x~w~t~u~r~r
ops : R,R
head:           v (add-one)
tape: @1y0~~x~w~t~u~r~r
ops : R,R
head:             v (add-one)
tape: @1y0~~x~w~t~u~r~r
ops : Ps,R,R
head:               v (carry)
tape: @1y0~~x~w~t~s~r~r
ops : Pu
head:               v (add-finished)
tape: @1y0~~x~w~t~s~u~r
ops : L,L
head:             v (add-finished)
tape: @1y0~~x~w~t~s~u~r
ops : L,L
head:           v (add-finished)
tape: @1y0~~x~w~t~s~u~r
ops : L,L
head:         v (add-finished)
tape: @1y0~~x~w~t~s~u~r
ops : L,L
head:       v (add-finished)
tape: @1y0~~x~w~t~s~u~r
ops : L,L
head:     v (add-finished)
tape: @1y0~~x~w~t~s~u~r
ops : L,L
head:   v (add-finished)
tape: @1y0~~x~w~t~s~u~r
ops : L,L
head: v (add-finished)
tape: @1y0~~x~w~t~s~u~r
ops : R,R
head:   v (erase-old-x)
tape: @1y0~~x~w~t~s~u~r
ops : R,R
head:     v (erase-old-x)
tape: @1y0~~x~w~t~s~u~r
ops : R,R
head:       v (erase-old-x)
tape: @1y0~~x~w~t~s~u~r
ops : E,L,L
head:     v (print-new-x)
tape: @1y0~~~~w~t~s~u~r
ops : Px
head:     v (find-digits)
tape: @1y0x~~~w~t~s~u~r
ops : L,L
head:   v (find-digits)
tape: @1y0x~~~w~t~s~u~r
ops : L,L
head: v (find-digits)
tape: @1y0x~~~w~t~s~u~r
ops : R,R
head:   v (find-1st-digit)
tape: @1y0x~~~w~t~s~u~r
ops : L
head:  v (found-1st-digit)
tape: @1y0x~~~w~t~s~u~r
ops : R,R,R
head:     v (find-2nd-digit)
tape: @1y0x~~~w~t~s~u~r
ops : L
head:    v (found-2nd-digit)
tape: @1y0x~~~w~t~s~u~r
ops : R
head:     v (add-zero)
tape: @1y0x~~~w~t~s~u~r
ops : R,R
head:       v (add-zero)
tape: @1y0x~~~w~t~s~u~r
ops : R,R
head:         v (add-zero)
tape: @1y0x~~~w~t~s~u~r
ops : R,R
head:           v (add-zero)
tape: @1y0x~~~w~t~s~u~r
ops : R,R
head:             v (add-zero)
tape: @1y0x~~~w~t~s~u~r
ops : R,R
head:               v (add-zero)
tape: @1y0x~~~w~t~s~u~r
ops : Pv
head:               v (add-finished)
tape: @1y0x~~~w~t~s~v~r
ops : L,L
head:             v (add-finished)
tape: @1y0x~~~w~t~s~v~r
ops : L,L
head:           v (add-finished)
tape: @1y0x~~~w~t~s~v~r
ops : L,L
head:         v (add-finished)
tape: @1y0x~~~w~t~s~v~r
ops : L,L
head:       v (add-finished)
tape: @1y0x~~~w~t~s~v~r
ops : L,L
head:     v (add-finished)
tape: @1y0x~~~w~t~s~v~r
ops : L,L
head:   v (add-finished)
tape: @1y0x~~~w~t~s~v~r
ops : L,L
head: v (add-finished)
tape: @1y0x~~~w~t~s~v~r
ops : R,R
head:   v (erase-old-x)
tape: @1y0x~~~w~t~s~v~r
ops : R,R
head:     v (erase-old-x)
tape: @1y0x~~~w~t~s~v~r
ops : E,L,L
head:   v (print-new-x)
tape: @1y0~~~~w~t~s~v~r
ops : Pz
head:   v (find-digits)
tape: @1z0~~~~w~t~s~v~r
ops : L,L
head: v (find-digits)
tape: @1z0~~~~w~t~s~v~r
ops : R,R
head:   v (find-1st-digit)
tape: @1z0~~~~w~t~s~v~r
ops : L
head:  v (found-2nd-digit)
tape: @1z0~~~~w~t~s~v~r
ops : R
head:   v (add-one)
tape: @1z0~~~~w~t~s~v~r
ops : R,R
head:     v (add-one)
tape: @1z0~~~~w~t~s~v~r
ops : R,R
head:       v (add-one)
tape: @1z0~~~~w~t~s~v~r
ops : R,R
head:         v (add-one)
tape: @1z0~~~~w~t~s~v~r
ops : R,R
head:           v (add-one)
tape: @1z0~~~~w~t~s~v~r
ops : R,R
head:             v (add-one)
tape: @1z0~~~~w~t~s~v~r
ops : R,R
head:               v (add-one)
tape: @1z0~~~~w~t~s~v~r
ops : R,R
head:                 v (add-one)
tape: @1z0~~~~w~t~s~v~r
ops : Pv
head:                 v (add-finished)
tape: @1z0~~~~w~t~s~v~v
ops : L,L
head:               v (add-finished)
tape: @1z0~~~~w~t~s~v~v
ops : L,L
head:             v (add-finished)
tape: @1z0~~~~w~t~s~v~v
ops : L,L
head:           v (add-finished)
tape: @1z0~~~~w~t~s~v~v
ops : L,L
head:         v (add-finished)
tape: @1z0~~~~w~t~s~v~v
ops : L,L
head:       v (add-finished)
tape: @1z0~~~~w~t~s~v~v
ops : L,L
head:     v (add-finished)
tape: @1z0~~~~w~t~s~v~v
ops : L,L
head:   v (add-finished)
tape: @1z0~~~~w~t~s~v~v
ops : L,L
head: v (add-finished)
tape: @1z0~~~~w~t~s~v~v
ops : R,R
head:   v (erase-old-x)
tape: @1z0~~~~w~t~s~v~v
ops : Py,L,L
head: v (print-new-x)
tape: @1y0~~~~w~t~s~v~v
ops : R,R
head:   v (erase-old-y)
tape: @1y0~~~~w~t~s~v~v
ops : E,L,L
head: v (print-new-y)
tape: @1~0~~~~w~t~s~v~v
ops : R
head:  v (new-digit-is-one)
tape: @1~0~~~~w~t~s~v~v
ops : L
head: v (new-digit-is-one)
tape: @1~0~~~~w~t~s~v~v
ops : R
head:  v (print-one-digit)
tape: @1~0~~~~w~t~s~v~v
ops : R,E,R
head:    v (print-one-digit)
tape: @1~0~~~~w~t~s~v~v
ops : R,E,R
head:      v (print-one-digit)
tape: @1~0~~~~w~t~s~v~v
ops : P1,R,R,R
head:         v (cleanup)
tape: @1~0~1~~w~t~s~v~v
ops : E,R,R
head:           v (cleanup)
tape: @1~0~1~~~~t~s~v~v
ops : E,R,R
head:             v (cleanup)
tape: @1~0~1~~~~~~s~v~v
ops : E,R,R
head:               v (cleanup)
tape: @1~0~1~~~~~~~~v~v
ops : E,R,R
head:                 v (cleanup)
tape: @1~0~1~~~~~~~~~~v
ops : E,R,R
head:                   v (cleanup)
tape: @1~0~1~~~~~~~~~~~~~
ops : ,
head:                   v (new)
tape: @1~0~1~~~~~~~~~~~~~
ops : L
head:                  v (new)
tape: @1~0~1~~~~~~~~~~~~
ops : L
head:                 v (new)
tape: @1~0~1~~~~~~~~~~~
ops : L
head:                v (new)
tape: @1~0~1~~~~~~~~~~~
ops : L
head:               v (new)
tape: @1~0~1~~~~~~~~~~~
ops : L
head:              v (new)
tape: @1~0~1~~~~~~~~~~~
ops : L
head:             v (new)
tape: @1~0~1~~~~~~~~~~~
ops : L
head:            v (new)
tape: @1~0~1~~~~~~~~~~~
ops : L
head:           v (new)
tape: @1~0~1~~~~~~~~~~~
ops : L
head:          v (new)
tape: @1~0~1~~~~~~~~~~~
ops : L
head:         v (new)
tape: @1~0~1~~~~~~~~~~~
ops : L
head:        v (new)
tape: @1~0~1~~~~~~~~~~~
ops : L
head:       v (new)
tape: @1~0~1~~~~~~~~~~~
ops : L
head:      v (new)
tape: @1~0~1~~~~~~~~~~~
ops : L
head:     v (new)
tape: @1~0~1~~~~~~~~~~~
ops : L
head:    v (new)
tape: @1~0~1~~~~~~~~~~~
ops : L
head:   v (new)
tape: @1~0~1~~~~~~~~~~~
ops : L
head:  v (new)
tape: @1~0~1~~~~~~~~~~~
ops : L
head: v (new)
tape: @1~0~1~~~~~~~~~~~
ops : R
head:  v (mark-digits)
tape: @1~0~1~~~~~~~~~~~
ops : R,Px,R
head:    v (mark-digits)
tape: @1x0~1~~~~~~~~~~~
ops : R,Px,R
head:      v (mark-digits)
tape: @1x0x1~~~~~~~~~~~
ops : R,Px,R
head:        v (mark-digits)
tape: @1x0x1x~~~~~~~~~~
ops : R,Pz,R,R,Pr
head:           v (find-x)
tape: @1x0x1x~z~r~~~~~~
ops : L,L
head:         v (find-x)
tape: @1x0x1x~z~r~~~~~~
ops : L,L
head:       v (find-x)
tape: @1x0x1x~z~r~~~~~~
ops : E
head:       v (first-r)
tape: @1x0x1~~z~r~~~~~~
ops : R,R
head:         v (first-r)
tape: @1x0x1~~z~r~~~~~~
ops : R,R
head:           v (first-r)
tape: @1x0x1~~z~r~~~~~~
ops : R,R
head:             v (last-r)
tape: @1x0x1~~z~r~~~~~~
ops : Pr,R,R,Pr
head:               v (find-x)
tape: @1x0x1~~z~r~r~r~~
ops : L,L
head:             v (find-x)
tape: @1x0x1~~z~r~r~r~~
ops : L,L
head:           v (find-x)
tape: @1x0x1~~z~r~r~r~~
ops : L,L
head:         v (find-x)
tape: @1x0x1~~z~r~r~r~~
ops : L,L
head:       v (find-x)
tape: @1x0x1~~z~r~r~r~~
ops : L,L
head:     v (find-x)
tape: @1x0x1~~z~r~r~r~~
ops : E
head:     v (first-r)
tape: @1x0~1~~z~r~r~r~~
ops : R,R
head:       v (first-r)
tape: @1x0~1~~z~r~r~r~~
ops : R,R
head:         v (first-r)
tape: @1x0~1~~z~r~r~r~~
ops : R,R
head:           v (first-r)
tape: @1x0~1~~z~r~r~r~~
ops : R,R
head:             v (last-r)
tape: @1x0~1~~z~r~r~r~~
ops : R,R
head:               v (last-r)
tape: @1x0~1~~z~r~r~r~~
ops : R,R
head:                 v (last-r)
tape: @1x0~1~~z~r~r~r~~
ops : Pr,R,R,Pr
head:                   v (find-x)
tape: @1x0~1~~z~r~r~r~r~r
ops : L,L
head:                 v (find-x)
tape: @1x0~1~~z~r~r~r~r~r
ops : L,L
head:               v (find-x)
tape: @1x0~1~~z~r~r~r~r~r
ops : L,L
head:             v (find-x)
tape: @1x0~1~~z~r~r~r~r~r
ops : L,L
head:           v (find-x)
tape: @1x0~1~~z~r~r~r~r~r
ops : L,L
head:         v (find-x)
tape: @1x0~1~~z~r~r~r~r~r
ops : L,L
head:       v (find-x)
tape: @1x0~1~~z~r~r~r~r~r
ops : L,L
head:     v (find-x)
tape: @1x0~1~~z~r~r~r~r~r
ops : L,L
head:   v (find-x)
tape: @1x0~1~~z~r~r~r~r~r
ops : E
head:   v (first-r)
tape: @1~0~1~~z~r~r~r~r~r
ops : R,R
head:     v (first-r)
tape: @1~0~1~~z~r~r~r~r~r
ops : R,R
head:       v (first-r)
tape: @1~0~1~~z~r~r~r~r~r
ops : R,R
head:         v (first-r)
tape: @1~0~1~~z~r~r~r~r~r
ops : R,R
head:           v (first-r)
tape: @1~0~1~~z~r~r~r~r~r
ops : R,R
head:             v (last-r)
tape: @1~0~1~~z~r~r~r~r~r
ops : R,R
head:               v (last-r)
tape: @1~0~1~~z~r~r~r~r~r
ops : R,R
head:                 v (last-r)
tape: @1~0~1~~z~r~r~r~r~r
ops : R,R
head:                   v (last-r)
tape: @1~0~1~~z~r~r~r~r~r
ops : R,R
head:                     v (last-r)
tape: @1~0~1~~z~r~r~r~r~r~~
ops : Pr,R,R,Pr
head:                       v (find-x)
tape: @1~0~1~~z~r~r~r~r~r~r~r
ops : L,L
head:                     v (find-x)
tape: @1~0~1~~z~r~r~r~r~r~r~r
ops : L,L
head:                   v (find-x)
tape: @1~0~1~~z~r~r~r~r~r~r~r
ops : L,L
head:                 v (find-x)
tape: @1~0~1~~z~r~r~r~r~r~r~r
ops : L,L
head:               v (find-x)
tape: @1~0~1~~z~r~r~r~r~r~r~r
ops : L,L
head:             v (find-x)
tape: @1~0~1~~z~r~r~r~r~r~r~r
ops : L,L
head:           v (find-x)
tape: @1~0~1~~z~r~r~r~r~r~r~r
ops : L,L
head:         v (find-x)
tape: @1~0~1~~z~r~r~r~r~r~r~r
ops : L,L
head:       v (find-x)
tape: @1~0~1~~z~r~r~r~r~r~r~r
ops : L,L
head:     v (find-x)
tape: @1~0~1~~z~r~r~r~r~r~r~r
ops : L,L
head:   v (find-x)
tape: @1~0~1~~z~r~r~r~r~r~r~r
ops : L,L
head: v (find-x)
tape: @1~0~1~~z~r~r~r~r~r~r~r
ops : ,
head: v (find-digits)
tape: @1~0~1~~z~r~r~r~r~r~r~r
ops : R,R
head:   v (find-1st-digit)
tape: @1~0~1~~z~r~r~r~r~r~r~r
ops : R,R
head:     v (find-1st-digit)
tape: @1~0~1~~z~r~r~r~r~r~r~r
ops : R,R
head:       v (find-1st-digit)
tape: @1~0~1~~z~r~r~r~r~r~r~r
ops : R,R
head:         v (find-1st-digit)
tape: @1~0~1~~z~r~r~r~r~r~r~r
ops : L
head:        v (found-2nd-digit)
tape: @1~0~1~~z~r~r~r~r~r~r~r
ops : R
head:         v (add-one)
tape: @1~0~1~~z~r~r~r~r~r~r~r
ops : R,R
head:           v (add-one)
tape: @1~0~1~~z~r~r~r~r~r~r~r
ops : Pv
head:           v (add-finished)
tape: @1~0~1~~z~v~r~r~r~r~r~r
ops : L,L
head:         v (add-finished)
tape: @1~0~1~~z~v~r~r~r~r~r~r
ops : L,L
head:       v (add-finished)
tape: @1~0~1~~z~v~r~r~r~r~r~r
ops : L,L
head:     v (add-finished)
tape: @1~0~1~~z~v~r~r~r~r~r~r
ops : L,L
head:   v (add-finished)
tape: @1~0~1~~z~v~r~r~r~r~r~r
ops : L,L
head: v (add-finished)
tape: @1~0~1~~z~v~r~r~r~r~r~r
ops : R,R
head:   v (erase-old-x)
tape: @1~0~1~~z~v~r~r~r~r~r~r
ops : R,R
head:     v (erase-old-x)
tape: @1~0~1~~z~v~r~r~r~r~r~r
ops : R,R
head:       v (erase-old-x)
tape: @1~0~1~~z~v~r~r~r~r~r~r
ops : R,R
head:         v (erase-old-x)
tape: @1~0~1~~z~v~r~r~r~r~r~r
ops : Py,L,L
head:       v (print-new-x)
tape: @1~0~1~~y~v~r~r~r~r~r~r
ops : Px
head:       v (find-digits)
tape: @1~0~1x~y~v~r~r~r~r~r~r
ops : L,L
head:     v (find-digits)
tape: @1~0~1x~y~v~r~r~r~r~r~r
ops : L,L
head:   v (find-digits)
tape: @1~0~1x~y~v~r~r~r~r~r~r
ops : L,L
head: v (find-digits)
tape: @1~0~1x~y~v~r~r~r~r~r~r
ops : R,R
head:   v (find-1st-digit)
tape: @1~0~1x~y~v~r~r~r~r~r~r
ops : R,R
head:     v (find-1st-digit)
tape: @1~0~1x~y~v~r~r~r~r~r~r
ops : R,R
head:       v (find-1st-digit)
tape: @1~0~1x~y~v~r~r~r~r~r~r
ops : L
head:      v (found-1st-digit)
tape: @1~0~1x~y~v~r~r~r~r~r~r
ops : R,R,R
head:         v (find-2nd-digit)
tape: @1~0~1x~y~v~r~r~r~r~r~r
ops : L
head:        v (found-2nd-digit)
tape: @1~0~1x~y~v~r~r~r~r~r~r
ops : R
head:         v (add-one)
tape: @1~0~1x~y~v~r~r~r~r~r~r
ops : R,R
head:           v (add-one)
tape: @1~0~1x~y~v~r~r~r~r~r~r
ops : R,R
head:             v (add-one)
tape: @1~0~1x~y~v~r~r~r~r~r~r
ops : Pv
head:             v (add-finished)
tape: @1~0~1x~y~v~v~r~r~r~r~r
ops : L,L
head:           v (add-finished)
tape: @1~0~1x~y~v~v~r~r~r~r~r
ops : L,L
head:         v (add-finished)
tape: @1~0~1x~y~v~v~r~r~r~r~r
ops : L,L
head:       v (add-finished)
tape: @1~0~1x~y~v~v~r~r~r~r~r
ops : L,L
head:     v (add-finished)
tape: @1~0~1x~y~v~v~r~r~r~r~r
ops : L,L
head:   v (add-finished)
tape: @1~0~1x~y~v~v~r~r~r~r~r
ops : L,L
head: v (add-finished)
tape: @1~0~1x~y~v~v~r~r~r~r~r
ops : R,R
head:   v (erase-old-x)
tape: @1~0~1x~y~v~v~r~r~r~r~r
ops : R,R
head:     v (erase-old-x)
tape: @1~0~1x~y~v~v~r~r~r~r~r
ops : R,R
head:       v (erase-old-x)
tape: @1~0~1x~y~v~v~r~r~r~r~r
ops : E,L,L
head:     v (print-new-x)
tape: @1~0~1~~y~v~v~r~r~r~r~r
ops : Px
head:     v (find-digits)
tape: @1~0x1~~y~v~v~r~r~r~r~r
ops : L,L
head:   v (find-digits)
tape: @1~0x1~~y~v~v~r~r~r~r~r
ops : L,L
head: v (find-digits)
tape: @1~0x1~~y~v~v~r~r~r~r~r
ops : R,R
head:   v (find-1st-digit)
tape: @1~0x1~~y~v~v~r~r~r~r~r
ops : R,R
head:     v (find-1st-digit)
tape: @1~0x1~~y~v~v~r~r~r~r~r
ops : L
head:    v (found-1st-digit)
tape: @1~0x1~~y~v~v~r~r~r~r~r
ops : R
head:     v (add-zero)
tape: @1~0x1~~y~v~v~r~r~r~r~r
ops : R,R
head:       v (add-zero)
tape: @1~0x1~~y~v~v~r~r~r~r~r
ops : R,R
head:         v (add-zero)
tape: @1~0x1~~y~v~v~r~r~r~r~r
ops : R,R
head:           v (add-zero)
tape: @1~0x1~~y~v~v~r~r~r~r~r
ops : R,R
head:             v (add-zero)
tape: @1~0x1~~y~v~v~r~r~r~r~r
ops : R,R
head:               v (add-zero)
tape: @1~0x1~~y~v~v~r~r~r~r~r
ops : Ps
head:               v (add-finished)
tape: @1~0x1~~y~v~v~s~r~r~r~r
ops : L,L
head:             v (add-finished)
tape: @1~0x1~~y~v~v~s~r~r~r~r
ops : L,L
head:           v (add-finished)
tape: @1~0x1~~y~v~v~s~r~r~r~r
ops : L,L
head:         v (add-finished)
tape: @1~0x1~~y~v~v~s~r~r~r~r
ops : L,L
head:       v (add-finished)
tape: @1~0x1~~y~v~v~s~r~r~r~r
ops : L,L
head:     v (add-finished)
tape: @1~0x1~~y~v~v~s~r~r~r~r
ops : L,L
head:   v (add-finished)
tape: @1~0x1~~y~v~v~s~r~r~r~r
ops : L,L
head: v (add-finished)
tape: @1~0x1~~y~v~v~s~r~r~r~r
ops : R,R
head:   v (erase-old-x)
tape: @1~0x1~~y~v~v~s~r~r~r~r
ops : R,R
head:     v (erase-old-x)
tape: @1~0x1~~y~v~v~s~r~r~r~r
ops : E,L,L
head:   v (print-new-x)
tape: @1~0~1~~y~v~v~s~r~r~r~r
ops : Px
head:   v (find-digits)
tape: @1x0~1~~y~v~v~s~r~r~r~r
ops : L,L
head: v (find-digits)
tape: @1x0~1~~y~v~v~s~r~r~r~r
ops : R,R
head:   v (find-1st-digit)
tape: @1x0~1~~y~v~v~s~r~r~r~r
ops : L
head:  v (found-1st-digit)
tape: @1x0~1~~y~v~v~s~r~r~r~r
ops : R,R,R
head:     v (find-2nd-digit)
tape: @1x0~1~~y~v~v~s~r~r~r~r
ops : R,R
head:       v (find-2nd-digit)
tape: @1x0~1~~y~v~v~s~r~r~r~r
ops : R,R
head:         v (find-2nd-digit)
tape: @1x0~1~~y~v~v~s~r~r~r~r
ops : L
head:        v (found-2nd-digit)
tape: @1x0~1~~y~v~v~s~r~r~r~r
ops : R
head:         v (add-one)
tape: @1x0~1~~y~v~v~s~r~r~r~r
ops : R,R
head:           v (add-one)
tape: @1x0~1~~y~v~v~s~r~r~r~r
ops : R,R
head:             v (add-one)
tape: @1x0~1~~y~v~v~s~r~r~r~r
ops : R,R
head:               v (add-one)
tape: @1x0~1~~y~v~v~s~r~r~r~r
ops : R,R
head:                 v (add-one)
tape: @1x0~1~~y~v~v~s~r~r~r~r
ops : Pv
head:                 v (add-finished)
tape: @1x0~1~~y~v~v~s~v~r~r~r
ops : L,L
head:               v (add-finished)
tape: @1x0~1~~y~v~v~s~v~r~r~r
ops : L,L
head:             v (add-finished)
tape: @1x0~1~~y~v~v~s~v~r~r~r
ops : L,L
head:           v (add-finished)
tape: @1x0~1~~y~v~v~s~v~r~r~r
ops : L,L
head:         v (add-finished)
tape: @1x0~1~~y~v~v~s~v~r~r~r
ops : L,L
head:       v (add-finished)
tape: @1x0~1~~y~v~v~s~v~r~r~r
ops : L,L
head:     v (add-finished)
tape: @1x0~1~~y~v~v~s~v~r~r~r
ops : L,L
head:   v (add-finished)
tape: @1x0~1~~y~v~v~s~v~r~r~r
ops : L,L
head: v (add-finished)
tape: @1x0~1~~y~v~v~s~v~r~r~r
ops : R,R
head:   v (erase-old-x)
tape: @1x0~1~~y~v~v~s~v~r~r~r
ops : E,L,L
head: v (print-new-x)
tape: @1~0~1~~y~v~v~s~v~r~r~r
ops : R,R
head:   v (erase-old-y)
tape: @1~0~1~~y~v~v~s~v~r~r~r
ops : R,R
head:     v (erase-old-y)
tape: @1~0~1~~y~v~v~s~v~r~r~r
ops : R,R
head:       v (erase-old-y)
tape: @1~0~1~~y~v~v~s~v~r~r~r
ops : R,R
head:         v (erase-old-y)
tape: @1~0~1~~y~v~v~s~v~r~r~r
ops : E,L,L
head:       v (print-new-y)
tape: @1~0~1~~~~v~v~s~v~r~r~r
ops : Py,R
head:        v (reset-new-x)
tape: @1~0~1y~~~v~v~s~v~r~r~r
ops : R,Px
head:         v (flag-result-digits)
tape: @1~0~1y~x~v~v~s~v~r~r~r
ops : R,R
head:           v (flag-result-digits)
tape: @1~0~1y~x~v~v~s~v~r~r~r
ops : Pw,R,R
head:             v (unflag-result-digits)
tape: @1~0~1y~x~w~v~s~v~r~r~r
ops : Pu,R,R
head:               v (unflag-result-digits)
tape: @1~0~1y~x~w~u~s~v~r~r~r
ops : Pr,R,R
head:                 v (unflag-result-digits)
tape: @1~0~1y~x~w~u~r~v~r~r~r
ops : Pu,R,R
head:                   v (unflag-result-digits)
tape: @1~0~1y~x~w~u~r~u~r~r~r
ops : ,
head:                   v (find-digits)
tape: @1~0~1y~x~w~u~r~u~r~r~r
ops : L,L
head:                 v (find-digits)
tape: @1~0~1y~x~w~u~r~u~r~r~r
ops : L,L
head:               v (find-digits)
tape: @1~0~1y~x~w~u~r~u~r~r~r
ops : L,L
head:             v (find-digits)
tape: @1~0~1y~x~w~u~r~u~r~r~r
ops : L,L
head:           v (find-digits)
tape: @1~0~1y~x~w~u~r~u~r~r~r
ops : L,L
head:         v (find-digits)
tape: @1~0~1y~x~w~u~r~u~r~r~r
ops : L,L
head:       v (find-digits)
tape: @1~0~1y~x~w~u~r~u~r~r~r
ops : L,L
head:     v (find-digits)
tape: @1~0~1y~x~w~u~r~u~r~r~r
ops : L,L
head:   v (find-digits)
tape: @1~0~1y~x~w~u~r~u~r~r~r
ops : L,L
head: v (find-digits)
tape: @1~0~1y~x~w~u~r~u~r~r~r
ops : R,R
head:   v (find-1st-digit)
tape: @1~0~1y~x~w~u~r~u~r~r~r
ops : R,R
head:     v (find-1st-digit)
tape: @1~0~1y~x~w~u~r~u~r~r~r
ops : R,R
head:       v (find-1st-digit)
tape: @1~0~1y~x~w~u~r~u~r~r~r
ops : L
head:      v (found-1st-digit)
tape: @1~0~1y~x~w~u~r~u~r~r~r
ops : R,R,R
head:         v (find-2nd-digit)
tape: @1~0~1y~x~w~u~r~u~r~r~r
ops : L
head:        v (found-2nd-digit)
tape: @1~0~1y~x~w~u~r~u~r~r~r
ops : R
head:         v (add-one)
tape: @1~0~1y~x~w~u~r~u~r~r~r
ops : R,R
head:           v (add-one)
tape: @1~0~1y~x~w~u~r~u~r~r~r
ops : R,R
head:             v (add-one)
tape: @1~0~1y~x~w~u~r~u~r~r~r
ops : Ps,R,R
head:               v (carry)
tape: @1~0~1y~x~w~s~r~u~r~r~r
ops : Pu
head:               v (add-finished)
tape: @1~0~1y~x~w~s~u~u~r~r~r
ops : L,L
head:             v (add-finished)
tape: @1~0~1y~x~w~s~u~u~r~r~r
ops : L,L
head:           v (add-finished)
tape: @1~0~1y~x~w~s~u~u~r~r~r
ops : L,L
head:         v (add-finished)
tape: @1~0~1y~x~w~s~u~u~r~r~r
ops : L,L
head:       v (add-finished)
tape: @1~0~1y~x~w~s~u~u~r~r~r
ops : L,L
head:     v (add-finished)
tape: @1~0~1y~x~w~s~u~u~r~r~r
ops : L,L
head:   v (add-finished)
tape: @1~0~1y~x~w~s~u~u~r~r~r
ops : L,L
head: v (add-finished)
tape: @1~0~1y~x~w~s~u~u~r~r~r
ops : R,R
head:   v (erase-old-x)
tape: @1~0~1y~x~w~s~u~u~r~r~r
ops : R,R
head:     v (erase-old-x)
tape: @1~0~1y~x~w~s~u~u~r~r~r
ops : R,R
head:       v (erase-old-x)
tape: @1~0~1y~x~w~s~u~u~r~r~r
ops : R,R
head:         v (erase-old-x)
tape: @1~0~1y~x~w~s~u~u~r~r~r
ops : E,L,L
head:       v (print-new-x)
tape: @1~0~1y~~~w~s~u~u~r~r~r
ops : Pz
head:       v (find-digits)
tape: @1~0~1z~~~w~s~u~u~r~r~r
ops : L,L
head:     v (find-digits)
tape: @1~0~1z~~~w~s~u~u~r~r~r
ops : L,L
head:   v (find-digits)
tape: @1~0~1z~~~w~s~u~u~r~r~r
ops : L,L
head: v (find-digits)
tape: @1~0~1z~~~w~s~u~u~r~r~r
ops : R,R
head:   v (find-1st-digit)
tape: @1~0~1z~~~w~s~u~u~r~r~r
ops : R,R
head:     v (find-1st-digit)
tape: @1~0~1z~~~w~s~u~u~r~r~r
ops : R,R
head:       v (find-1st-digit)
tape: @1~0~1z~~~w~s~u~u~r~r~r
ops : L
head:      v (found-2nd-digit)
tape: @1~0~1z~~~w~s~u~u~r~r~r
ops : R
head:       v (add-one)
tape: @1~0~1z~~~w~s~u~u~r~r~r
ops : R,R
head:         v (add-one)
tape: @1~0~1z~~~w~s~u~u~r~r~r
ops : R,R
head:           v (add-one)
tape: @1~0~1z~~~w~s~u~u~r~r~r
ops : R,R
head:             v (add-one)
tape: @1~0~1z~~~w~s~u~u~r~r~r
ops : R,R
head:               v (add-one)
tape: @1~0~1z~~~w~s~u~u~r~r~r
ops : Ps,R,R
head:                 v (carry)
tape: @1~0~1z~~~w~s~s~u~r~r~r
ops : Pr,R,R
head:                   v (carry)
tape: @1~0~1z~~~w~s~s~r~r~r~r
ops : Pu
head:                   v (add-finished)
tape: @1~0~1z~~~w~s~s~r~u~r~r
ops : L,L
head:                 v (add-finished)
tape: @1~0~1z~~~w~s~s~r~u~r~r
ops : L,L
head:               v (add-finished)
tape: @1~0~1z~~~w~s~s~r~u~r~r
ops : L,L
head:             v (add-finished)
tape: @1~0~1z~~~w~s~s~r~u~r~r
ops : L,L
head:           v (add-finished)
tape: @1~0~1z~~~w~s~s~r~u~r~r
ops : L,L
head:         v (add-finished)
tape: @1~0~1z~~~w~s~s~r~u~r~r
ops : L,L
head:       v (add-finished)
tape: @1~0~1z~~~w~s~s~r~u~r~r
ops : L,L
head:     v (add-finished)
tape: @1~0~1z~~~w~s~s~r~u~r~r
ops : L,L
head:   v (add-finished)
tape: @1~0~1z~~~w~s~s~r~u~r~r
ops : L,L
head: v (add-finished)
tape: @1~0~1z~~~w~s~s~r~u~r~r
ops : R,R
head:   v (erase-old-x)
tape: @1~0~1z~~~w~s~s~r~u~r~r
ops : R,R
head:     v (erase-old-x)
tape: @1~0~1z~~~w~s~s~r~u~r~r
ops : R,R
head:       v (erase-old-x)
tape: @1~0~1z~~~w~s~s~r~u~r~r
ops : Py,L,L
head:     v (print-new-x)
tape: @1~0~1y~~~w~s~s~r~u~r~r
ops : Px
head:     v (find-digits)
tape: @1~0x1y~~~w~s~s~r~u~r~r
ops : L,L
head:   v (find-digits)
tape: @1~0x1y~~~w~s~s~r~u~r~r
ops : L,L
head: v (find-digits)
tape: @1~0x1y~~~w~s~s~r~u~r~r
ops : R,R
head:   v (find-1st-digit)
tape: @1~0x1y~~~w~s~s~r~u~r~r
ops : R,R
head:     v (find-1st-digit)
tape: @1~0x1y~~~w~s~s~r~u~r~r
ops : L
head:    v (found-1st-digit)
tape: @1~0x1y~~~w~s~s~r~u~r~r
ops : R
head:     v (add-zero)
tape: @1~0x1y~~~w~s~s~r~u~r~r
ops : R,R
head:       v (add-zero)
tape: @1~0x1y~~~w~s~s~r~u~r~r
ops : R,R
head:         v (add-zero)
tape: @1~0x1y~~~w~s~s~r~u~r~r
ops : R,R
head:           v (add-zero)
tape: @1~0x1y~~~w~s~s~r~u~r~r
ops : R,R
head:             v (add-zero)
tape: @1~0x1y~~~w~s~s~r~u~r~r
ops : R,R
head:               v (add-zero)
tape: @1~0x1y~~~w~s~s~r~u~r~r
ops : R,R
head:                 v (add-zero)
tape: @1~0x1y~~~w~s~s~r~u~r~r
ops : Ps
head:                 v (add-finished)
tape: @1~0x1y~~~w~s~s~s~u~r~r
ops : L,L
head:               v (add-finished)
tape: @1~0x1y~~~w~s~s~s~u~r~r
ops : L,L
head:             v (add-finished)
tape: @1~0x1y~~~w~s~s~s~u~r~r
ops : L,L
head:           v (add-finished)
tape: @1~0x1y~~~w~s~s~s~u~r~r
ops : L,L
head:         v (add-finished)
tape: @1~0x1y~~~w~s~s~s~u~r~r
ops : L,L
head:       v (add-finished)
tape: @1~0x1y~~~w~s~s~s~u~r~r
ops : L,L
head:     v (add-finished)
tape: @1~0x1y~~~w~s~s~s~u~r~r
ops : L,L
head:   v (add-finished)
tape: @1~0x1y~~~w~s~s~s~u~r~r
ops : L,L
head: v (add-finished)
tape: @1~0x1y~~~w~s~s~s~u~r~r
ops : R,R
head:   v (erase-old-x)
tape: @1~0x1y~~~w~s~s~s~u~r~r
ops : R,R
head:     v (erase-old-x)
tape: @1~0x1y~~~w~s~s~s~u~r~r
ops : E,L,L
head:   v (print-new-x)
tape: @1~0~1y~~~w~s~s~s~u~r~r
ops : Px
head:   v (find-digits)
tape: @1x0~1y~~~w~s~s~s~u~r~r
ops : L,L
head: v (find-digits)
tape: @1x0~1y~~~w~s~s~s~u~r~r
ops : R,R
head:   v (find-1st-digit)
tape: @1x0~1y~~~w~s~s~s~u~r~r
ops : L
head:  v (found-1st-digit)
tape: @1x0~1y~~~w~s~s~s~u~r~r
ops : R,R,R
head:     v (find-2nd-digit)
tape: @1x0~1y~~~w~s~s~s~u~r~r
ops : R,R
head:       v (find-2nd-digit)
tape: @1x0~1y~~~w~s~s~s~u~r~r
ops : L
head:      v (found-2nd-digit)
tape: @1x0~1y~~~w~s~s~s~u~r~r
ops : R
head:       v (add-one)
tape: @1x0~1y~~~w~s~s~s~u~r~r
ops : R,R
head:         v (add-one)
tape: @1x0~1y~~~w~s~s~s~u~r~r
ops : R,R
head:           v (add-one)
tape: @1x0~1y~~~w~s~s~s~u~r~r
ops : R,R
head:             v (add-one)
tape: @1x0~1y~~~w~s~s~s~u~r~r
ops : R,R
head:               v (add-one)
tape: @1x0~1y~~~w~s~s~s~u~r~r
ops : R,R
head:                 v (add-one)
tape: @1x0~1y~~~w~s~s~s~u~r~r
ops : R,R
head:                   v (add-one)
tape: @1x0~1y~~~w~s~s~s~u~r~r
ops : Ps,R,R
head:                     v (carry)
tape: @1x0~1y~~~w~s~s~s~s~r~r
ops : Pu
head:                     v (add-finished)
tape: @1x0~1y~~~w~s~s~s~s~u~r
ops : L,L
head:                   v (add-finished)
tape: @1x0~1y~~~w~s~s~s~s~u~r
ops : L,L
head:                 v (add-finished)
tape: @1x0~1y~~~w~s~s~s~s~u~r
ops : L,L
head:               v (add-finished)
tape: @1x0~1y~~~w~s~s~s~s~u~r
ops : L,L
head:             v (add-finished)
tape: @1x0~1y~~~w~s~s~s~s~u~r
ops : L,L
head:           v (add-finished)
tape: @1x0~1y~~~w~s~s~s~s~u~r
ops : L,L
head:         v (add-finished)
tape: @1x0~1y~~~w~s~s~s~s~u~r
ops : L,L
head:       v (add-finished)
tape: @1x0~1y~~~w~s~s~s~s~u~r
ops : L,L
head:     v (add-finished)
tape: @1x0~1y~~~w~s~s~s~s~u~r
ops : L,L
head:   v (add-finished)
tape: @1x0~1y~~~w~s~s~s~s~u~r
ops : L,L
head: v (add-finished)
tape: @1x0~1y~~~w~s~s~s~s~u~r
ops : R,R
head:   v (erase-old-x)
tape: @1x0~1y~~~w~s~s~s~s~u~r
ops : E,L,L
head: v (print-new-x)
tape: @1~0~1y~~~w~s~s~s~s~u~r
ops : R,R
head:   v (erase-old-y)
tape: @1~0~1y~~~w~s~s~s~s~u~r
ops : R,R
head:     v (erase-old-y)
tape: @1~0~1y~~~w~s~s~s~s~u~r
ops : R,R
head:       v (erase-old-y)
tape: @1~0~1y~~~w~s~s~s~s~u~r
ops : E,L,L
head:     v (print-new-y)
tape: @1~0~1~~~~w~s~s~s~s~u~r
ops : Py,R
head:      v (reset-new-x)
tape: @1~0y1~~~~w~s~s~s~s~u~r
ops : R,R
head:        v (reset-new-x)
tape: @1~0y1~~~~w~s~s~s~s~u~r
ops : R,Px
head:         v (flag-result-digits)
tape: @1~0y1~~x~w~s~s~s~s~u~r
ops : R,R
head:           v (flag-result-digits)
tape: @1~0y1~~x~w~s~s~s~s~u~r
ops : R,R
head:             v (flag-result-digits)
tape: @1~0y1~~x~w~s~s~s~s~u~r
ops : Pt,R,R
head:               v (unflag-result-digits)
tape: @1~0y1~~x~w~t~s~s~s~u~r
ops : Pr,R,R
head:                 v (unflag-result-digits)
tape: @1~0y1~~x~w~t~r~s~s~u~r
ops : Pr,R,R
head:                   v (unflag-result-digits)
tape: @1~0y1~~x~w~t~r~r~s~u~r
ops : Pr,R,R
head:                     v (unflag-result-digits)
tape: @1~0y1~~x~w~t~r~r~r~u~r
ops : ,
head:                     v (find-digits)
tape: @1~0y1~~x~w~t~r~r~r~u~r
ops : L,L
head:                   v (find-digits)
tape: @1~0y1~~x~w~t~r~r~r~u~r
ops : L,L
head:                 v (find-digits)
tape: @1~0y1~~x~w~t~r~r~r~u~r
ops : L,L
head:               v (find-digits)
tape: @1~0y1~~x~w~t~r~r~r~u~r
ops : L,L
head:             v (find-digits)
tape: @1~0y1~~x~w~t~r~r~r~u~r
ops : L,L
head:           v (find-digits)
tape: @1~0y1~~x~w~t~r~r~r~u~r
ops : L,L
head:         v (find-digits)
tape: @1~0y1~~x~w~t~r~r~r~u~r
ops : L,L
head:       v (find-digits)
tape: @1~0y1~~x~w~t~r~r~r~u~r
ops : L,L
head:     v (find-digits)
tape: @1~0y1~~x~w~t~r~r~r~u~r
ops : L,L
head:   v (find-digits)
tape: @1~0y1~~x~w~t~r~r~r~u~r
ops : L,L
head: v (find-digits)
tape: @1~0y1~~x~w~t~r~r~r~u~r
ops : R,R
head:   v (find-1st-digit)
tape: @1~0y1~~x~w~t~r~r~r~u~r
ops : R,R
head:     v (find-1st-digit)
tape: @1~0y1~~x~w~t~r~r~r~u~r
ops : L
head:    v (found-1st-digit)
tape: @1~0y1~~x~w~t~r~r~r~u~r
ops : R
head:     v (add-zero)
tape: @1~0y1~~x~w~t~r~r~r~u~r
ops : R,R
head:       v (add-zero)
tape: @1~0y1~~x~w~t~r~r~r~u~r
ops : R,R
head:         v (add-zero)
tape: @1~0y1~~x~w~t~r~r~r~u~r
ops : R,R
head:           v (add-zero)
tape: @1~0y1~~x~w~t~r~r~r~u~r
ops : R,R
head:             v (add-zero)
tape: @1~0y1~~x~w~t~r~r~r~u~r
ops : R,R
head:               v (add-zero)
tape: @1~0y1~~x~w~t~r~r~r~u~r
ops : Ps
head:               v (add-finished)
tape: @1~0y1~~x~w~t~s~r~r~u~r
ops : L,L
head:             v (add-finished)
tape: @1~0y1~~x~w~t~s~r~r~u~r
ops : L,L
head:           v (add-finished)
tape: @1~0y1~~x~w~t~s~r~r~u~r
ops : L,L
head:         v (add-finished)
tape: @1~0y1~~x~w~t~s~r~r~u~r
ops : L,L
head:       v (add-finished)
tape: @1~0y1~~x~w~t~s~r~r~u~r
ops : L,L
head:     v (add-finished)
tape: @1~0y1~~x~w~t~s~r~r~u~r
ops : L,L
head:   v (add-finished)
tape: @1~0y1~~x~w~t~s~r~r~u~r
ops : L,L
head: v (add-finished)
tape: @1~0y1~~x~w~t~s~r~r~u~r
ops : R,R
head:   v (erase-old-x)
tape: @1~0y1~~x~w~t~s~r~r~u~r
ops : R,R
head:     v (erase-old-x)
tape: @1~0y1~~x~w~t~s~r~r~u~r
ops : R,R
head:       v (erase-old-x)
tape: @1~0y1~~x~w~t~s~r~r~u~r
ops : R,R
head:         v (erase-old-x)
tape: @1~0y1~~x~w~t~s~r~r~u~r
ops : E,L,L
head:       v (print-new-x)
tape: @1~0y1~~~~w~t~s~r~r~u~r
ops : Px
head:       v (find-digits)
tape: @1~0y1x~~~w~t~s~r~r~u~r
ops : L,L
head:     v (find-digits)
tape: @1~0y1x~~~w~t~s~r~r~u~r
ops : L,L
head:   v (find-digits)
tape: @1~0y1x~~~w~t~s~r~r~u~r
ops : L,L
head: v (find-digits)
tape: @1~0y1x~~~w~t~s~r~r~u~r
ops : R,R
head:   v (find-1st-digit)
tape: @1~0y1x~~~w~t~s~r~r~u~r
ops : R,R
head:     v (find-1st-digit)
tape: @1~0y1x~~~w~t~s~r~r~u~r
ops : L
head:    v (found-1st-digit)
tape: @1~0y1x~~~w~t~s~r~r~u~r
ops : R
head:     v (add-zero)
tape: @1~0y1x~~~w~t~s~r~r~u~r
ops : R,R
head:       v (add-zero)
tape: @1~0y1x~~~w~t~s~r~r~u~r
ops : R,R
head:         v (add-zero)
tape: @1~0y1x~~~w~t~s~r~r~u~r
ops : R,R
head:           v (add-zero)
tape: @1~0y1x~~~w~t~s~r~r~u~r
ops : R,R
head:             v (add-zero)
tape: @1~0y1x~~~w~t~s~r~r~u~r
ops : R,R
head:               v (add-zero)
tape: @1~0y1x~~~w~t~s~r~r~u~r
ops : R,R
head:                 v (add-zero)
tape: @1~0y1x~~~w~t~s~r~r~u~r
ops : Ps
head:                 v (add-finished)
tape: @1~0y1x~~~w~t~s~s~r~u~r
ops : L,L
head:               v (add-finished)
tape: @1~0y1x~~~w~t~s~s~r~u~r
ops : L,L
head:             v (add-finished)
tape: @1~0y1x~~~w~t~s~s~r~u~r
ops : L,L
head:           v (add-finished)
tape: @1~0y1x~~~w~t~s~s~r~u~r
ops : L,L
head:         v (add-finished)
tape: @1~0y1x~~~w~t~s~s~r~u~r
ops : L,L
head:       v (add-finished)
tape: @1~0y1x~~~w~t~s~s~r~u~r
ops : L,L
head:     v (add-finished)
tape: @1~0y1x~~~w~t~s~s~r~u~r
ops : L,L
head:   v (add-finished)
tape: @1~0y1x~~~w~t~s~s~r~u~r
ops : L,L
head: v (add-finished)
tape: @1~0y1x~~~w~t~s~s~r~u~r
ops : R,R
head:   v (erase-old-x)
tape: @1~0y1x~~~w~t~s~s~r~u~r
ops : R,R
head:     v (erase-old-x)
tape: @1~0y1x~~~w~t~s~s~r~u~r
ops : R,R
head:       v (erase-old-x)
tape: @1~0y1x~~~w~t~s~s~r~u~r
ops : E,L,L
head:     v (print-new-x)
tape: @1~0y1~~~~w~t~s~s~r~u~r
ops : Pz
head:     v (find-digits)
tape: @1~0z1~~~~w~t~s~s~r~u~r
ops : L,L
head:   v (find-digits)
tape: @1~0z1~~~~w~t~s~s~r~u~r
ops : L,L
head: v (find-digits)
tape: @1~0z1~~~~w~t~s~s~r~u~r
ops : R,R
head:   v (find-1st-digit)
tape: @1~0z1~~~~w~t~s~s~r~u~r
ops : R,R
head:     v (find-1st-digit)
tape: @1~0z1~~~~w~t~s~s~r~u~r
ops : L
head:    v (found-2nd-digit)
tape: @1~0z1~~~~w~t~s~s~r~u~r
ops : R
head:     v (add-zero)
tape: @1~0z1~~~~w~t~s~s~r~u~r
ops : R,R
head:       v (add-zero)
tape: @1~0z1~~~~w~t~s~s~r~u~r
ops : R,R
head:         v (add-zero)
tape: @1~0z1~~~~w~t~s~s~r~u~r
ops : R,R
head:           v (add-zero)
tape: @1~0z1~~~~w~t~s~s~r~u~r
ops : R,R
head:             v (add-zero)
tape: @1~0z1~~~~w~t~s~s~r~u~r
ops : R,R
head:               v (add-zero)
tape: @1~0z1~~~~w~t~s~s~r~u~r
ops : R,R
head:                 v (add-zero)
tape: @1~0z1~~~~w~t~s~s~r~u~r
ops : R,R
head:                   v (add-zero)
tape: @1~0z1~~~~w~t~s~s~r~u~r
ops : Ps
head:                   v (add-finished)
tape: @1~0z1~~~~w~t~s~s~s~u~r
ops : L,L
head:                 v (add-finished)
tape: @1~0z1~~~~w~t~s~s~s~u~r
ops : L,L
head:               v (add-finished)
tape: @1~0z1~~~~w~t~s~s~s~u~r
ops : L,L
head:             v (add-finished)
tape: @1~0z1~~~~w~t~s~s~s~u~r
ops : L,L
head:           v (add-finished)
tape: @1~0z1~~~~w~t~s~s~s~u~r
ops : L,L
head:         v (add-finished)
tape: @1~0z1~~~~w~t~s~s~s~u~r
ops : L,L
head:       v (add-finished)
tape: @1~0z1~~~~w~t~s~s~s~u~r
ops : L,L
head:     v (add-finished)
tape: @1~0z1~~~~w~t~s~s~s~u~r
ops : L,L
head:   v (add-finished)
tape: @1~0z1~~~~w~t~s~s~s~u~r
ops : L,L
head: v (add-finished)
tape: @1~0z1~~~~w~t~s~s~s~u~r
ops : R,R
head:   v (erase-old-x)
tape: @1~0z1~~~~w~t~s~s~s~u~r
ops : R,R
head:     v (erase-old-x)
tape: @1~0z1~~~~w~t~s~s~s~u~r
ops : Py,L,L
head:   v (print-new-x)
tape: @1~0y1~~~~w~t~s~s~s~u~r
ops : Px
head:   v (find-digits)
tape: @1x0y1~~~~w~t~s~s~s~u~r
ops : L,L
head: v (find-digits)
tape: @1x0y1~~~~w~t~s~s~s~u~r
ops : R,R
head:   v (find-1st-digit)
tape: @1x0y1~~~~w~t~s~s~s~u~r
ops : L
head:  v (found-1st-digit)
tape: @1x0y1~~~~w~t~s~s~s~u~r
ops : R,R,R
head:     v (find-2nd-digit)
tape: @1x0y1~~~~w~t~s~s~s~u~r
ops : L
head:    v (found-2nd-digit)
tape: @1x0y1~~~~w~t~s~s~s~u~r
ops : R
head:     v (add-zero)
tape: @1x0y1~~~~w~t~s~s~s~u~r
ops : R,R
head:       v (add-zero)
tape: @1x0y1~~~~w~t~s~s~s~u~r
ops : R,R
head:         v (add-zero)
tape: @1x0y1~~~~w~t~s~s~s~u~r
ops : R,R
head:           v (add-zero)
tape: @1x0y1~~~~w~t~s~s~s~u~r
ops : R,R
head:             v (add-zero)
tape: @1x0y1~~~~w~t~s~s~s~u~r
ops : R,R
head:               v (add-zero)
tape: @1x0y1~~~~w~t~s~s~s~u~r
ops : R,R
head:                 v (add-zero)
tape: @1x0y1~~~~w~t~s~s~s~u~r
ops : R,R
head:                   v (add-zero)
tape: @1x0y1~~~~w~t~s~s~s~u~r
ops : R,R
head:                     v (add-zero)
tape: @1x0y1~~~~w~t~s~s~s~u~r
ops : Pv
head:                     v (add-finished)
tape: @1x0y1~~~~w~t~s~s~s~v~r
ops : L,L
head:                   v (add-finished)
tape: @1x0y1~~~~w~t~s~s~s~v~r
ops : L,L
head:                 v (add-finished)
tape: @1x0y1~~~~w~t~s~s~s~v~r
ops : L,L
head:               v (add-finished)
tape: @1x0y1~~~~w~t~s~s~s~v~r
ops : L,L
head:             v (add-finished)
tape: @1x0y1~~~~w~t~s~s~s~v~r
ops : L,L
head:           v (add-finished)
tape: @1x0y1~~~~w~t~s~s~s~v~r
ops : L,L
head:         v (add-finished)
tape: @1x0y1~~~~w~t~s~s~s~v~r
ops : L,L
head:       v (add-finished)
tape: @1x0y1~~~~w~t~s~s~s~v~r
ops : L,L
head:     v (add-finished)
tape: @1x0y1~~~~w~t~s~s~s~v~r
ops : L,L
head:   v (add-finished)
tape: @1x0y1~~~~w~t~s~s~s~v~r
ops : L,L
head: v (add-finished)
tape: @1x0y1~~~~w~t~s~s~s~v~r
ops : R,R
head:   v (erase-old-x)
tape: @1x0y1~~~~w~t~s~s~s~v~r
ops : E,L,L
head: v (print-new-x)
tape: @1~0y1~~~~w~t~s~s~s~v~r
ops : R,R
head:   v (erase-old-y)
tape: @1~0y1~~~~w~t~s~s~s~v~r
ops : R,R
head:     v (erase-old-y)
tape: @1~0y1~~~~w~t~s~s~s~v~r
ops : E,L,L
head:   v (print-new-y)
tape: @1~0~1~~~~w~t~s~s~s~v~r
ops : Py,R
head:    v (reset-new-x)
tape: @1y0~1~~~~w~t~s~s~s~v~r
ops : R,R
head:      v (reset-new-x)
tape: @1y0~1~~~~w~t~s~s~s~v~r
ops : R,R
head:        v (reset-new-x)
tape: @1y0~1~~~~w~t~s~s~s~v~r
ops : R,Px
head:         v (flag-result-digits)
tape: @1y0~1~~x~w~t~s~s~s~v~r
ops : R,R
head:           v (flag-result-digits)
tape: @1y0~1~~x~w~t~s~s~s~v~r
ops : R,R
head:             v (flag-result-digits)
tape: @1y0~1~~x~w~t~s~s~s~v~r
ops : R,R
head:               v (flag-result-digits)
tape: @1y0~1~~x~w~t~s~s~s~v~r
ops : Pt,R,R
head:                 v (unflag-result-digits)
tape: @1y0~1~~x~w~t~t~s~s~v~r
ops : Pr,R,R
head:                   v (unflag-result-digits)
tape: @1y0~1~~x~w~t~t~r~s~v~r
ops : Pr,R,R
head:                     v (unflag-result-digits)
tape: @1y0~1~~x~w~t~t~r~r~v~r
ops : Pu,R,R
head:                       v (unflag-result-digits)
tape: @1y0~1~~x~w~t~t~r~r~u~r
ops : ,
head:                       v (find-digits)
tape: @1y0~1~~x~w~t~t~r~r~u~r
ops : L,L
head:                     v (find-digits)
tape: @1y0~1~~x~w~t~t~r~r~u~r
ops : L,L
head:                   v (find-digits)
tape: @1y0~1~~x~w~t~t~r~r~u~r
ops : L,L
head:                 v (find-digits)
tape: @1y0~1~~x~w~t~t~r~r~u~r
ops : L,L
head:               v (find-digits)
tape: @1y0~1~~x~w~t~t~r~r~u~r
ops : L,L
head:             v (find-digits)
tape: @1y0~1~~x~w~t~t~r~r~u~r
ops : L,L
head:           v (find-digits)
tape: @1y0~1~~x~w~t~t~r~r~u~r
ops : L,L
head:         v (find-digits)
tape: @1y0~1~~x~w~t~t~r~r~u~r
ops : L,L
head:       v (find-digits)
tape: @1y0~1~~x~w~t~t~r~r~u~r
ops : L,L
head:     v (find-digits)
tape: @1y0~1~~x~w~t~t~r~r~u~r
ops : L,L
head:   v (find-digits)
tape: @1y0~1~~x~w~t~t~r~r~u~r
ops : L,L
head: v (find-digits)
tape: @1y0~1~~x~w~t~t~r~r~u~r
ops : R,R
head:   v (find-1st-digit)
tape: @1y0~1~~x~w~t~t~r~r~u~r
ops : L
head:  v (found-1st-digit)
tape: @1y0~1~~x~w~t~t~r~r~u~r
ops : R,R,R
head:     v (find-2nd-digit)
tape: @1y0~1~~x~w~t~t~r~r~u~r
ops : R,R
head:       v (find-2nd-digit)
tape: @1y0~1~~x~w~t~t~r~r~u~r
ops : R,R
head:         v (find-2nd-digit)
tape: @1y0~1~~x~w~t~t~r~r~u~r
ops : L
head:        v (found-2nd-digit)
tape: @1y0~1~~x~w~t~t~r~r~u~r
ops : R
head:         v (add-one)
tape: @1y0~1~~x~w~t~t~r~r~u~r
ops : R,R
head:           v (add-one)
tape: @1y0~1~~x~w~t~t~r~r~u~r
ops : R,R
head:             v (add-one)
tape: @1y0~1~~x~w~t~t~r~r~u~r
ops : R,R
head:               v (add-one)
tape: @1y0~1~~x~w~t~t~r~r~u~r
ops : R,R
head:                 v (add-one)
tape: @1y0~1~~x~w~t~t~r~r~u~r
ops : Pv
head:                 v (add-finished)
tape: @1y0~1~~x~w~t~t~v~r~u~r
ops : L,L
head:               v (add-finished)
tape: @1y0~1~~x~w~t~t~v~r~u~r
ops : L,L
head:             v (add-finished)
tape: @1y0~1~~x~w~t~t~v~r~u~r
ops : L,L
head:           v (add-finished)
tape: @1y0~1~~x~w~t~t~v~r~u~r
ops : L,L
head:         v (add-finished)
tape: @1y0~1~~x~w~t~t~v~r~u~r
ops : L,L
head:       v (add-finished)
tape: @1y0~1~~x~w~t~t~v~r~u~r
ops : L,L
head:     v (add-finished)
tape: @1y0~1~~x~w~t~t~v~r~u~r
ops : L,L
head:   v (add-finished)
tape: @1y0~1~~x~w~t~t~v~r~u~r
ops : L,L
head: v (add-finished)
tape: @1y0~1~~x~w~t~t~v~r~u~r
ops : R,R
head:   v (erase-old-x)
tape: @1y0~1~~x~w~t~t~v~r~u~r
ops : R,R
head:     v (erase-old-x)
tape: @1y0~1~~x~w~t~t~v~r~u~r
ops : R,R
head:       v (erase-old-x)
tape: @1y0~1~~x~w~t~t~v~r~u~r
ops : R,R
head:         v (erase-old-x)
tape: @1y0~1~~x~w~t~t~v~r~u~r
ops : E,L,L
head:       v (print-new-x)
tape: @1y0~1~~~~w~t~t~v~r~u~r
ops : Px
head:       v (find-digits)
tape: @1y0~1x~~~w~t~t~v~r~u~r
ops : L,L
head:     v (find-digits)
tape: @1y0~1x~~~w~t~t~v~r~u~r
ops : L,L
head:   v (find-digits)
tape: @1y0~1x~~~w~t~t~v~r~u~r
ops : L,L
head: v (find-digits)
tape: @1y0~1x~~~w~t~t~v~r~u~r
ops : R,R
head:   v (find-1st-digit)
tape: @1y0~1x~~~w~t~t~v~r~u~r
ops : L
head:  v (found-1st-digit)
tape: @1y0~1x~~~w~t~t~v~r~u~r
ops : R,R,R
head:     v (find-2nd-digit)
tape: @1y0~1x~~~w~t~t~v~r~u~r
ops : R,R
head:       v (find-2nd-digit)
tape: @1y0~1x~~~w~t~t~v~r~u~r
ops : L
head:      v (found-2nd-digit)
tape: @1y0~1x~~~w~t~t~v~r~u~r
ops : R
head:       v (add-one)
tape: @1y0~1x~~~w~t~t~v~r~u~r
ops : R,R
head:         v (add-one)
tape: @1y0~1x~~~w~t~t~v~r~u~r
ops : R,R
head:           v (add-one)
tape: @1y0~1x~~~w~t~t~v~r~u~r
ops : R,R
head:             v (add-one)
tape: @1y0~1x~~~w~t~t~v~r~u~r
ops : R,R
head:               v (add-one)
tape: @1y0~1x~~~w~t~t~v~r~u~r
ops : R,R
head:                 v (add-one)
tape: @1y0~1x~~~w~t~t~v~r~u~r
ops : R,R
head:                   v (add-one)
tape: @1y0~1x~~~w~t~t~v~r~u~r
ops : Pv
head:                   v (add-finished)
tape: @1y0~1x~~~w~t~t~v~v~u~r
ops : L,L
head:                 v (add-finished)
tape: @1y0~1x~~~w~t~t~v~v~u~r
ops : L,L
head:               v (add-finished)
tape: @1y0~1x~~~w~t~t~v~v~u~r
ops : L,L
head:             v (add-finished)
tape: @1y0~1x~~~w~t~t~v~v~u~r
ops : L,L
head:           v (add-finished)
tape: @1y0~1x~~~w~t~t~v~v~u~r
ops : L,L
head:         v (add-finished)
tape: @1y0~1x~~~w~t~t~v~v~u~r
ops : L,L
head:       v (add-finished)
tape: @1y0~1x~~~w~t~t~v~v~u~r
ops : L,L
head:     v (add-finished)
tape: @1y0~1x~~~w~t~t~v~v~u~r
ops : L,L
head:   v (add-finished)
tape: @1y0~1x~~~w~t~t~v~v~u~r
ops : L,L
head: v (add-finished)
tape: @1y0~1x~~~w~t~t~v~v~u~r
ops : R,R
head:   v (erase-old-x)
tape: @1y0~1x~~~w~t~t~v~v~u~r
ops : R,R
head:     v (erase-old-x)
tape: @1y0~1x~~~w~t~t~v~v~u~r
ops : R,R
head:       v (erase-old-x)
tape: @1y0~1x~~~w~t~t~v~v~u~r
ops : E,L,L
head:     v (print-new-x)
tape: @1y0~1~~~~w~t~t~v~v~u~r
ops : Px
head:     v (find-digits)
tape: @1y0x1~~~~w~t~t~v~v~u~r
ops : L,L
head:   v (find-digits)
tape: @1y0x1~~~~w~t~t~v~v~u~r
ops : L,L
head: v (find-digits)
tape: @1y0x1~~~~w~t~t~v~v~u~r
ops : R,R
head:   v (find-1st-digit)
tape: @1y0x1~~~~w~t~t~v~v~u~r
ops : L
head:  v (found-1st-digit)
tape: @1y0x1~~~~w~t~t~v~v~u~r
ops : R,R,R
head:     v (find-2nd-digit)
tape: @1y0x1~~~~w~t~t~v~v~u~r
ops : L
head:    v (found-2nd-digit)
tape: @1y0x1~~~~w~t~t~v~v~u~r
ops : R
head:     v (add-zero)
tape: @1y0x1~~~~w~t~t~v~v~u~r
ops : R,R
head:       v (add-zero)
tape: @1y0x1~~~~w~t~t~v~v~u~r
ops : R,R
head:         v (add-zero)
tape: @1y0x1~~~~w~t~t~v~v~u~r
ops : R,R
head:           v (add-zero)
tape: @1y0x1~~~~w~t~t~v~v~u~r
ops : R,R
head:             v (add-zero)
tape: @1y0x1~~~~w~t~t~v~v~u~r
ops : R,R
head:               v (add-zero)
tape: @1y0x1~~~~w~t~t~v~v~u~r
ops : R,R
head:                 v (add-zero)
tape: @1y0x1~~~~w~t~t~v~v~u~r
ops : R,R
head:                   v (add-zero)
tape: @1y0x1~~~~w~t~t~v~v~u~r
ops : R,R
head:                     v (add-zero)
tape: @1y0x1~~~~w~t~t~v~v~u~r
ops : Pv
head:                     v (add-finished)
tape: @1y0x1~~~~w~t~t~v~v~v~r
ops : L,L
head:                   v (add-finished)
tape: @1y0x1~~~~w~t~t~v~v~v~r
ops : L,L
head:                 v (add-finished)
tape: @1y0x1~~~~w~t~t~v~v~v~r
ops : L,L
head:               v (add-finished)
tape: @1y0x1~~~~w~t~t~v~v~v~r
ops : L,L
head:             v (add-finished)
tape: @1y0x1~~~~w~t~t~v~v~v~r
ops : L,L
head:           v (add-finished)
tape: @1y0x1~~~~w~t~t~v~v~v~r
ops : L,L
head:         v (add-finished)
tape: @1y0x1~~~~w~t~t~v~v~v~r
ops : L,L
head:       v (add-finished)
tape: @1y0x1~~~~w~t~t~v~v~v~r
ops : L,L
head:     v (add-finished)
tape: @1y0x1~~~~w~t~t~v~v~v~r
ops : L,L
head:   v (add-finished)
tape: @1y0x1~~~~w~t~t~v~v~v~r
ops : L,L
head: v (add-finished)
tape: @1y0x1~~~~w~t~t~v~v~v~r
ops : R,R
head:   v (erase-old-x)
tape: @1y0x1~~~~w~t~t~v~v~v~r
ops : R,R
head:     v (erase-old-x)
tape: @1y0x1~~~~w~t~t~v~v~v~r
ops : E,L,L
head:   v (print-new-x)
tape: @1y0~1~~~~w~t~t~v~v~v~r
ops : Pz
head:   v (find-digits)
tape: @1z0~1~~~~w~t~t~v~v~v~r
ops : L,L
head: v (find-digits)
tape: @1z0~1~~~~w~t~t~v~v~v~r
ops : R,R
head:   v (find-1st-digit)
tape: @1z0~1~~~~w~t~t~v~v~v~r
ops : L
head:  v (found-2nd-digit)
tape: @1z0~1~~~~w~t~t~v~v~v~r
ops : R
head:   v (add-one)
tape: @1z0~1~~~~w~t~t~v~v~v~r
ops : R,R
head:     v (add-one)
tape: @1z0~1~~~~w~t~t~v~v~v~r
ops : R,R
head:       v (add-one)
tape: @1z0~1~~~~w~t~t~v~v~v~r
ops : R,R
head:         v (add-one)
tape: @1z0~1~~~~w~t~t~v~v~v~r
ops : R,R
head:           v (add-one)
tape: @1z0~1~~~~w~t~t~v~v~v~r
ops : R,R
head:             v (add-one)
tape: @1z0~1~~~~w~t~t~v~v~v~r
ops : R,R
head:               v (add-one)
tape: @1z0~1~~~~w~t~t~v~v~v~r
ops : R,R
head:                 v (add-one)
tape: @1z0~1~~~~w~t~t~v~v~v~r
ops : R,R
head:                   v (add-one)
tape: @1z0~1~~~~w~t~t~v~v~v~r
ops : R,R
head:                     v (add-one)
tape: @1z0~1~~~~w~t~t~v~v~v~r
ops : R,R
head:                       v (add-one)
tape: @1z0~1~~~~w~t~t~v~v~v~r
ops : Pv
head:                       v (add-finished)
tape: @1z0~1~~~~w~t~t~v~v~v~v
ops : L,L
head:                     v (add-finished)
tape: @1z0~1~~~~w~t~t~v~v~v~v
ops : L,L
head:                   v (add-finished)
tape: @1z0~1~~~~w~t~t~v~v~v~v
ops : L,L
head:                 v (add-finished)
tape: @1z0~1~~~~w~t~t~v~v~v~v
ops : L,L
head:               v (add-finished)
tape: @1z0~1~~~~w~t~t~v~v~v~v
ops : L,L
head:             v (add-finished)
tape: @1z0~1~~~~w~t~t~v~v~v~v
ops : L,L
head:           v (add-finished)
tape: @1z0~1~~~~w~t~t~v~v~v~v
ops : L,L
head:         v (add-finished)
tape: @1z0~1~~~~w~t~t~v~v~v~v
ops : L,L
head:       v (add-finished)
tape: @1z0~1~~~~w~t~t~v~v~v~v
ops : L,L
head:     v (add-finished)
tape: @1z0~1~~~~w~t~t~v~v~v~v
ops : L,L
head:   v (add-finished)
tape: @1z0~1~~~~w~t~t~v~v~v~v
ops : L,L
head: v (add-finished)
tape: @1z0~1~~~~w~t~t~v~v~v~v
ops : R,R
head:   v (erase-old-x)
tape: @1z0~1~~~~w~t~t~v~v~v~v
ops : Py,L,L
head: v (print-new-x)
tape: @1y0~1~~~~w~t~t~v~v~v~v
ops : R,R
head:   v (erase-old-y)
tape: @1y0~1~~~~w~t~t~v~v~v~v
ops : E,L,L
head: v (print-new-y)
tape: @1~0~1~~~~w~t~t~v~v~v~v
ops : R
head:  v (new-digit-is-one)
tape: @1~0~1~~~~w~t~t~v~v~v~v
ops : L
head: v (new-digit-is-one)
tape: @1~0~1~~~~w~t~t~v~v~v~v
ops : R
head:  v (print-one-digit)
tape: @1~0~1~~~~w~t~t~v~v~v~v
ops : R,E,R
head:    v (print-one-digit)
tape: @1~0~1~~~~w~t~t~v~v~v~v
ops : R,E,R
head:      v (print-one-digit)
tape: @1~0~1~~~~w~t~t~v~v~v~v
ops : R,E,R
head:        v (print-one-digit)
tape: @1~0~1~~~~w~t~t~v~v~v~v
ops : P1,R,R,R
head:           v (cleanup)
tape: @1~0~1~1~~w~t~t~v~v~v~v
ops : E,R,R
head:             v (cleanup)
tape: @1~0~1~1~~~~t~t~v~v~v~v
ops : E,R,R
head:               v (cleanup)
tape: @1~0~1~1~~~~~~t~v~v~v~v
ops : E,R,R
head:                 v (cleanup)
tape: @1~0~1~1~~~~~~~~v~v~v~v
ops : E,R,R
head:                   v (cleanup)
tape: @1~0~1~1~~~~~~~~~~v~v~v
ops : E,R,R
head:                     v (cleanup)
tape: @1~0~1~1~~~~~~~~~~~~v~v
ops : E,R,R
head:                       v (cleanup)
tape: @1~0~1~1~~~~~~~~~~~~~~v
ops : E,R,R
head:                         v (cleanup)
tape: @1~0~1~1~~~~~~~~~~~~~~~~~
ops : ,
head:                         v (new)
tape: @1~0~1~1~~~~~~~~~~~~~~~~~
ops : L
head:                        v (new)
tape: @1~0~1~1~~~~~~~~~~~~~~~~
ops : L
head:                       v (new)
tape: @1~0~1~1~~~~~~~~~~~~~~~
ops : L
head:                      v (new)
tape: @1~0~1~1~~~~~~~~~~~~~~~
ops : L
head:                     v (new)
tape: @1~0~1~1~~~~~~~~~~~~~~~
ops : L
head:                    v (new)
tape: @1~0~1~1~~~~~~~~~~~~~~~
ops : L
head:                   v (new)
tape: @1~0~1~1~~~~~~~~~~~~~~~
ops : L
head:                  v (new)
tape: @1~0~1~1~~~~~~~~~~~~~~~
ops : L
head:                 v (new)
tape: @1~0~1~1~~~~~~~~~~~~~~~
ops : L
head:                v (new)
tape: @1~0~1~1~~~~~~~~~~~~~~~
ops : L
head:               v (new)
tape: @1~0~1~1~~~~~~~~~~~~~~~
ops : L
head:              v (new)
tape: @1~0~1~1~~~~~~~~~~~~~~~
ops : L
head:             v (new)
tape: @1~0~1~1~~~~~~~~~~~~~~~
ops : L
head:            v (new)
tape: @1~0~1~1~~~~~~~~~~~~~~~
ops : L
head:           v (new)
tape: @1~0~1~1~~~~~~~~~~~~~~~
ops : L
head:          v (new)
tape: @1~0~1~1~~~~~~~~~~~~~~~
ops : L
head:         v (new)
tape: @1~0~1~1~~~~~~~~~~~~~~~
ops : L
head:        v (new)
tape: @1~0~1~1~~~~~~~~~~~~~~~
ops : L
head:       v (new)
tape: @1~0~1~1~~~~~~~~~~~~~~~
ops : L
head:      v (new)
tape: @1~0~1~1~~~~~~~~~~~~~~~
ops : L
head:     v (new)
tape: @1~0~1~1~~~~~~~~~~~~~~~
ops : L
head:    v (new)
tape: @1~0~1~1~~~~~~~~~~~~~~~
ops : L
head:   v (new)
tape: @1~0~1~1~~~~~~~~~~~~~~~
ops : L
head:  v (new)
tape: @1~0~1~1~~~~~~~~~~~~~~~
ops : L
head: v (new)
tape: @1~0~1~1~~~~~~~~~~~~~~~
ops : R
head:  v (mark-digits)
tape: @1~0~1~1~~~~~~~~~~~~~~~
ops : R,Px,R
head:    v (mark-digits)
tape: @1x0~1~1~~~~~~~~~~~~~~~
ops : R,Px,R
head:      v (mark-digits)
tape: @1x0x1~1~~~~~~~~~~~~~~~
ops : R,Px,R
head:        v (mark-digits)
tape: @1x0x1x1~~~~~~~~~~~~~~~
ops : R,Px,R
head:          v (mark-digits)
tape: @1x0x1x1x~~~~~~~~~~~~~~
ops : R,Pz,R,R,Pr
head:             v (find-x)
tape: @1x0x1x1x~z~r~~~~~~~~~~
ops : L,L
head:           v (find-x)
tape: @1x0x1x1x~z~r~~~~~~~~~~
ops : L,L
head:         v (find-x)
tape: @1x0x1x1x~z~r~~~~~~~~~~
ops : E
head:         v (first-r)
tape: @1x0x1x1~~z~r~~~~~~~~~~
ops : R,R
head:           v (first-r)
tape: @1x0x1x1~~z~r~~~~~~~~~~
ops : R,R
head:             v (first-r)
tape: @1x0x1x1~~z~r~~~~~~~~~~
