1 0 P0,R 1
1 1 P1,R 1
1 C PC,R 2
1 L PL,R 1
1 R PR,R 1
1 c Pc,R 1
10 0 P0,L 9
10 1 P1,L 9
10 L PL,L 9
10 R PR,L 9
10 c Pc,L 11
11 0 P0,L 9
11 1 P1,L 9
11 L PL,L 9
11 R PR,L 9
11 c Pc,R 12
12 c Pc,R 13
13 c PC,R 14
14 0 P0,R 14
14 1 P1,R 14
14 3 P1,R 15
14 L PL,R 14
14 R PR,R 14
14 c Pc,R 14
15 1 P3,L 16
15 L PL,R 25
15 R PR,R 26
16 0 P0,L 16
16 1 P1,L 16
16 C Pc,R 17
16 L PL,L 16
16 R PR,L 16
16 c Pc,L 16
17 0 P0,R 17
17 1 P1,R 17
17 3 P3,R 22
17 L PL,R 17
17 R PR,R 17
17 c Pc,R 18
18 0 P0,R 17
18 1 P1,R 17
18 3 P3,R 22
18 L PL,R 17
18 R PR,R 17
18 c PC,R 19
19 0 P0,R 19
19 1 P1,R 19
19 3 P1,R 15
19 L PL,R 19
19 R PR,R 19
19 c Pc,R 19
2 0 P0,R 2
2 1 P1,R 2
2 2 P2,L 4
2 3 P3,L 5
2 B PB,L 3
2 L PL,R 2
2 R PR,R 2
2 c Pc,R 2
20 1 P3,R 21
20 L PL,R 25
20 R PR,R 26
21 0 P0,R 21
21 1 P1,R 21
21 C Pc,R 22
21 L PL,R 21
21 R PR,R 21
21 c Pc,R 21
22 0 P0,R 22
22 1 P1,R 22
22 L PL,R 22
22 R PR,R 22
22 c Pc,R 23
23 0 P0,R 22
23 1 P1,R 22
23 L PL,R 22
23 R PR,R 22
23 c PC,L 24
24 0 P0,L 24
24 1 P1,L 24
24 3 P1,R 20
24 L PL,L 24
24 R PR,L 24
24 c Pc,L 24
25 0 P0,R 27
25 1 P1,R 28
26 0 P0,R 29
26 1 P1,R 30
27 0 P0,R 27
27 1 P1,R 27
27 2 P0,L 31
27 3 P0,L 31
27 B P0,L 31
27 C PC,R 27
27 L PL,R 27
27 R PR,R 27
27 c Pc,R 27
28 0 P0,R 28
28 1 P1,R 28
28 2 P1,L 31
28 3 P1,L 31
28 B P1,L 31
28 C PC,R 28
28 L PL,R 28
28 R PR,R 28
28 c Pc,R 28
29 0 P0,R 29
29 1 P1,R 29
29 2 P0,R 31
29 3 P0,R 31
29 B P0,R 31
29 C PC,R 29
29 L PL,R 29
29 R PR,R 29
29 c Pc,R 29
3 0 P0,L 3
3 1 P1,L 3
3 C Pc,R 6
3 L PL,L 3
3 R PR,L 3
3 c Pc,L 3
30 0 P0,R 30
30 1 P1,R 30
30 2 P1,R 31
30 3 P1,R 31
30 B P1,R 31
30 C PC,R 30
30 L PL,R 30
30 R PR,R 30
30 c Pc,R 30
31 0 P2,L 4
31 1 P3,L 5
31 ~ PB,L 3
32 0 P0,L 32
32 1 P1,L 32
32 L PL,L 32
32 R PR,L 32
32 c Pc,L 33
33 0 P0,L 32
33 1 P1,L 32
33 L PL,L 32
33 R PR,L 32
33 c Pc,R 34
34 c Pc,R 35
35 0 P0,R 36
36 c Pc,R 37
37 0 P0,R 38
38 c Pc,R 39
39 0 P0,R 40
4 0 P0,L 4
4 1 P1,L 4
4 C Pc,R 7
4 L PL,L 4
4 R PR,L 4
4 c Pc,L 4
5 0 P0,L 5
5 1 P1,L 5
5 C Pc,R 8
5 L PL,L 5
5 R PR,L 5
5 c Pc,L 5
6 0 P0,L 32
6 1 P3,L 9
7 0 P0,R 7
7 1 P1,R 7
7 L PL,R 7
7 R PR,R 7
7 c Pc,R 6
8 0 P0,R 8
8 1 P1,R 8
8 L PL,R 8
8 R PR,R 8
8 c Pc,R 7
9 0 P0,L 9
9 1 P1,L 9
9 L PL,L 9
9 R PR,L 9
9 c Pc,L 10

